2019-03-26__18:49:07 2.01 2.06 2.03 76.89 66.60°C note
2019-03-26__18:49:13 2.01 2.06 2.03 50.50 67.67°C note
2019-03-26__18:49:18 2.01 2.06 2.03 50.99 67.14°C note
2019-03-26__18:49:24 2.01 2.06 2.02 50.26 66.60°C note
2019-03-26__18:49:29 2.01 2.06 2.02 51.24 66.60°C note
2019-03-26__18:49:35 2.01 2.06 2.02 50.50 66.60°C note
2019-03-26__18:49:40 2.01 2.05 2.02 50.99 66.60°C note
2019-03-26__18:49:46 2.01 2.05 2.02 51.46 66.60°C note
2019-03-26__18:49:52 2.00 2.05 2.02 50.97 66.60°C note
2019-03-26__18:49:57 2.00 2.05 2.02 53.66 66.60°C note
2019-03-26__18:53:01 2.00 2.02 2.00 82.63 67.14°C note
2019-03-26__18:53:07 2.00 2.02 2.00 50.74 67.14°C note
2019-03-26__18:53:12 2.00 2.02 2.00 50.74 67.67°C note
2019-03-26__18:53:18 2.00 2.02 2.00 50.99 67.67°C note
2019-03-26__18:53:23 2.00 2.02 2.00 50.74 66.60°C note
2019-03-26__18:53:29 2.00 2.02 2.00 50.74 67.67°C note
2019-03-26__18:53:35 2.00 2.02 2.00 52.71 67.67°C note
2019-03-26__18:53:40 2.00 2.02 2.00 50.99 66.60°C note
2019-03-26__18:53:46 2.00 2.02 2.00 50.50 66.60°C note
2019-03-26__18:53:51 2.00 2.02 2.00 52.95 66.60°C note
2019-03-26__18:53:57 2.00 2.02 2.00 50.50 66.60°C note
2019-03-26__18:54:02 2.00 2.02 2.00 59.12 67.67°C note
2019-03-26__18:54:08 2.00 2.02 2.00 50.50 67.14°C note
2019-03-26__18:54:14 2.00 2.01 2.00 50.74 67.14°C note
2019-03-26__18:54:19 2.00 2.01 2.00 57.57 66.60°C note
2019-03-26__18:54:25 2.00 2.01 2.00 55.67 67.14°C note
2019-03-26__18:54:30 2.00 2.01 2.00 50.99 66.60°C note
2019-03-26__18:54:36 2.00 2.01 2.00 52.98 66.60°C note
2019-03-26__18:54:41 2.00 2.01 2.00 50.74 67.67°C note
2019-03-26__18:54:47 2.00 2.01 2.00 52.98 66.60°C note
2019-03-26__19:38:27 2.14 2.10 2.05 79.54 67.14°C note
2019-03-26__19:38:32 2.12 2.10 2.05 51.45 66.60°C note
2019-03-26__19:38:38 2.11 2.10 2.05 50.99 66.60°C note
2019-03-26__19:38:43 2.10 2.10 2.05 50.74 66.06°C note
2019-03-26__19:38:49 2.10 2.10 2.05 50.74 67.14°C note
2019-03-26__19:38:55 2.09 2.09 2.05 51.73 66.60°C note
2019-03-26__19:39:00 2.08 2.09 2.05 50.50 66.60°C note
2019-03-26__19:39:06 2.07 2.09 2.05 50.74 66.60°C note
2019-03-26__19:39:11 2.07 2.09 2.05 50.99 66.60°C note
2019-03-26__19:39:17 2.06 2.08 2.05 53.44 66.60°C note
2019-03-26__19:39:22 2.05 2.08 2.04 50.74 67.14°C note
2019-03-26__19:39:28 2.05 2.08 2.04 57.72 67.67°C note
2019-03-26__19:39:34 2.04 2.08 2.04 50.74 66.60°C note
2019-03-26__19:39:39 2.04 2.08 2.04 50.50 66.60°C note
2019-03-26__19:39:45 2.04 2.08 2.04 50.50 66.60°C note
2019-03-26__19:42:08 2.17 2.14 2.07 75.63 66.60°C note
2019-03-26__19:42:14 2.16 2.14 2.07 51.48 67.67°C note
2019-03-26__19:42:19 2.15 2.14 2.07 52.69 67.67°C note
2019-03-26__19:42:25 2.13 2.13 2.07 51.48 66.60°C note
2019-03-26__19:42:30 2.12 2.13 2.07 51.22 67.67°C note
2019-03-26__19:42:36 2.11 2.13 2.07 51.68 66.60°C note
2019-03-26__19:42:42 2.10 2.13 2.07 50.00 67.67°C note
2019-03-26__19:42:47 2.09 2.12 2.07 50.50 66.60°C note
2019-03-26__19:42:53 2.08 2.12 2.07 50.74 66.60°C note
2019-03-26__19:42:58 2.07 2.12 2.07 53.44 66.60°C note
2019-03-26__19:43:04 2.15 2.13 2.07 50.74 66.60°C note
2019-03-26__19:43:09 2.14 2.13 2.07 56.59 67.14°C note
2019-03-26__19:43:15 2.12 2.13 2.07 51.24 67.14°C note
2019-03-26__19:43:21 2.11 2.12 2.07 50.74 67.14°C note
2019-03-26__19:43:26 2.10 2.12 2.07 50.74 67.14°C note
2019-03-26__19:43:32 2.10 2.12 2.07 50.74 66.60°C note
2019-03-26__19:43:37 2.08 2.12 2.07 51.70 67.14°C note
2019-03-26__19:43:43 2.07 2.11 2.07 52.20 67.67°C note
2019-03-26__19:43:48 2.07 2.11 2.07 52.20 66.60°C note
2019-03-26__19:43:54 2.06 2.11 2.07 54.11 67.14°C note
2019-03-26__19:44:00 2.06 2.11 2.07 50.74 67.14°C note
2019-03-26__19:44:05 2.05 2.11 2.07 50.74 67.14°C note
2019-03-26__19:44:11 2.05 2.10 2.07 50.74 67.67°C note
2019-03-26__19:44:16 2.04 2.10 2.07 50.74 66.60°C note
2019-03-26__19:44:22 2.04 2.10 2.07 50.99 66.60°C note
2019-03-26__19:44:27 2.03 2.10 2.07 50.99 66.60°C note
2019-03-26__19:44:33 2.03 2.09 2.06 50.50 67.14°C note
2019-03-26__19:44:39 2.03 2.09 2.06 58.34 67.14°C note
2019-03-26__19:44:44 2.02 2.09 2.06 65.52 67.14°C note
2019-03-26__19:44:50 2.02 2.09 2.06 51.24 67.67°C note
2019-03-26__19:52:19 2.06 2.07 2.05 75.50 67.14°C note
2019-03-26__19:52:24 2.05 2.07 2.05 52.74 67.14°C note
2019-03-26__19:52:30 2.05 2.07 2.05 50.50 67.14°C note
2019-03-26__19:52:35 2.04 2.07 2.05 50.50 66.60°C note
2019-03-26__19:52:41 2.04 2.07 2.05 51.21 66.60°C note
2019-03-26__19:52:47 2.04 2.07 2.05 52.71 67.67°C note
2019-03-26__19:52:52 2.03 2.07 2.05 51.49 67.67°C note
2019-03-26__19:52:58 2.03 2.06 2.05 51.20 67.14°C note
2019-03-26__19:53:03 2.02 2.06 2.05 50.25 67.67°C note
2019-03-26__19:53:09 2.02 2.06 2.05 52.50 67.67°C note
2019-03-26__19:53:14 2.02 2.06 2.05 52.46 67.67°C note
2019-03-26__19:53:20 2.02 2.06 2.05 57.43 67.67°C note
2019-03-26__19:53:26 2.02 2.06 2.05 50.74 67.67°C note
2019-03-26__19:53:31 2.02 2.06 2.05 50.74 67.67°C note
2019-03-26__19:53:37 2.01 2.05 2.05 50.74 67.14°C note
2019-03-26__19:53:42 2.09 2.07 2.05 50.74 67.67°C note
2019-03-26__19:53:48 2.08 2.07 2.05 50.25 67.14°C note
2019-03-26__19:53:53 2.07 2.07 2.05 71.65 67.67°C note
2019-03-26__19:53:59 2.07 2.06 2.05 50.50 67.67°C note
2019-03-26__19:54:05 2.06 2.06 2.05 53.21 66.60°C note
2019-03-26__19:54:10 2.06 2.06 2.05 50.74 67.67°C note
2019-03-26__19:54:16 2.05 2.06 2.05 50.99 66.60°C note
2019-03-26__19:54:21 2.05 2.06 2.05 50.74 67.67°C note
2019-03-26__19:54:27 2.04 2.06 2.05 50.74 66.60°C note
2019-03-26__19:54:32 2.04 2.06 2.05 50.99 67.14°C note
2019-03-26__19:54:38 2.04 2.06 2.05 50.74 67.67°C note
2019-03-26__19:54:44 2.03 2.05 2.05 50.74 67.14°C note
2019-03-26__19:54:49 2.03 2.05 2.05 50.74 67.14°C note
2019-03-26__19:54:55 2.02 2.05 2.04 55.95 67.14°C note
2019-03-26__19:55:00 2.02 2.05 2.04 53.21 67.67°C note
2019-03-26__19:55:06 2.02 2.05 2.04 59.03 67.67°C note
2019-03-26__19:55:11 2.02 2.05 2.04 50.50 67.67°C note
2019-03-26__19:55:17 2.02 2.05 2.04 51.97 66.60°C note
2019-03-26__19:55:23 2.02 2.05 2.04 51.93 67.67°C note
2019-03-26__19:55:28 2.01 2.05 2.04 50.50 68.21°C note
2019-03-26__19:55:34 2.01 2.04 2.04 50.74 67.67°C note
2019-03-26__19:55:39 2.01 2.04 2.04 51.73 67.14°C note
2019-03-26__19:55:45 2.01 2.04 2.04 50.74 67.14°C note
2019-03-26__19:55:50 2.01 2.04 2.04 53.21 67.14°C note
2019-03-26__19:55:56 2.01 2.04 2.04 50.74 67.67°C note
2019-03-26__19:56:02 2.01 2.04 2.04 57.64 67.67°C note
2019-03-26__19:56:07 2.01 2.04 2.04 75.63 67.14°C note
2019-03-26__19:56:13 2.00 2.04 2.04 50.99 67.14°C note
2019-03-26__19:56:18 2.00 2.04 2.04 52.22 66.60°C note
2019-03-26__19:56:24 2.00 2.03 2.04 52.64 67.14°C note
2019-03-26__19:56:29 2.00 2.03 2.04 50.50 67.67°C note
2019-03-26__19:56:35 2.00 2.03 2.04 50.50 67.67°C note
2019-03-26__19:56:40 2.00 2.03 2.03 52.95 67.14°C note
2019-03-26__19:56:46 2.00 2.03 2.03 50.74 66.60°C note
2019-03-26__19:56:52 2.08 2.05 2.04 50.50 67.67°C note
2019-03-26__19:56:57 2.24 2.08 2.05 50.74 67.67°C note
2019-03-26__19:57:03 2.22 2.08 2.05 50.74 67.67°C note
2019-03-26__19:57:08 2.20 2.08 2.05 56.29 66.60°C note
2019-03-26__19:57:14 2.17 2.07 2.05 53.70 67.67°C note
2019-03-26__19:57:19 2.15 2.07 2.05 51.00 67.14°C note
2019-03-26__19:57:25 2.38 2.12 2.06 52.48 67.67°C note
2019-03-26__19:57:31 2.35 2.12 2.06 50.50 67.14°C note
2019-03-26__19:57:36 2.32 2.12 2.06 52.98 67.67°C note
2019-03-26__19:57:42 2.30 2.11 2.06 50.99 66.60°C note
2019-03-26__19:57:47 2.27 2.11 2.06 50.74 67.14°C note
2019-03-26__19:58:16 2.16 2.10 2.06 77.62 67.67°C note
2019-03-26__19:58:21 2.15 2.10 2.06 50.74 66.60°C note
2019-03-26__19:58:27 2.14 2.10 2.06 50.74 66.60°C note
2019-03-26__19:58:33 2.13 2.09 2.06 50.74 66.60°C note
2019-03-26__19:58:38 2.12 2.09 2.06 50.74 66.60°C note
2019-03-26__19:58:44 2.10 2.09 2.06 50.74 66.60°C note
2019-03-26__19:58:49 2.09 2.09 2.06 50.50 67.67°C note
2019-03-26__19:58:55 2.08 2.08 2.06 50.99 67.67°C note
2019-03-26__19:59:00 2.08 2.08 2.05 50.74 67.14°C note
2019-03-26__19:59:06 2.07 2.08 2.05 53.66 67.14°C note
2019-03-26__19:59:12 2.06 2.08 2.05 50.74 67.67°C note
2019-03-26__19:59:17 2.06 2.08 2.05 59.12 67.14°C note
2019-03-26__19:59:23 2.05 2.08 2.05 50.00 67.14°C note
2019-03-26__19:59:28 2.05 2.08 2.05 50.74 67.67°C note
2019-03-26__19:59:34 2.04 2.07 2.05 50.74 67.14°C note
2019-03-26__19:59:39 2.04 2.07 2.05 50.50 66.60°C note
2019-03-26__19:59:45 2.03 2.07 2.05 50.50 66.60°C note
2019-03-26__19:59:51 2.03 2.07 2.05 50.74 66.60°C note
2019-03-26__19:59:56 2.03 2.07 2.05 50.50 66.60°C note
2019-03-26__20:00:02 2.03 2.07 2.05 52.95 66.60°C note
2019-03-26__20:00:07 2.02 2.06 2.05 62.19 66.60°C note
2019-03-26__20:00:13 2.02 2.06 2.05 50.74 67.14°C note
2019-03-26__20:00:18 2.02 2.06 2.05 50.74 67.67°C note
2019-03-26__20:00:24 2.02 2.06 2.05 50.50 66.60°C note
2019-03-26__20:00:30 2.02 2.06 2.05 50.74 66.60°C note
2019-03-26__20:00:35 2.01 2.06 2.05 50.99 66.60°C note
2019-03-26__20:00:41 2.01 2.06 2.04 50.74 66.60°C note
2019-03-26__20:00:46 2.01 2.05 2.04 50.74 66.60°C note
2019-03-26__20:00:52 2.17 2.09 2.06 53.89 67.67°C note
2019-03-26__20:00:57 2.16 2.09 2.05 50.26 66.60°C note
2019-03-26__20:01:03 2.14 2.08 2.05 50.74 67.67°C note
2019-03-26__20:01:09 2.13 2.08 2.05 50.99 67.14°C note
2019-03-26__20:01:14 2.11 2.08 2.05 50.99 67.14°C note
2019-03-26__20:01:20 2.18 2.10 2.06 50.74 67.67°C note
2019-03-26__20:01:25 2.17 2.09 2.06 50.74 66.60°C note
2019-03-26__20:01:31 2.15 2.09 2.06 51.48 67.14°C note
2019-03-26__20:01:36 2.14 2.09 2.06 50.74 66.60°C note
2019-03-26__20:01:42 2.13 2.09 2.06 50.74 66.60°C note
2019-03-26__20:01:48 2.12 2.09 2.06 53.24 67.14°C note
2019-03-26__20:01:53 2.11 2.08 2.06 51.00 67.67°C note
2019-03-26__20:01:59 2.10 2.08 2.05 50.74 67.14°C note
2019-03-26__20:02:04 2.08 2.08 2.05 51.97 66.60°C note
2019-03-26__20:02:10 2.08 2.08 2.05 51.00 66.60°C note
2019-03-26__20:02:15 2.07 2.08 2.05 50.74 66.60°C note
2019-03-26__20:02:21 2.07 2.08 2.05 50.74 67.67°C note
2019-03-26__20:02:27 2.06 2.07 2.05 51.24 66.60°C note
2019-03-26__20:02:32 2.06 2.07 2.05 50.99 66.60°C note
2019-03-26__20:02:38 2.05 2.07 2.05 52.89 67.14°C note
2019-03-26__20:02:43 2.05 2.07 2.05 50.74 66.60°C note
2019-03-26__20:02:49 2.04 2.07 2.05 51.70 66.60°C note
2019-03-26__20:04:24 2.18 2.10 2.06 81.78 67.67°C note
2019-03-26__20:04:30 2.45 2.17 2.08 51.22 67.67°C note
2019-03-26__20:04:35 2.57 2.20 2.10 50.99 67.67°C note
2019-03-26__20:04:41 2.53 2.19 2.09 50.74 67.67°C note
2019-03-26__20:04:47 2.48 2.19 2.09 50.50 67.14°C note
2019-03-26__20:04:52 2.44 2.19 2.09 50.50 67.67°C note
2019-03-26__20:04:58 2.41 2.18 2.09 51.45 67.67°C note
2019-03-26__20:05:03 2.38 2.18 2.09 50.50 67.67°C note
2019-03-26__20:05:09 2.35 2.18 2.09 50.74 67.14°C note
2019-03-26__20:05:14 2.32 2.17 2.09 55.45 66.60°C note
2019-03-26__20:05:20 2.34 2.18 2.09 50.74 67.67°C note
2019-03-26__20:05:26 2.39 2.20 2.10 58.92 67.67°C note
2019-03-26__20:05:31 2.36 2.19 2.10 50.00 67.14°C note
2019-03-26__20:05:37 2.33 2.19 2.10 50.74 67.14°C note
2019-03-26__20:05:42 2.31 2.19 2.10 50.74 66.60°C note
2019-03-26__20:05:48 2.28 2.18 2.10 50.74 67.14°C note
2019-03-26__20:05:53 2.26 2.18 2.09 51.21 67.14°C note
2019-03-26__20:05:59 2.24 2.18 2.09 50.74 67.14°C note
2019-03-26__20:06:05 2.38 2.21 2.10 52.22 66.60°C note
2019-03-26__20:06:10 2.39 2.22 2.11 50.99 67.14°C note
2019-03-26__20:06:16 2.36 2.21 2.11 51.46 67.67°C note
2019-03-26__20:06:21 2.33 2.21 2.11 50.50 67.14°C note
2019-03-26__20:06:27 2.39 2.22 2.11 50.74 67.67°C note
2019-03-26__20:06:32 2.36 2.22 2.11 50.74 67.67°C note
2019-03-26__20:06:38 2.33 2.21 2.11 50.99 67.67°C note
2019-03-26__20:06:44 2.30 2.21 2.11 50.74 67.67°C note
2019-03-26__20:06:49 2.28 2.21 2.11 50.99 67.14°C note
2019-03-26__20:06:55 2.33 2.22 2.11 52.69 67.14°C note
2019-03-26__20:07:00 2.28 2.21 2.11 50.74 67.67°C note
2019-03-26__20:07:06 2.26 2.21 2.11 50.74 67.67°C note
2019-03-31__15:23:40 0.02 0.04 0.00 10.20 49.38°C normal
2019-03-31__15:23:46 0.02 0.03 0.00 1.47 49.38°C normal
2019-03-31__15:23:52 0.02 0.03 0.00 0.50 49.38°C normal
2019-03-31__15:23:57 0.02 0.03 0.00 0.98 49.38°C normal
2019-03-31__15:24:03 0.02 0.03 0.00 1.93 49.38°C normal
2019-03-31__15:24:09 0.01 0.03 0.00 0.98 49.38°C normal
2019-03-31__15:24:14 0.01 0.03 0.00 1.95 49.38°C normal
2019-03-31__15:24:20 0.01 0.03 0.00 0.49 48.85°C normal
2019-03-31__15:24:25 0.01 0.03 0.00 1.45 49.38°C normal
2019-03-31__15:24:31 0.01 0.03 0.00 5.40 49.38°C normal
2019-03-31__15:24:37 0.01 0.03 0.00 0.49 49.38°C normal
2019-03-31__15:24:42 0.01 0.03 0.00 1.45 49.92°C normal
2019-03-31__15:24:48 0.01 0.03 0.00 0.98 49.38°C normal
2019-03-31__15:24:54 0.00 0.03 0.00 1.46 49.38°C normal
2019-03-31__15:24:59 0.00 0.02 0.00 1.46 50.46°C note
2019-03-31__15:25:05 0.00 0.02 0.00 2.41 49.38°C normal
2019-03-31__15:25:10 0.08 0.04 0.00 7.85 49.38°C normal
2019-03-31__15:25:16 0.07 0.04 0.00 0.98 49.38°C normal
2019-03-31__15:25:22 0.06 0.04 0.00 6.77 49.38°C normal
2019-03-31__15:25:27 0.06 0.04 0.00 0.49 49.92°C normal
2019-03-31__15:26:04 0.10 0.05 0.01 8.87 49.38°C normal
2019-03-31__15:26:09 0.09 0.05 0.01 1.93 49.38°C normal
2019-03-31__15:26:15 0.08 0.05 0.00 1.92 49.38°C normal
2019-03-31__15:26:20 0.07 0.04 0.00 2.39 49.38°C normal
2019-03-31__15:26:26 0.07 0.04 0.00 1.45 48.85°C normal
2019-03-31__15:26:32 0.06 0.04 0.00 1.45 49.38°C normal
2019-03-31__15:26:37 0.06 0.04 0.00 0.49 49.38°C normal
2019-03-31__15:26:43 0.05 0.04 0.00 0.49 49.38°C normal
2019-03-31__15:26:49 0.05 0.04 0.00 1.46 48.85°C normal
2019-03-31__15:26:54 0.04 0.04 0.00 5.40 48.85°C normal
2019-03-31__15:27:00 0.04 0.04 0.00 0.50 48.85°C normal
2019-03-31__15:27:05 0.03 0.03 0.00 0.50 49.38°C normal
2019-03-31__15:27:11 0.03 0.03 0.00 1.93 49.38°C normal
2019-03-31__15:27:17 0.03 0.03 0.00 2.41 49.38°C normal
2019-03-31__15:27:22 0.02 0.03 0.00 1.46 49.38°C normal
2019-03-31__15:27:28 0.02 0.03 0.00 0.49 49.38°C normal
2019-03-31__15:27:33 0.02 0.03 0.00 14.98 49.38°C normal
2019-03-31__15:27:39 0.02 0.03 0.00 0.50 49.38°C normal
2019-03-31__15:27:45 0.02 0.03 0.00 7.15 49.38°C normal
2019-03-31__15:27:50 0.01 0.03 0.00 3.81 49.38°C normal
2019-03-31__15:27:56 0.01 0.03 0.00 0.49 49.38°C normal
2019-03-31__15:28:02 0.17 0.06 0.01 1.46 49.38°C normal
2019-03-31__15:28:07 0.16 0.06 0.01 1.95 49.38°C normal
2019-03-31__15:28:13 0.14 0.06 0.01 1.46 49.38°C normal
2019-03-31__15:28:18 0.13 0.06 0.01 1.46 49.38°C normal
2019-03-26__18:49:07 2.01 2.06 2.03 76.89 66.60°C note
2019-03-26__18:49:13 2.01 2.06 2.03 50.50 67.67°C note
2019-03-26__18:49:18 2.01 2.06 2.03 50.99 67.14°C note
2019-03-26__18:49:24 2.01 2.06 2.02 50.26 66.60°C note
2019-03-26__18:49:29 2.01 2.06 2.02 51.24 66.60°C note
2019-03-26__18:49:35 2.01 2.06 2.02 50.50 66.60°C note
2019-03-26__18:49:40 2.01 2.05 2.02 50.99 66.60°C note
2019-03-26__18:49:46 2.01 2.05 2.02 51.46 66.60°C note
2019-03-26__18:49:52 2.00 2.05 2.02 50.97 66.60°C note
2019-03-26__18:49:57 2.00 2.05 2.02 53.66 66.60°C note
2019-03-26__18:53:01 2.00 2.02 2.00 82.63 67.14°C note
2019-03-26__18:53:07 2.00 2.02 2.00 50.74 67.14°C note
2019-03-26__18:53:12 2.00 2.02 2.00 50.74 67.67°C note
2019-03-26__18:53:18 2.00 2.02 2.00 50.99 67.67°C note
2019-03-26__18:53:23 2.00 2.02 2.00 50.74 66.60°C note
2019-03-26__18:53:29 2.00 2.02 2.00 50.74 67.67°C note
2019-03-26__18:53:35 2.00 2.02 2.00 52.71 67.67°C note
2019-03-26__18:53:40 2.00 2.02 2.00 50.99 66.60°C note
2019-03-26__18:53:46 2.00 2.02 2.00 50.50 66.60°C note
2019-03-26__18:53:51 2.00 2.02 2.00 52.95 66.60°C note
2019-03-26__18:53:57 2.00 2.02 2.00 50.50 66.60°C note
2019-03-26__18:54:02 2.00 2.02 2.00 59.12 67.67°C note
2019-03-26__18:54:08 2.00 2.02 2.00 50.50 67.14°C note
2019-03-26__18:54:14 2.00 2.01 2.00 50.74 67.14°C note
2019-03-26__18:54:19 2.00 2.01 2.00 57.57 66.60°C note
2019-03-26__18:54:25 2.00 2.01 2.00 55.67 67.14°C note
2019-03-26__18:54:30 2.00 2.01 2.00 50.99 66.60°C note
2019-03-26__18:54:36 2.00 2.01 2.00 52.98 66.60°C note
2019-03-26__18:54:41 2.00 2.01 2.00 50.74 67.67°C note
2019-03-26__18:54:47 2.00 2.01 2.00 52.98 66.60°C note
2019-03-26__19:38:27 2.14 2.10 2.05 79.54 67.14°C note
2019-03-26__19:38:32 2.12 2.10 2.05 51.45 66.60°C note
2019-03-26__19:38:38 2.11 2.10 2.05 50.99 66.60°C note
2019-03-26__19:38:43 2.10 2.10 2.05 50.74 66.06°C note
2019-03-26__19:38:49 2.10 2.10 2.05 50.74 67.14°C note
2019-03-26__19:38:55 2.09 2.09 2.05 51.73 66.60°C note
2019-03-26__19:39:00 2.08 2.09 2.05 50.50 66.60°C note
2019-03-26__19:39:06 2.07 2.09 2.05 50.74 66.60°C note
2019-03-26__19:39:11 2.07 2.09 2.05 50.99 66.60°C note
2019-03-26__19:39:17 2.06 2.08 2.05 53.44 66.60°C note
2019-03-26__19:39:22 2.05 2.08 2.04 50.74 67.14°C note
2019-03-26__19:39:28 2.05 2.08 2.04 57.72 67.67°C note
2019-03-26__19:39:34 2.04 2.08 2.04 50.74 66.60°C note
2019-03-26__19:39:39 2.04 2.08 2.04 50.50 66.60°C note
2019-03-26__19:39:45 2.04 2.08 2.04 50.50 66.60°C note
2019-03-26__19:42:08 2.17 2.14 2.07 75.63 66.60°C note
2019-03-26__19:42:14 2.16 2.14 2.07 51.48 67.67°C note
2019-03-26__19:42:19 2.15 2.14 2.07 52.69 67.67°C note
2019-03-26__19:42:25 2.13 2.13 2.07 51.48 66.60°C note
2019-03-26__19:42:30 2.12 2.13 2.07 51.22 67.67°C note
2019-03-26__19:42:36 2.11 2.13 2.07 51.68 66.60°C note
2019-03-26__19:42:42 2.10 2.13 2.07 50.00 67.67°C note
2019-03-26__19:42:47 2.09 2.12 2.07 50.50 66.60°C note
2019-03-26__19:42:53 2.08 2.12 2.07 50.74 66.60°C note
2019-03-26__19:42:58 2.07 2.12 2.07 53.44 66.60°C note
2019-03-26__19:43:04 2.15 2.13 2.07 50.74 66.60°C note
2019-03-26__19:43:09 2.14 2.13 2.07 56.59 67.14°C note
2019-03-26__19:43:15 2.12 2.13 2.07 51.24 67.14°C note
2019-03-26__19:43:21 2.11 2.12 2.07 50.74 67.14°C note
2019-03-26__19:43:26 2.10 2.12 2.07 50.74 67.14°C note
2019-03-26__19:43:32 2.10 2.12 2.07 50.74 66.60°C note
2019-03-26__19:43:37 2.08 2.12 2.07 51.70 67.14°C note
2019-03-26__19:43:43 2.07 2.11 2.07 52.20 67.67°C note
2019-03-26__19:43:48 2.07 2.11 2.07 52.20 66.60°C note
2019-03-26__19:43:54 2.06 2.11 2.07 54.11 67.14°C note
2019-03-26__19:44:00 2.06 2.11 2.07 50.74 67.14°C note
2019-03-26__19:44:05 2.05 2.11 2.07 50.74 67.14°C note
2019-03-26__19:44:11 2.05 2.10 2.07 50.74 67.67°C note
2019-03-26__19:44:16 2.04 2.10 2.07 50.74 66.60°C note
2019-03-26__19:44:22 2.04 2.10 2.07 50.99 66.60°C note
2019-03-26__19:44:27 2.03 2.10 2.07 50.99 66.60°C note
2019-03-26__19:44:33 2.03 2.09 2.06 50.50 67.14°C note
2019-03-26__19:44:39 2.03 2.09 2.06 58.34 67.14°C note
2019-03-26__19:44:44 2.02 2.09 2.06 65.52 67.14°C note
2019-03-26__19:44:50 2.02 2.09 2.06 51.24 67.67°C note
2019-03-26__19:52:19 2.06 2.07 2.05 75.50 67.14°C note
2019-03-26__19:52:24 2.05 2.07 2.05 52.74 67.14°C note
2019-03-26__19:52:30 2.05 2.07 2.05 50.50 67.14°C note
2019-03-26__19:52:35 2.04 2.07 2.05 50.50 66.60°C note
2019-03-26__19:52:41 2.04 2.07 2.05 51.21 66.60°C note
2019-03-26__19:52:47 2.04 2.07 2.05 52.71 67.67°C note
2019-03-26__19:52:52 2.03 2.07 2.05 51.49 67.67°C note
2019-03-26__19:52:58 2.03 2.06 2.05 51.20 67.14°C note
2019-03-26__19:53:03 2.02 2.06 2.05 50.25 67.67°C note
2019-03-26__19:53:09 2.02 2.06 2.05 52.50 67.67°C note
2019-03-26__19:53:14 2.02 2.06 2.05 52.46 67.67°C note
2019-03-26__19:53:20 2.02 2.06 2.05 57.43 67.67°C note
2019-03-26__19:53:26 2.02 2.06 2.05 50.74 67.67°C note
2019-03-26__19:53:31 2.02 2.06 2.05 50.74 67.67°C note
2019-03-26__19:53:37 2.01 2.05 2.05 50.74 67.14°C note
2019-03-26__19:53:42 2.09 2.07 2.05 50.74 67.67°C note
2019-03-26__19:53:48 2.08 2.07 2.05 50.25 67.14°C note
2019-03-26__19:53:53 2.07 2.07 2.05 71.65 67.67°C note
2019-03-26__19:53:59 2.07 2.06 2.05 50.50 67.67°C note
2019-03-26__19:54:05 2.06 2.06 2.05 53.21 66.60°C note
2019-03-26__19:54:10 2.06 2.06 2.05 50.74 67.67°C note
2019-03-26__19:54:16 2.05 2.06 2.05 50.99 66.60°C note
2019-03-26__19:54:21 2.05 2.06 2.05 50.74 67.67°C note
2019-03-26__19:54:27 2.04 2.06 2.05 50.74 66.60°C note
2019-03-26__19:54:32 2.04 2.06 2.05 50.99 67.14°C note
2019-03-26__19:54:38 2.04 2.06 2.05 50.74 67.67°C note
2019-03-26__19:54:44 2.03 2.05 2.05 50.74 67.14°C note
2019-03-26__19:54:49 2.03 2.05 2.05 50.74 67.14°C note
2019-03-26__19:54:55 2.02 2.05 2.04 55.95 67.14°C note
2019-03-26__19:55:00 2.02 2.05 2.04 53.21 67.67°C note
2019-03-26__19:55:06 2.02 2.05 2.04 59.03 67.67°C note
2019-03-26__19:55:11 2.02 2.05 2.04 50.50 67.67°C note
2019-03-26__19:55:17 2.02 2.05 2.04 51.97 66.60°C note
2019-03-26__19:55:23 2.02 2.05 2.04 51.93 67.67°C note
2019-03-26__19:55:28 2.01 2.05 2.04 50.50 68.21°C note
2019-03-26__19:55:34 2.01 2.04 2.04 50.74 67.67°C note
2019-03-26__19:55:39 2.01 2.04 2.04 51.73 67.14°C note
2019-03-26__19:55:45 2.01 2.04 2.04 50.74 67.14°C note
2019-03-26__19:55:50 2.01 2.04 2.04 53.21 67.14°C note
2019-03-26__19:55:56 2.01 2.04 2.04 50.74 67.67°C note
2019-03-26__19:56:02 2.01 2.04 2.04 57.64 67.67°C note
2019-03-26__19:56:07 2.01 2.04 2.04 75.63 67.14°C note
2019-03-26__19:56:13 2.00 2.04 2.04 50.99 67.14°C note
2019-03-26__19:56:18 2.00 2.04 2.04 52.22 66.60°C note
2019-03-26__19:56:24 2.00 2.03 2.04 52.64 67.14°C note
2019-03-26__19:56:29 2.00 2.03 2.04 50.50 67.67°C note
2019-03-26__19:56:35 2.00 2.03 2.04 50.50 67.67°C note
2019-03-26__19:56:40 2.00 2.03 2.03 52.95 67.14°C note
2019-03-26__19:56:46 2.00 2.03 2.03 50.74 66.60°C note
2019-03-26__19:56:52 2.08 2.05 2.04 50.50 67.67°C note
2019-03-26__19:56:57 2.24 2.08 2.05 50.74 67.67°C note
2019-03-26__19:57:03 2.22 2.08 2.05 50.74 67.67°C note
2019-03-26__19:57:08 2.20 2.08 2.05 56.29 66.60°C note
2019-03-26__19:57:14 2.17 2.07 2.05 53.70 67.67°C note
2019-03-26__19:57:19 2.15 2.07 2.05 51.00 67.14°C note
2019-03-26__19:57:25 2.38 2.12 2.06 52.48 67.67°C note
2019-03-26__19:57:31 2.35 2.12 2.06 50.50 67.14°C note
2019-03-26__19:57:36 2.32 2.12 2.06 52.98 67.67°C note
2019-03-26__19:57:42 2.30 2.11 2.06 50.99 66.60°C note
2019-03-26__19:57:47 2.27 2.11 2.06 50.74 67.14°C note
2019-03-26__19:58:16 2.16 2.10 2.06 77.62 67.67°C note
2019-03-26__19:58:21 2.15 2.10 2.06 50.74 66.60°C note
2019-03-26__19:58:27 2.14 2.10 2.06 50.74 66.60°C note
2019-03-26__19:58:33 2.13 2.09 2.06 50.74 66.60°C note
2019-03-26__19:58:38 2.12 2.09 2.06 50.74 66.60°C note
2019-03-26__19:58:44 2.10 2.09 2.06 50.74 66.60°C note
2019-03-26__19:58:49 2.09 2.09 2.06 50.50 67.67°C note
2019-03-26__19:58:55 2.08 2.08 2.06 50.99 67.67°C note
2019-03-26__19:59:00 2.08 2.08 2.05 50.74 67.14°C note
2019-03-26__19:59:06 2.07 2.08 2.05 53.66 67.14°C note
2019-03-26__19:59:12 2.06 2.08 2.05 50.74 67.67°C note
2019-03-26__19:59:17 2.06 2.08 2.05 59.12 67.14°C note
2019-03-26__19:59:23 2.05 2.08 2.05 50.00 67.14°C note
2019-03-26__19:59:28 2.05 2.08 2.05 50.74 67.67°C note
2019-03-26__19:59:34 2.04 2.07 2.05 50.74 67.14°C note
2019-03-26__19:59:39 2.04 2.07 2.05 50.50 66.60°C note
2019-03-26__19:59:45 2.03 2.07 2.05 50.50 66.60°C note
2019-03-26__19:59:51 2.03 2.07 2.05 50.74 66.60°C note
2019-03-26__19:59:56 2.03 2.07 2.05 50.50 66.60°C note
2019-03-26__20:00:02 2.03 2.07 2.05 52.95 66.60°C note
2019-03-26__20:00:07 2.02 2.06 2.05 62.19 66.60°C note
2019-03-26__20:00:13 2.02 2.06 2.05 50.74 67.14°C note
2019-03-26__20:00:18 2.02 2.06 2.05 50.74 67.67°C note
2019-03-26__20:00:24 2.02 2.06 2.05 50.50 66.60°C note
2019-03-26__20:00:30 2.02 2.06 2.05 50.74 66.60°C note
2019-03-26__20:00:35 2.01 2.06 2.05 50.99 66.60°C note
2019-03-26__20:00:41 2.01 2.06 2.04 50.74 66.60°C note
2019-03-26__20:00:46 2.01 2.05 2.04 50.74 66.60°C note
2019-03-26__20:00:52 2.17 2.09 2.06 53.89 67.67°C note
2019-03-26__20:00:57 2.16 2.09 2.05 50.26 66.60°C note
2019-03-26__20:01:03 2.14 2.08 2.05 50.74 67.67°C note
2019-03-26__20:01:09 2.13 2.08 2.05 50.99 67.14°C note
2019-03-26__20:01:14 2.11 2.08 2.05 50.99 67.14°C note
2019-03-26__20:01:20 2.18 2.10 2.06 50.74 67.67°C note
2019-03-26__20:01:25 2.17 2.09 2.06 50.74 66.60°C note
2019-03-26__20:01:31 2.15 2.09 2.06 51.48 67.14°C note
2019-03-26__20:01:36 2.14 2.09 2.06 50.74 66.60°C note
2019-03-26__20:01:42 2.13 2.09 2.06 50.74 66.60°C note
2019-03-26__20:01:48 2.12 2.09 2.06 53.24 67.14°C note
2019-03-26__20:01:53 2.11 2.08 2.06 51.00 67.67°C note
2019-03-26__20:01:59 2.10 2.08 2.05 50.74 67.14°C note
2019-03-26__20:02:04 2.08 2.08 2.05 51.97 66.60°C note
2019-03-26__20:02:10 2.08 2.08 2.05 51.00 66.60°C note
2019-03-26__20:02:15 2.07 2.08 2.05 50.74 66.60°C note
2019-03-26__20:02:21 2.07 2.08 2.05 50.74 67.67°C note
2019-03-26__20:02:27 2.06 2.07 2.05 51.24 66.60°C note
2019-03-26__20:02:32 2.06 2.07 2.05 50.99 66.60°C note
2019-03-26__20:02:38 2.05 2.07 2.05 52.89 67.14°C note
2019-03-26__20:02:43 2.05 2.07 2.05 50.74 66.60°C note
2019-03-26__20:02:49 2.04 2.07 2.05 51.70 66.60°C note
2019-03-26__20:04:24 2.18 2.10 2.06 81.78 67.67°C note
2019-03-26__20:04:30 2.45 2.17 2.08 51.22 67.67°C note
2019-03-26__20:04:35 2.57 2.20 2.10 50.99 67.67°C note
2019-03-26__20:04:41 2.53 2.19 2.09 50.74 67.67°C note
2019-03-26__20:04:47 2.48 2.19 2.09 50.50 67.14°C note
2019-03-26__20:04:52 2.44 2.19 2.09 50.50 67.67°C note
2019-03-26__20:04:58 2.41 2.18 2.09 51.45 67.67°C note
2019-03-26__20:05:03 2.38 2.18 2.09 50.50 67.67°C note
2019-03-26__20:05:09 2.35 2.18 2.09 50.74 67.14°C note
2019-03-26__20:05:14 2.32 2.17 2.09 55.45 66.60°C note
2019-03-26__20:05:20 2.34 2.18 2.09 50.74 67.67°C note
2019-03-26__20:05:26 2.39 2.20 2.10 58.92 67.67°C note
2019-03-26__20:05:31 2.36 2.19 2.10 50.00 67.14°C note
2019-03-26__20:05:37 2.33 2.19 2.10 50.74 67.14°C note
2019-03-26__20:05:42 2.31 2.19 2.10 50.74 66.60°C note
2019-03-26__20:05:48 2.28 2.18 2.10 50.74 67.14°C note
2019-03-26__20:05:53 2.26 2.18 2.09 51.21 67.14°C note
2019-03-26__20:05:59 2.24 2.18 2.09 50.74 67.14°C note
2019-03-26__20:06:05 2.38 2.21 2.10 52.22 66.60°C note
2019-03-26__20:06:10 2.39 2.22 2.11 50.99 67.14°C note
2019-03-26__20:06:16 2.36 2.21 2.11 51.46 67.67°C note
2019-03-26__20:06:21 2.33 2.21 2.11 50.50 67.14°C note
2019-03-26__20:06:27 2.39 2.22 2.11 50.74 67.67°C note
2019-03-26__20:06:32 2.36 2.22 2.11 50.74 67.67°C note
2019-03-26__20:06:38 2.33 2.21 2.11 50.99 67.67°C note
2019-03-26__20:06:44 2.30 2.21 2.11 50.74 67.67°C note
2019-03-26__20:06:49 2.28 2.21 2.11 50.99 67.14°C note
2019-03-26__20:06:55 2.33 2.22 2.11 52.69 67.14°C note
2019-03-26__20:07:00 2.28 2.21 2.11 50.74 67.67°C note
2019-03-26__20:07:06 2.26 2.21 2.11 50.74 67.67°C note
2019-03-31__15:23:40 0.02 0.04 0.00 10.20 49.38°C normal
2019-03-31__15:23:46 0.02 0.03 0.00 1.47 49.38°C normal
2019-03-31__15:23:52 0.02 0.03 0.00 0.50 49.38°C normal
2019-03-31__15:23:57 0.02 0.03 0.00 0.98 49.38°C normal
2019-03-31__15:24:03 0.02 0.03 0.00 1.93 49.38°C normal
2019-03-31__15:24:09 0.01 0.03 0.00 0.98 49.38°C normal
2019-03-31__15:24:14 0.01 0.03 0.00 1.95 49.38°C normal
2019-03-31__15:24:20 0.01 0.03 0.00 0.49 48.85°C normal
2019-03-31__15:24:25 0.01 0.03 0.00 1.45 49.38°C normal
2019-03-31__15:24:31 0.01 0.03 0.00 5.40 49.38°C normal
2019-03-31__15:24:37 0.01 0.03 0.00 0.49 49.38°C normal
2019-03-31__15:24:42 0.01 0.03 0.00 1.45 49.92°C normal
2019-03-31__15:24:48 0.01 0.03 0.00 0.98 49.38°C normal
2019-03-31__15:24:54 0.00 0.03 0.00 1.46 49.38°C normal
2019-03-31__15:24:59 0.00 0.02 0.00 1.46 50.46°C note
2019-03-31__15:25:05 0.00 0.02 0.00 2.41 49.38°C normal
2019-03-31__15:25:10 0.08 0.04 0.00 7.85 49.38°C normal
2019-03-31__15:25:16 0.07 0.04 0.00 0.98 49.38°C normal
2019-03-31__15:25:22 0.06 0.04 0.00 6.77 49.38°C normal
2019-03-31__15:25:27 0.06 0.04 0.00 0.49 49.92°C normal
2019-03-31__15:26:04 0.10 0.05 0.01 8.87 49.38°C normal
2019-03-31__15:26:09 0.09 0.05 0.01 1.93 49.38°C normal
2019-03-31__15:26:15 0.08 0.05 0.00 1.92 49.38°C normal
2019-03-31__15:26:20 0.07 0.04 0.00 2.39 49.38°C normal
2019-03-31__15:26:26 0.07 0.04 0.00 1.45 48.85°C normal
2019-03-31__15:26:32 0.06 0.04 0.00 1.45 49.38°C normal
2019-03-31__15:26:37 0.06 0.04 0.00 0.49 49.38°C normal
2019-03-31__15:26:43 0.05 0.04 0.00 0.49 49.38°C normal
2019-03-31__15:26:49 0.05 0.04 0.00 1.46 48.85°C normal
2019-03-31__15:26:54 0.04 0.04 0.00 5.40 48.85°C normal
2019-03-31__15:27:00 0.04 0.04 0.00 0.50 48.85°C normal
2019-03-31__15:27:05 0.03 0.03 0.00 0.50 49.38°C normal
2019-03-31__15:27:11 0.03 0.03 0.00 1.93 49.38°C normal
2019-03-31__15:27:17 0.03 0.03 0.00 2.41 49.38°C normal
2019-03-31__15:27:22 0.02 0.03 0.00 1.46 49.38°C normal
2019-03-31__15:27:28 0.02 0.03 0.00 0.49 49.38°C normal
2019-03-31__15:27:33 0.02 0.03 0.00 14.98 49.38°C normal
2019-03-31__15:27:39 0.02 0.03 0.00 0.50 49.38°C normal
2019-03-31__15:27:45 0.02 0.03 0.00 7.15 49.38°C normal
2019-03-31__15:27:50 0.01 0.03 0.00 3.81 49.38°C normal
2019-03-31__15:27:56 0.01 0.03 0.00 0.49 49.38°C normal
2019-03-31__15:28:02 0.17 0.06 0.01 1.46 49.38°C normal
2019-03-31__15:28:07 0.16 0.06 0.01 1.95 49.38°C normal
2019-03-31__15:28:13 0.14 0.06 0.01 1.46 49.38°C normal
2019-03-31__15:28:18 0.13 0.06 0.01 1.46 49.38°C normal
2019-03-31__15:28:24 0.12 0.06 0.01 1.45 49.38°C normal
2019-03-31__15:28:30 0.11 0.05 0.01 0.98 49.38°C normal
2019-03-31__15:28:35 0.10 0.05 0.01 6.25 49.38°C normal
2019-03-31__15:28:41 0.09 0.05 0.01 1.45 49.38°C normal
2019-03-31__15:28:46 0.08 0.05 0.01 0.50 48.85°C normal
2019-03-31__15:28:52 0.07 0.05 0.01 0.98 49.38°C normal
2019-03-31__15:28:58 0.07 0.05 0.01 0.98 49.38°C normal
2019-03-31__15:29:03 0.06 0.05 0.00 4.86 49.92°C normal
2019-03-31__15:29:09 0.06 0.05 0.00 0.49 49.38°C normal
2019-03-31__15:29:15 0.05 0.05 0.00 1.45 49.38°C normal
2019-03-31__15:29:20 0.05 0.04 0.00 22.12 49.92°C normal
2019-03-31__15:29:26 0.11 0.06 0.01 9.32 49.92°C normal
2019-03-31__15:29:31 0.10 0.06 0.01 4.37 49.38°C normal
2019-03-31__15:29:37 0.10 0.06 0.01 5.29 49.38°C normal
2019-03-31__15:29:43 0.17 0.07 0.01 4.84 49.38°C normal
2019-03-31__15:29:48 0.15 0.07 0.01 3.45 49.38°C normal
2019-03-31__15:29:54 0.14 0.07 0.01 5.32 49.38°C normal
2019-03-31__15:29:59 0.13 0.07 0.01 0.97 49.38°C normal
2019-03-31__15:30:05 0.12 0.07 0.01 0.50 50.46°C note
2019-03-31__15:30:11 0.10 0.06 0.01 0.98 49.38°C normal
2019-03-31__15:30:16 0.09 0.06 0.01 0.98 49.38°C normal
2019-03-31__15:30:22 0.08 0.06 0.01 4.86 49.38°C normal
2019-03-31__15:30:28 0.08 0.06 0.01 0.49 49.38°C normal
2019-03-31__15:30:33 0.07 0.06 0.01 1.93 49.38°C normal
2019-03-31__15:30:39 0.07 0.06 0.01 1.46 49.38°C normal
2019-03-31__15:30:44 0.06 0.06 0.01 1.46 49.38°C normal
2019-03-31__15:30:50 0.06 0.06 0.01 1.46 49.38°C normal
2019-03-31__15:30:56 0.05 0.05 0.01 0.50 49.38°C normal
2019-03-31__15:31:01 0.04 0.05 0.00 1.45 49.38°C normal
2019-03-31__15:31:07 0.04 0.05 0.00 1.94 49.38°C normal
2019-03-31__15:31:12 0.04 0.05 0.00 5.40 49.38°C normal
2019-03-31__15:31:18 0.03 0.05 0.00 1.93 49.38°C normal
2019-03-31__15:31:24 0.03 0.05 0.00 0.98 49.38°C normal
2019-03-31__15:31:29 0.03 0.05 0.00 1.45 49.38°C normal
2019-03-31__15:31:35 0.02 0.05 0.00 1.48 49.38°C normal
2019-03-31__15:31:41 0.02 0.05 0.00 1.46 49.38°C normal
2019-03-31__15:31:46 0.09 0.06 0.01 0.50 49.38°C normal
2019-03-31__15:31:52 0.08 0.06 0.01 2.42 48.85°C normal
2019-03-31__15:31:57 0.08 0.06 0.01 2.41 49.38°C normal
2019-03-31__15:32:03 0.07 0.06 0.00 5.37 49.38°C normal
2019-03-31__15:32:09 0.07 0.06 0.00 1.94 49.38°C normal
2019-03-31__15:32:14 0.06 0.05 0.00 1.46 49.38°C normal
2019-03-31__15:32:20 0.06 0.05 0.00 1.94 49.38°C normal
2019-03-31__15:32:25 0.05 0.05 0.00 1.45 49.38°C normal
2019-03-31__15:32:31 0.04 0.05 0.00 0.49 48.85°C normal
2019-03-31__15:32:37 0.04 0.05 0.00 0.49 49.38°C normal
2019-03-31__15:32:42 0.04 0.05 0.00 1.46 49.38°C normal
2019-03-31__15:32:48 0.03 0.05 0.00 0.50 49.38°C normal
2019-03-31__15:32:54 0.03 0.05 0.00 5.89 49.38°C normal
2019-03-31__15:32:59 0.03 0.05 0.00 1.47 49.38°C normal
2019-03-31__15:33:05 0.02 0.04 0.00 1.48 49.92°C normal
2019-03-31__15:33:10 0.02 0.04 0.00 0.98 48.85°C normal
2019-03-31__15:33:16 0.02 0.04 0.00 1.46 49.38°C normal
2019-03-31__15:33:22 0.02 0.04 0.00 1.47 48.85°C normal
2019-03-31__15:33:27 0.02 0.04 0.00 2.42 48.31°C normal
2019-03-31__15:33:33 0.01 0.04 0.00 2.40 49.38°C normal
2019-03-31__15:33:38 0.01 0.04 0.00 0.99 48.85°C normal
2019-03-31__15:33:44 0.01 0.04 0.00 1.46 49.38°C normal
2019-03-31__15:33:50 0.01 0.04 0.00 0.99 48.85°C normal
2019-03-31__15:33:55 0.01 0.04 0.00 1.45 48.85°C normal
2019-03-31__15:34:01 0.01 0.03 0.00 1.94 48.85°C normal
2019-03-31__15:34:07 0.01 0.03 0.00 1.46 49.92°C normal
2019-03-31__15:34:12 0.01 0.03 0.00 1.45 49.38°C normal
2019-03-31__15:34:18 0.00 0.03 0.00 0.49 48.85°C normal
2019-03-31__15:34:23 0.00 0.03 0.00 0.98 48.31°C normal
2019-03-31__15:39:56 0.30 0.17 0.06 9.00 49.38°C normal
2019-03-31__15:40:02 0.25 0.16 0.06 0.98 50.46°C note
2019-03-31__15:40:07 0.23 0.16 0.06 1.96 50.46°C note
2019-03-31__15:40:13 0.21 0.16 0.06 1.45 49.38°C normal
2019-03-31__15:40:19 0.27 0.17 0.06 0.49 49.38°C normal
2019-03-31__15:40:24 0.33 0.19 0.07 1.46 49.38°C normal
2019-03-31__15:40:30 0.31 0.18 0.07 0.98 49.38°C normal
2019-03-31__15:40:36 0.28 0.18 0.06 1.45 50.46°C note
2019-03-31__15:40:41 0.26 0.18 0.06 0.49 49.38°C normal
2019-03-31__15:40:47 0.22 0.17 0.06 7.36 49.38°C normal
2019-03-31__15:40:52 0.28 0.18 0.07 7.43 51.54°C note
2019-03-31__15:40:58 0.26 0.18 0.07 7.43 52.61°C note
2019-03-31__15:41:04 0.24 0.18 0.07 1.47 50.46°C note
2019-03-31__15:41:09 0.22 0.17 0.07 1.45 50.46°C note
2019-03-31__15:41:15 0.20 0.17 0.07 1.45 52.07°C note
2019-03-31__15:41:20 0.27 0.19 0.07 6.90 50.46°C note
2019-03-31__15:41:26 0.24 0.18 0.07 9.86 49.92°C normal
2019-03-31__15:41:32 0.30 0.20 0.08 10.30 50.46°C note
2019-03-31__15:41:37 0.26 0.19 0.08 8.74 50.46°C note
2019-03-31__15:41:43 0.24 0.19 0.08 1.94 50.46°C note
2019-03-31__15:41:48 0.22 0.18 0.08 1.47 49.38°C normal
2019-03-31__15:41:54 0.20 0.18 0.07 1.47 50.46°C note
2019-03-31__15:42:00 0.18 0.18 0.07 1.45 49.38°C normal
2019-03-31__15:42:05 0.17 0.17 0.07 0.50 49.38°C normal
2019-03-31__15:42:11 0.16 0.17 0.07 14.64 50.46°C note
2019-03-31__15:42:16 0.14 0.17 0.07 6.29 51.00°C note
2019-03-31__15:42:22 0.12 0.16 0.07 1.47 51.54°C note
2019-03-31__15:42:28 0.11 0.16 0.07 3.00 51.00°C note
2019-03-31__15:42:33 0.10 0.15 0.07 1.93 51.00°C note
2019-03-31__15:42:39 0.09 0.15 0.07 0.50 50.46°C note
2019-03-31__15:42:44 0.08 0.15 0.07 5.42 49.38°C normal
2019-03-31__15:42:50 0.08 0.15 0.07 9.86 51.00°C note
2019-03-31__15:42:56 0.07 0.14 0.07 4.96 51.00°C note
2019-03-31__15:43:01 0.07 0.14 0.07 1.97 52.07°C note
2019-03-31__15:43:07 0.06 0.14 0.07 0.98 51.54°C note
2019-03-31__15:42:47 0.08 0.15 0.07 7.97 49.38°C normal
2019-03-31__15:42:53 0.07 0.14 0.07 11.83 50.46°C note
2019-03-31__15:42:58 0.07 0.14 0.07 3.91 51.54°C note
2019-03-31__15:43:04 0.06 0.14 0.07 0.98 50.46°C note
2019-03-31__15:43:10 0.14 0.15 0.07 1.96 50.46°C note
2019-03-31__15:43:12 0.29 0.18 0.08 12.08 51.54°C note
2019-03-31__15:43:18 0.26 0.18 0.08 3.91 51.54°C note
2019-03-31__15:43:23 0.24 0.18 0.08 3.47 50.46°C note
2019-03-31__15:43:29 0.22 0.17 0.08 8.34 50.46°C note
2019-03-31__15:43:35 0.28 0.19 0.09 1.46 51.54°C note
2019-03-31__15:43:15 0.29 0.18 0.08 0.50 51.54°C note
2019-03-31__15:43:21 0.26 0.18 0.08 0.98 51.54°C note
2019-03-31__15:43:26 0.24 0.18 0.08 14.22 51.54°C note
2019-03-31__15:43:32 0.22 0.17 0.08 0.50 51.54°C note
2019-03-31__15:43:38 0.26 0.18 0.09 5.83 50.46°C note
2019-03-31__15:43:40 0.26 0.18 0.09 1.46 50.46°C note
2019-03-31__15:43:46 0.24 0.18 0.09 0.97 49.92°C normal
2019-03-31__15:43:52 0.22 0.18 0.09 1.45 50.46°C note
2019-03-31__15:43:57 0.19 0.17 0.09 0.50 51.00°C note
2019-03-31__15:44:03 0.17 0.17 0.08 7.22 49.38°C normal
2019-03-31__15:43:43 0.24 0.18 0.09 1.45 49.92°C normal
2019-03-31__15:43:49 0.22 0.18 0.09 5.83 50.46°C note
2019-03-31__15:43:54 0.20 0.17 0.09 0.50 49.92°C normal
2019-03-31__15:44:00 0.19 0.17 0.09 1.46 49.38°C normal
2019-03-31__15:44:06 0.17 0.17 0.08 1.45 49.92°C normal
2019-03-31__15:44:08 0.16 0.17 0.08 1.45 49.92°C normal
2019-03-31__15:44:14 0.14 0.16 0.08 5.83 49.38°C normal
2019-03-31__15:44:20 0.13 0.16 0.08 1.45 49.38°C normal
2019-03-31__15:44:25 0.12 0.16 0.08 0.50 49.38°C normal
2019-03-31__15:44:31 0.11 0.15 0.08 0.98 49.38°C normal
2019-03-31__15:44:11 0.16 0.17 0.08 0.50 49.92°C normal
2019-03-31__15:44:17 0.14 0.16 0.08 7.32 49.38°C normal
2019-03-31__15:44:22 0.12 0.16 0.08 1.46 49.38°C normal
2019-03-31__15:44:28 0.11 0.15 0.08 4.93 49.92°C normal
2019-03-31__15:44:34 0.10 0.15 0.08 1.46 49.38°C normal
2019-03-31__15:47:50 0.13 0.22 0.12 13.24 50.46°C note
2019-03-31__15:47:55 0.20 0.23 0.13 4.42 49.92°C normal
2019-03-31__15:48:01 0.26 0.24 0.13 4.88 49.38°C normal
2019-03-31__15:48:06 0.24 0.24 0.13 4.86 49.38°C normal
2019-03-31__15:48:12 0.38 0.27 0.14 24.42 49.38°C normal
2019-03-31__15:48:18 0.32 0.26 0.14 9.27 50.46°C note
2019-03-31__15:48:23 0.30 0.25 0.14 4.88 49.38°C normal
2019-03-31__15:48:29 0.27 0.25 0.14 3.93 49.38°C normal
2019-03-31__15:48:35 0.25 0.24 0.14 9.27 49.38°C normal
2019-03-31__15:48:40 0.23 0.24 0.14 9.27 49.38°C normal
2019-03-31__16:00:53 0.05 0.10 0.09 8.34 49.38°C normal
2019-03-31__16:00:59 0.05 0.10 0.09 0.50 48.85°C normal
2019-03-31__16:01:05 0.04 0.10 0.09 1.45 49.38°C normal
2019-03-31__16:01:10 0.04 0.09 0.09 0.98 49.38°C normal
2019-03-31__16:01:16 0.03 0.09 0.09 2.89 49.38°C normal
2019-03-31__16:01:21 0.03 0.09 0.09 1.45 49.38°C normal
2019-03-31__16:01:27 0.03 0.09 0.09 1.93 49.38°C normal
2019-03-31__16:01:33 0.02 0.09 0.09 1.46 48.31°C normal
2019-03-31__16:01:38 0.02 0.09 0.08 1.94 49.38°C normal
2019-03-31__16:01:44 0.02 0.08 0.08 4.96 49.38°C normal
2019-03-31__16:01:50 0.02 0.08 0.08 1.45 48.31°C normal
2019-03-31__16:01:55 0.18 0.11 0.09 0.98 49.38°C normal
2019-03-31__16:02:01 0.16 0.11 0.09 1.45 49.38°C normal
2019-03-31__16:02:06 0.15 0.11 0.09 1.46 48.85°C normal
2019-03-31__16:02:12 0.14 0.11 0.09 0.50 49.38°C normal
2019-03-31__16:02:18 0.12 0.11 0.09 1.94 49.38°C normal
2019-03-31__16:02:23 0.11 0.10 0.09 13.31 49.38°C normal
2019-03-31__16:02:29 0.11 0.10 0.09 1.46 49.38°C normal
2019-03-31__16:02:34 0.09 0.10 0.09 5.86 49.38°C normal
2019-03-31__16:02:40 0.08 0.10 0.09 0.50 49.38°C normal
2019-03-31__16:02:46 0.07 0.09 0.09 0.97 48.85°C normal
2019-03-31__16:02:51 0.07 0.09 0.09 1.45 48.85°C normal
2019-03-31__16:02:57 0.06 0.09 0.09 0.50 49.92°C normal
2019-03-31__16:03:03 0.06 0.09 0.09 1.94 48.31°C normal
2019-03-31__16:03:08 0.05 0.09 0.09 1.45 49.38°C normal
2019-03-31__16:03:14 0.05 0.08 0.08 1.94 48.85°C normal
2019-03-31__16:03:19 0.04 0.08 0.08 0.49 48.85°C normal
2019-03-31__16:03:25 0.04 0.08 0.08 6.80 49.38°C normal
2019-03-31__16:03:31 0.03 0.08 0.08 1.47 48.85°C normal
2019-03-31__16:03:36 0.03 0.08 0.08 0.50 49.38°C normal
2019-03-31__16:03:56 0.02 0.07 0.08 12.02 48.85°C normal
2019-03-31__16:04:01 0.02 0.07 0.08 0.50 48.85°C normal
2019-03-31__16:04:07 0.02 0.07 0.08 1.46 48.85°C normal
2019-03-31__16:04:13 0.02 0.07 0.08 0.98 48.31°C normal
2019-03-31__16:04:18 0.09 0.08 0.08 1.97 49.38°C normal
2019-03-31__16:13:34 0.05 0.09 0.09 12.81 49.92°C normal
2019-03-31__16:13:40 0.04 0.09 0.09 4.84 50.46°C note
2019-03-31__16:13:46 0.04 0.08 0.09 4.84 49.38°C normal
2019-03-31__16:13:51 0.03 0.08 0.09 5.40 49.38°C normal
2019-03-31__16:13:57 0.03 0.08 0.09 4.37 49.38°C normal
2019-03-31__16:14:56 0.01 0.06 0.08 10.74 50.46°C note
2019-03-31__16:15:01 0.08 0.08 0.09 3.91 50.46°C note
2019-03-31__16:15:07 0.24 0.11 0.10 5.83 49.92°C normal
2019-03-31__16:15:12 0.46 0.16 0.11 2.42 49.92°C normal
2019-03-31__16:15:18 0.50 0.17 0.12 3.44 50.46°C note
2019-03-31__16:15:24 0.54 0.19 0.12 11.17 53.69°C note
2019-03-31__16:15:29 0.58 0.20 0.13 0.98 53.69°C note
2019-03-31__16:15:35 0.53 0.20 0.13 4.84 52.07°C note
2019-03-31__16:15:40 0.49 0.19 0.13 0.49 51.54°C note
2019-03-31__16:15:46 0.41 0.19 0.12 7.62 50.46°C note
2019-03-31__16:15:52 0.38 0.18 0.12 3.97 50.46°C note
2019-03-31__16:15:57 0.67 0.25 0.14 6.90 52.07°C note
2019-03-31__16:16:03 0.62 0.24 0.14 6.80 51.54°C note
2019-03-31__16:16:08 0.57 0.24 0.14 15.61 52.61°C note
2019-03-31__16:16:14 0.60 0.25 0.15 50.50 55.84°C note
2019-03-31__16:17:34 1.83 0.70 0.31 34.15 62.30°C note
2019-03-31__16:17:40 1.76 0.71 0.32 36.10 61.22°C note
2019-03-31__16:17:45 1.70 0.71 0.32 25.99 62.30°C note
2019-03-31__16:17:51 1.64 0.72 0.33 31.69 61.22°C note
2019-03-31__16:17:57 1.84 0.79 0.36 25.86 61.22°C note
2019-03-31__16:19:32 1.34 0.92 0.45 38.43 63.37°C note
2019-03-31__16:19:38 1.40 0.94 0.46 49.76 62.83°C note
2019-03-31__16:19:43 1.36 0.94 0.46 25.62 63.37°C note
2019-03-31__16:19:49 1.33 0.94 0.46 33.01 62.30°C note
2019-03-31__16:19:54 1.31 0.94 0.47 34.66 62.83°C note
2019-03-31__16:20:00 1.28 0.94 0.47 25.50 61.76°C note
2019-03-31__16:20:06 1.26 0.95 0.47 38.24 63.91°C note
2019-03-31__16:20:11 1.24 0.95 0.47 25.62 62.83°C note
2019-03-31__16:20:17 1.20 0.95 0.48 29.62 61.22°C note
2019-03-31__16:20:22 1.18 0.95 0.48 28.58 61.76°C note
2019-03-31__16:20:28 1.17 0.95 0.49 31.38 62.30°C note
2019-03-31__16:20:34 1.16 0.95 0.49 31.38 62.30°C note
2019-03-31__16:20:39 1.14 0.95 0.49 25.99 62.30°C note
2019-03-31__16:20:45 1.13 0.95 0.50 29.56 62.30°C note
2019-03-31__16:20:50 1.12 0.95 0.50 27.87 62.83°C note
2019-03-31__16:20:56 1.11 0.95 0.50 32.02 62.83°C note
2019-03-31__16:21:01 1.18 0.97 0.51 25.88 63.37°C note
2019-03-31__16:21:07 1.39 1.02 0.53 29.56 63.91°C note
2019-03-31__16:21:13 1.36 1.02 0.53 42.86 62.30°C note
2019-03-31__16:21:18 1.33 1.02 0.54 35.33 64.45°C note
2019-03-31__16:48:44 0.00 0.09 0.30 10.95 49.92°C normal
2019-03-31__16:48:49 0.00 0.09 0.30 1.47 52.07°C note
2019-03-31__16:48:55 0.00 0.08 0.29 1.45 49.92°C normal
2019-03-31__16:49:00 0.15 0.12 0.30 1.93 49.92°C normal
2019-03-31__16:49:06 0.13 0.11 0.30 0.50 50.46°C note
2019-03-31__16:49:12 0.12 0.11 0.30 1.46 49.92°C normal
2019-03-31__16:49:17 0.11 0.11 0.29 1.93 49.38°C normal
2019-03-31__16:49:23 0.10 0.11 0.29 0.50 49.38°C normal
2019-03-31__16:49:28 0.10 0.11 0.29 1.45 49.38°C normal
2019-03-31__16:49:34 0.09 0.10 0.29 5.83 49.38°C normal
2019-03-31__16:49:40 0.08 0.10 0.29 1.94 49.38°C normal
2019-03-31__16:49:45 0.07 0.10 0.28 1.47 49.92°C normal
2019-03-31__16:49:51 0.06 0.10 0.28 0.49 49.92°C normal
2019-03-31__16:49:57 0.06 0.09 0.28 1.48 49.38°C normal
2019-03-31__16:50:02 0.05 0.09 0.28 1.46 49.92°C normal
2019-03-31__16:50:08 0.05 0.09 0.28 5.86 49.38°C normal
2019-03-31__16:50:13 0.04 0.09 0.27 13.73 49.92°C normal
2019-03-31__16:50:19 0.04 0.09 0.27 1.45 49.92°C normal
2019-03-31__16:50:25 0.04 0.08 0.27 7.77 49.92°C normal
2019-03-31__16:50:30 0.11 0.10 0.27 0.49 49.92°C normal
2019-03-31__16:50:36 0.18 0.11 0.28 0.50 49.92°C normal
2019-03-31__16:50:41 0.17 0.11 0.27 1.46 49.92°C normal
2019-03-31__16:50:47 0.15 0.11 0.27 1.46 49.38°C normal
2019-03-31__16:50:53 0.14 0.11 0.27 4.40 49.38°C normal
2019-03-31__16:50:58 0.13 0.11 0.27 1.46 49.92°C normal
2019-03-31__16:51:04 0.12 0.10 0.27 1.95 50.46°C note
2019-03-31__16:51:10 0.11 0.10 0.27 0.98 49.92°C normal
2019-03-31__16:51:15 0.09 0.10 0.26 4.96 50.46°C note
2019-03-31__16:51:21 0.08 0.10 0.26 9.18 49.38°C normal
2019-03-31__16:51:26 0.08 0.09 0.26 0.50 49.92°C normal
2019-03-31__16:51:32 0.07 0.09 0.26 0.49 49.92°C normal
2019-03-31__16:51:38 0.06 0.09 0.26 0.99 49.38°C normal
2019-03-31__16:51:43 0.06 0.09 0.26 4.37 49.92°C normal
2019-03-31__16:51:49 0.05 0.09 0.25 0.49 49.38°C normal
2019-03-31__16:51:54 0.05 0.09 0.25 1.46 49.38°C normal
2019-03-31__16:52:00 0.05 0.08 0.25 4.86 49.38°C normal
2019-03-31__16:52:06 0.04 0.08 0.25 6.35 50.46°C note
2019-03-31__16:52:11 0.12 0.10 0.25 1.46 50.46°C note
2019-03-31__16:52:17 0.11 0.09 0.25 0.98 50.46°C note
2019-03-31__16:52:23 0.10 0.09 0.25 5.75 50.46°C note
2019-03-31__16:52:28 0.09 0.09 0.25 0.98 49.92°C normal
2019-03-31__16:52:34 0.08 0.09 0.25 0.99 49.92°C normal
2019-03-31__16:52:39 0.08 0.09 0.25 10.30 49.38°C normal
2019-03-31__16:52:45 0.07 0.09 0.24 5.37 51.00°C note
2019-03-31__16:52:51 0.06 0.08 0.24 1.45 49.92°C normal
2019-03-31__16:52:56 0.05 0.08 0.24 0.49 49.38°C normal
2019-03-31__16:53:02 0.13 0.10 0.24 5.40 49.38°C normal
2019-03-31__16:53:07 0.12 0.09 0.24 1.45 49.92°C normal
2019-03-31__16:53:13 0.19 0.11 0.25 1.45 49.92°C normal
2019-03-31__16:53:19 0.17 0.11 0.25 0.49 50.46°C note
2019-03-26__18:49:07 2.01 2.06 2.03 76.89 66.60°C note
2019-03-26__18:49:13 2.01 2.06 2.03 50.50 67.67°C note
2019-03-26__18:49:18 2.01 2.06 2.03 50.99 67.14°C note
2019-03-26__18:49:24 2.01 2.06 2.02 50.26 66.60°C note
2019-03-26__18:49:29 2.01 2.06 2.02 51.24 66.60°C note
2019-03-26__18:49:35 2.01 2.06 2.02 50.50 66.60°C note
2019-03-26__18:49:40 2.01 2.05 2.02 50.99 66.60°C note
2019-03-26__18:49:46 2.01 2.05 2.02 51.46 66.60°C note
2019-03-26__18:49:52 2.00 2.05 2.02 50.97 66.60°C note
2019-03-26__18:49:57 2.00 2.05 2.02 53.66 66.60°C note
2019-03-26__18:53:01 2.00 2.02 2.00 82.63 67.14°C note
2019-03-26__18:53:07 2.00 2.02 2.00 50.74 67.14°C note
2019-03-26__18:53:12 2.00 2.02 2.00 50.74 67.67°C note
2019-03-26__18:53:18 2.00 2.02 2.00 50.99 67.67°C note
2019-03-26__18:53:23 2.00 2.02 2.00 50.74 66.60°C note
2019-03-26__18:53:29 2.00 2.02 2.00 50.74 67.67°C note
2019-03-26__18:53:35 2.00 2.02 2.00 52.71 67.67°C note
2019-03-26__18:53:40 2.00 2.02 2.00 50.99 66.60°C note
2019-03-26__18:53:46 2.00 2.02 2.00 50.50 66.60°C note
2019-03-26__18:53:51 2.00 2.02 2.00 52.95 66.60°C note
2019-03-26__18:53:57 2.00 2.02 2.00 50.50 66.60°C note
2019-03-26__18:54:02 2.00 2.02 2.00 59.12 67.67°C note
2019-03-26__18:54:08 2.00 2.02 2.00 50.50 67.14°C note
2019-03-26__18:54:14 2.00 2.01 2.00 50.74 67.14°C note
2019-03-26__18:54:19 2.00 2.01 2.00 57.57 66.60°C note
2019-03-26__18:54:25 2.00 2.01 2.00 55.67 67.14°C note
2019-03-26__18:54:30 2.00 2.01 2.00 50.99 66.60°C note
2019-03-26__18:54:36 2.00 2.01 2.00 52.98 66.60°C note
2019-03-26__18:54:41 2.00 2.01 2.00 50.74 67.67°C note
2019-03-26__18:54:47 2.00 2.01 2.00 52.98 66.60°C note
2019-03-26__19:38:27 2.14 2.10 2.05 79.54 67.14°C note
2019-03-26__19:38:32 2.12 2.10 2.05 51.45 66.60°C note
2019-03-26__19:38:38 2.11 2.10 2.05 50.99 66.60°C note
2019-03-26__19:38:43 2.10 2.10 2.05 50.74 66.06°C note
2019-03-26__19:38:49 2.10 2.10 2.05 50.74 67.14°C note
2019-03-26__19:38:55 2.09 2.09 2.05 51.73 66.60°C note
2019-03-26__19:39:00 2.08 2.09 2.05 50.50 66.60°C note
2019-03-26__19:39:06 2.07 2.09 2.05 50.74 66.60°C note
2019-03-26__19:39:11 2.07 2.09 2.05 50.99 66.60°C note
2019-03-26__19:39:17 2.06 2.08 2.05 53.44 66.60°C note
2019-03-26__19:39:22 2.05 2.08 2.04 50.74 67.14°C note
2019-03-26__19:39:28 2.05 2.08 2.04 57.72 67.67°C note
2019-03-26__19:39:34 2.04 2.08 2.04 50.74 66.60°C note
2019-03-26__19:39:39 2.04 2.08 2.04 50.50 66.60°C note
2019-03-26__19:39:45 2.04 2.08 2.04 50.50 66.60°C note
2019-03-26__19:42:08 2.17 2.14 2.07 75.63 66.60°C note
2019-03-26__19:42:14 2.16 2.14 2.07 51.48 67.67°C note
2019-03-26__19:42:19 2.15 2.14 2.07 52.69 67.67°C note
2019-03-26__19:42:25 2.13 2.13 2.07 51.48 66.60°C note
2019-03-26__19:42:30 2.12 2.13 2.07 51.22 67.67°C note
2019-03-26__19:42:36 2.11 2.13 2.07 51.68 66.60°C note
2019-03-26__19:42:42 2.10 2.13 2.07 50.00 67.67°C note
2019-03-26__19:42:47 2.09 2.12 2.07 50.50 66.60°C note
2019-03-26__19:42:53 2.08 2.12 2.07 50.74 66.60°C note
2019-03-26__19:42:58 2.07 2.12 2.07 53.44 66.60°C note
2019-03-26__19:43:04 2.15 2.13 2.07 50.74 66.60°C note
2019-03-26__19:43:09 2.14 2.13 2.07 56.59 67.14°C note
2019-03-26__19:43:15 2.12 2.13 2.07 51.24 67.14°C note
2019-03-26__19:43:21 2.11 2.12 2.07 50.74 67.14°C note
2019-03-26__19:43:26 2.10 2.12 2.07 50.74 67.14°C note
2019-03-26__19:43:32 2.10 2.12 2.07 50.74 66.60°C note
2019-03-26__19:43:37 2.08 2.12 2.07 51.70 67.14°C note
2019-03-26__19:43:43 2.07 2.11 2.07 52.20 67.67°C note
2019-03-26__19:43:48 2.07 2.11 2.07 52.20 66.60°C note
2019-03-26__19:43:54 2.06 2.11 2.07 54.11 67.14°C note
2019-03-26__19:44:00 2.06 2.11 2.07 50.74 67.14°C note
2019-03-26__19:44:05 2.05 2.11 2.07 50.74 67.14°C note
2019-03-26__19:44:11 2.05 2.10 2.07 50.74 67.67°C note
2019-03-26__19:44:16 2.04 2.10 2.07 50.74 66.60°C note
2019-03-26__19:44:22 2.04 2.10 2.07 50.99 66.60°C note
2019-03-26__19:44:27 2.03 2.10 2.07 50.99 66.60°C note
2019-03-26__19:44:33 2.03 2.09 2.06 50.50 67.14°C note
2019-03-26__19:44:39 2.03 2.09 2.06 58.34 67.14°C note
2019-03-26__19:44:44 2.02 2.09 2.06 65.52 67.14°C note
2019-03-26__19:44:50 2.02 2.09 2.06 51.24 67.67°C note
2019-03-26__19:52:19 2.06 2.07 2.05 75.50 67.14°C note
2019-03-26__19:52:24 2.05 2.07 2.05 52.74 67.14°C note
2019-03-26__19:52:30 2.05 2.07 2.05 50.50 67.14°C note
2019-03-26__19:52:35 2.04 2.07 2.05 50.50 66.60°C note
2019-03-26__19:52:41 2.04 2.07 2.05 51.21 66.60°C note
2019-03-26__19:52:47 2.04 2.07 2.05 52.71 67.67°C note
2019-03-26__19:52:52 2.03 2.07 2.05 51.49 67.67°C note
2019-03-26__19:52:58 2.03 2.06 2.05 51.20 67.14°C note
2019-03-26__19:53:03 2.02 2.06 2.05 50.25 67.67°C note
2019-03-26__19:53:09 2.02 2.06 2.05 52.50 67.67°C note
2019-03-26__19:53:14 2.02 2.06 2.05 52.46 67.67°C note
2019-03-26__19:53:20 2.02 2.06 2.05 57.43 67.67°C note
2019-03-26__19:53:26 2.02 2.06 2.05 50.74 67.67°C note
2019-03-26__19:53:31 2.02 2.06 2.05 50.74 67.67°C note
2019-03-26__19:53:37 2.01 2.05 2.05 50.74 67.14°C note
2019-03-26__19:53:42 2.09 2.07 2.05 50.74 67.67°C note
2019-03-26__19:53:48 2.08 2.07 2.05 50.25 67.14°C note
2019-03-26__19:53:53 2.07 2.07 2.05 71.65 67.67°C note
2019-03-26__19:53:59 2.07 2.06 2.05 50.50 67.67°C note
2019-03-26__19:54:05 2.06 2.06 2.05 53.21 66.60°C note
2019-03-26__19:54:10 2.06 2.06 2.05 50.74 67.67°C note
2019-03-26__19:54:16 2.05 2.06 2.05 50.99 66.60°C note
2019-03-26__19:54:21 2.05 2.06 2.05 50.74 67.67°C note
2019-03-26__19:54:27 2.04 2.06 2.05 50.74 66.60°C note
2019-03-26__19:54:32 2.04 2.06 2.05 50.99 67.14°C note
2019-03-26__19:54:38 2.04 2.06 2.05 50.74 67.67°C note
2019-03-26__19:54:44 2.03 2.05 2.05 50.74 67.14°C note
2019-03-26__19:54:49 2.03 2.05 2.05 50.74 67.14°C note
2019-03-26__19:54:55 2.02 2.05 2.04 55.95 67.14°C note
2019-03-26__19:55:00 2.02 2.05 2.04 53.21 67.67°C note
2019-03-26__19:55:06 2.02 2.05 2.04 59.03 67.67°C note
2019-03-26__19:55:11 2.02 2.05 2.04 50.50 67.67°C note
2019-03-26__19:55:17 2.02 2.05 2.04 51.97 66.60°C note
2019-03-26__19:55:23 2.02 2.05 2.04 51.93 67.67°C note
2019-03-26__19:55:28 2.01 2.05 2.04 50.50 68.21°C note
2019-03-26__19:55:34 2.01 2.04 2.04 50.74 67.67°C note
2019-03-26__19:55:39 2.01 2.04 2.04 51.73 67.14°C note
2019-03-26__19:55:45 2.01 2.04 2.04 50.74 67.14°C note
2019-03-26__19:55:50 2.01 2.04 2.04 53.21 67.14°C note
2019-03-26__19:55:56 2.01 2.04 2.04 50.74 67.67°C note
2019-03-26__19:56:02 2.01 2.04 2.04 57.64 67.67°C note
2019-03-26__19:56:07 2.01 2.04 2.04 75.63 67.14°C note
2019-03-26__19:56:13 2.00 2.04 2.04 50.99 67.14°C note
2019-03-26__19:56:18 2.00 2.04 2.04 52.22 66.60°C note
2019-03-26__19:56:24 2.00 2.03 2.04 52.64 67.14°C note
2019-03-26__19:56:29 2.00 2.03 2.04 50.50 67.67°C note
2019-03-26__19:56:35 2.00 2.03 2.04 50.50 67.67°C note
2019-03-26__19:56:40 2.00 2.03 2.03 52.95 67.14°C note
2019-03-26__19:56:46 2.00 2.03 2.03 50.74 66.60°C note
2019-03-26__19:56:52 2.08 2.05 2.04 50.50 67.67°C note
2019-03-26__19:56:57 2.24 2.08 2.05 50.74 67.67°C note
2019-03-26__19:57:03 2.22 2.08 2.05 50.74 67.67°C note
2019-03-26__19:57:08 2.20 2.08 2.05 56.29 66.60°C note
2019-03-26__19:57:14 2.17 2.07 2.05 53.70 67.67°C note
2019-03-26__19:57:19 2.15 2.07 2.05 51.00 67.14°C note
2019-03-26__19:57:25 2.38 2.12 2.06 52.48 67.67°C note
2019-03-26__19:57:31 2.35 2.12 2.06 50.50 67.14°C note
2019-03-26__19:57:36 2.32 2.12 2.06 52.98 67.67°C note
2019-03-26__19:57:42 2.30 2.11 2.06 50.99 66.60°C note
2019-03-26__19:57:47 2.27 2.11 2.06 50.74 67.14°C note
2019-03-26__19:58:16 2.16 2.10 2.06 77.62 67.67°C note
2019-03-26__19:58:21 2.15 2.10 2.06 50.74 66.60°C note
2019-03-26__19:58:27 2.14 2.10 2.06 50.74 66.60°C note
2019-03-26__19:58:33 2.13 2.09 2.06 50.74 66.60°C note
2019-03-26__19:58:38 2.12 2.09 2.06 50.74 66.60°C note
2019-03-26__19:58:44 2.10 2.09 2.06 50.74 66.60°C note
2019-03-26__19:58:49 2.09 2.09 2.06 50.50 67.67°C note
2019-03-26__19:58:55 2.08 2.08 2.06 50.99 67.67°C note
2019-03-26__19:59:00 2.08 2.08 2.05 50.74 67.14°C note
2019-03-26__19:59:06 2.07 2.08 2.05 53.66 67.14°C note
2019-03-26__19:59:12 2.06 2.08 2.05 50.74 67.67°C note
2019-03-26__19:59:17 2.06 2.08 2.05 59.12 67.14°C note
2019-03-26__19:59:23 2.05 2.08 2.05 50.00 67.14°C note
2019-03-26__19:59:28 2.05 2.08 2.05 50.74 67.67°C note
2019-03-26__19:59:34 2.04 2.07 2.05 50.74 67.14°C note
2019-03-26__19:59:39 2.04 2.07 2.05 50.50 66.60°C note
2019-03-26__19:59:45 2.03 2.07 2.05 50.50 66.60°C note
2019-03-26__19:59:51 2.03 2.07 2.05 50.74 66.60°C note
2019-03-26__19:59:56 2.03 2.07 2.05 50.50 66.60°C note
2019-03-26__20:00:02 2.03 2.07 2.05 52.95 66.60°C note
2019-03-26__20:00:07 2.02 2.06 2.05 62.19 66.60°C note
2019-03-26__20:00:13 2.02 2.06 2.05 50.74 67.14°C note
2019-03-26__20:00:18 2.02 2.06 2.05 50.74 67.67°C note
2019-03-26__20:00:24 2.02 2.06 2.05 50.50 66.60°C note
2019-03-26__20:00:30 2.02 2.06 2.05 50.74 66.60°C note
2019-03-26__20:00:35 2.01 2.06 2.05 50.99 66.60°C note
2019-03-26__20:00:41 2.01 2.06 2.04 50.74 66.60°C note
2019-03-26__20:00:46 2.01 2.05 2.04 50.74 66.60°C note
2019-03-26__20:00:52 2.17 2.09 2.06 53.89 67.67°C note
2019-03-26__20:00:57 2.16 2.09 2.05 50.26 66.60°C note
2019-03-26__20:01:03 2.14 2.08 2.05 50.74 67.67°C note
2019-03-26__20:01:09 2.13 2.08 2.05 50.99 67.14°C note
2019-03-26__20:01:14 2.11 2.08 2.05 50.99 67.14°C note
2019-03-26__20:01:20 2.18 2.10 2.06 50.74 67.67°C note
2019-03-26__20:01:25 2.17 2.09 2.06 50.74 66.60°C note
2019-03-26__20:01:31 2.15 2.09 2.06 51.48 67.14°C note
2019-03-26__20:01:36 2.14 2.09 2.06 50.74 66.60°C note
2019-03-26__20:01:42 2.13 2.09 2.06 50.74 66.60°C note
2019-03-26__20:01:48 2.12 2.09 2.06 53.24 67.14°C note
2019-03-26__20:01:53 2.11 2.08 2.06 51.00 67.67°C note
2019-03-26__20:01:59 2.10 2.08 2.05 50.74 67.14°C note
2019-03-26__20:02:04 2.08 2.08 2.05 51.97 66.60°C note
2019-03-26__20:02:10 2.08 2.08 2.05 51.00 66.60°C note
2019-03-26__20:02:15 2.07 2.08 2.05 50.74 66.60°C note
2019-03-26__20:02:21 2.07 2.08 2.05 50.74 67.67°C note
2019-03-26__20:02:27 2.06 2.07 2.05 51.24 66.60°C note
2019-03-26__20:02:32 2.06 2.07 2.05 50.99 66.60°C note
2019-03-26__20:02:38 2.05 2.07 2.05 52.89 67.14°C note
2019-03-26__20:02:43 2.05 2.07 2.05 50.74 66.60°C note
2019-03-26__20:02:49 2.04 2.07 2.05 51.70 66.60°C note
2019-03-26__20:04:24 2.18 2.10 2.06 81.78 67.67°C note
2019-03-26__20:04:30 2.45 2.17 2.08 51.22 67.67°C note
2019-03-26__20:04:35 2.57 2.20 2.10 50.99 67.67°C note
2019-03-26__20:04:41 2.53 2.19 2.09 50.74 67.67°C note
2019-03-26__20:04:47 2.48 2.19 2.09 50.50 67.14°C note
2019-03-26__20:04:52 2.44 2.19 2.09 50.50 67.67°C note
2019-03-26__20:04:58 2.41 2.18 2.09 51.45 67.67°C note
2019-03-26__20:05:03 2.38 2.18 2.09 50.50 67.67°C note
2019-03-26__20:05:09 2.35 2.18 2.09 50.74 67.14°C note
2019-03-26__20:05:14 2.32 2.17 2.09 55.45 66.60°C note
2019-03-26__20:05:20 2.34 2.18 2.09 50.74 67.67°C note
2019-03-26__20:05:26 2.39 2.20 2.10 58.92 67.67°C note
2019-03-26__20:05:31 2.36 2.19 2.10 50.00 67.14°C note
2019-03-26__20:05:37 2.33 2.19 2.10 50.74 67.14°C note
2019-03-26__20:05:42 2.31 2.19 2.10 50.74 66.60°C note
2019-03-26__20:05:48 2.28 2.18 2.10 50.74 67.14°C note
2019-03-26__20:05:53 2.26 2.18 2.09 51.21 67.14°C note
2019-03-26__20:05:59 2.24 2.18 2.09 50.74 67.14°C note
2019-03-26__20:06:05 2.38 2.21 2.10 52.22 66.60°C note
2019-03-26__20:06:10 2.39 2.22 2.11 50.99 67.14°C note
2019-03-26__20:06:16 2.36 2.21 2.11 51.46 67.67°C note
2019-03-26__20:06:21 2.33 2.21 2.11 50.50 67.14°C note
2019-03-26__20:06:27 2.39 2.22 2.11 50.74 67.67°C note
2019-03-26__20:06:32 2.36 2.22 2.11 50.74 67.67°C note
2019-03-26__20:06:38 2.33 2.21 2.11 50.99 67.67°C note
2019-03-26__20:06:44 2.30 2.21 2.11 50.74 67.67°C note
2019-03-26__20:06:49 2.28 2.21 2.11 50.99 67.14°C note
2019-03-26__20:06:55 2.33 2.22 2.11 52.69 67.14°C note
2019-03-26__20:07:00 2.28 2.21 2.11 50.74 67.67°C note
2019-03-26__20:07:06 2.26 2.21 2.11 50.74 67.67°C note
2019-03-31__15:23:40 0.02 0.04 0.00 10.20 49.38°C normal
2019-03-31__15:23:46 0.02 0.03 0.00 1.47 49.38°C normal
2019-03-31__15:23:52 0.02 0.03 0.00 0.50 49.38°C normal
2019-03-31__15:23:57 0.02 0.03 0.00 0.98 49.38°C normal
2019-03-31__15:24:03 0.02 0.03 0.00 1.93 49.38°C normal
2019-03-31__15:24:09 0.01 0.03 0.00 0.98 49.38°C normal
2019-03-31__15:24:14 0.01 0.03 0.00 1.95 49.38°C normal
2019-03-31__15:24:20 0.01 0.03 0.00 0.49 48.85°C normal
2019-03-31__15:24:25 0.01 0.03 0.00 1.45 49.38°C normal
2019-03-31__15:24:31 0.01 0.03 0.00 5.40 49.38°C normal
2019-03-31__15:24:37 0.01 0.03 0.00 0.49 49.38°C normal
2019-03-31__15:24:42 0.01 0.03 0.00 1.45 49.92°C normal
2019-03-31__15:24:48 0.01 0.03 0.00 0.98 49.38°C normal
2019-03-31__15:24:54 0.00 0.03 0.00 1.46 49.38°C normal
2019-03-31__15:24:59 0.00 0.02 0.00 1.46 50.46°C note
2019-03-31__15:25:05 0.00 0.02 0.00 2.41 49.38°C normal
2019-03-31__15:25:10 0.08 0.04 0.00 7.85 49.38°C normal
2019-03-31__15:25:16 0.07 0.04 0.00 0.98 49.38°C normal
2019-03-31__15:25:22 0.06 0.04 0.00 6.77 49.38°C normal
2019-03-31__15:25:27 0.06 0.04 0.00 0.49 49.92°C normal
2019-03-31__15:26:04 0.10 0.05 0.01 8.87 49.38°C normal
2019-03-31__15:26:09 0.09 0.05 0.01 1.93 49.38°C normal
2019-03-31__15:26:15 0.08 0.05 0.00 1.92 49.38°C normal
2019-03-31__15:26:20 0.07 0.04 0.00 2.39 49.38°C normal
2019-03-31__15:26:26 0.07 0.04 0.00 1.45 48.85°C normal
2019-03-31__15:26:32 0.06 0.04 0.00 1.45 49.38°C normal
2019-03-31__15:26:37 0.06 0.04 0.00 0.49 49.38°C normal
2019-03-31__15:26:43 0.05 0.04 0.00 0.49 49.38°C normal
2019-03-31__15:26:49 0.05 0.04 0.00 1.46 48.85°C normal
2019-03-31__15:26:54 0.04 0.04 0.00 5.40 48.85°C normal
2019-03-31__15:27:00 0.04 0.04 0.00 0.50 48.85°C normal
2019-03-31__15:27:05 0.03 0.03 0.00 0.50 49.38°C normal
2019-03-31__15:27:11 0.03 0.03 0.00 1.93 49.38°C normal
2019-03-31__15:27:17 0.03 0.03 0.00 2.41 49.38°C normal
2019-03-31__15:27:22 0.02 0.03 0.00 1.46 49.38°C normal
2019-03-31__15:27:28 0.02 0.03 0.00 0.49 49.38°C normal
2019-03-31__15:27:33 0.02 0.03 0.00 14.98 49.38°C normal
2019-03-31__15:27:39 0.02 0.03 0.00 0.50 49.38°C normal
2019-03-31__15:27:45 0.02 0.03 0.00 7.15 49.38°C normal
2019-03-31__15:27:50 0.01 0.03 0.00 3.81 49.38°C normal
2019-03-31__15:27:56 0.01 0.03 0.00 0.49 49.38°C normal
2019-03-31__15:28:02 0.17 0.06 0.01 1.46 49.38°C normal
2019-03-31__15:28:07 0.16 0.06 0.01 1.95 49.38°C normal
2019-03-31__15:28:13 0.14 0.06 0.01 1.46 49.38°C normal
2019-03-31__15:28:18 0.13 0.06 0.01 1.46 49.38°C normal
2019-03-31__15:28:24 0.12 0.06 0.01 1.45 49.38°C normal
2019-03-31__15:28:30 0.11 0.05 0.01 0.98 49.38°C normal
2019-03-31__15:28:35 0.10 0.05 0.01 6.25 49.38°C normal
2019-03-31__15:28:41 0.09 0.05 0.01 1.45 49.38°C normal
2019-03-31__15:28:46 0.08 0.05 0.01 0.50 48.85°C normal
2019-03-31__15:28:52 0.07 0.05 0.01 0.98 49.38°C normal
2019-03-31__15:28:58 0.07 0.05 0.01 0.98 49.38°C normal
2019-03-31__15:29:03 0.06 0.05 0.00 4.86 49.92°C normal
2019-03-31__15:29:09 0.06 0.05 0.00 0.49 49.38°C normal
2019-03-31__15:29:15 0.05 0.05 0.00 1.45 49.38°C normal
2019-03-31__15:29:20 0.05 0.04 0.00 22.12 49.92°C normal
2019-03-31__15:29:26 0.11 0.06 0.01 9.32 49.92°C normal
2019-03-31__15:29:31 0.10 0.06 0.01 4.37 49.38°C normal
2019-03-31__15:29:37 0.10 0.06 0.01 5.29 49.38°C normal
2019-03-31__15:29:43 0.17 0.07 0.01 4.84 49.38°C normal
2019-03-31__15:29:48 0.15 0.07 0.01 3.45 49.38°C normal
2019-03-31__15:29:54 0.14 0.07 0.01 5.32 49.38°C normal
2019-03-31__15:29:59 0.13 0.07 0.01 0.97 49.38°C normal
2019-03-31__15:30:05 0.12 0.07 0.01 0.50 50.46°C note
2019-03-31__15:30:11 0.10 0.06 0.01 0.98 49.38°C normal
2019-03-31__15:30:16 0.09 0.06 0.01 0.98 49.38°C normal
2019-03-31__15:30:22 0.08 0.06 0.01 4.86 49.38°C normal
2019-03-31__15:30:28 0.08 0.06 0.01 0.49 49.38°C normal
2019-03-31__15:30:33 0.07 0.06 0.01 1.93 49.38°C normal
2019-03-31__15:30:39 0.07 0.06 0.01 1.46 49.38°C normal
2019-03-31__15:30:44 0.06 0.06 0.01 1.46 49.38°C normal
2019-03-31__15:30:50 0.06 0.06 0.01 1.46 49.38°C normal
2019-03-31__15:30:56 0.05 0.05 0.01 0.50 49.38°C normal
2019-03-31__15:31:01 0.04 0.05 0.00 1.45 49.38°C normal
2019-03-31__15:31:07 0.04 0.05 0.00 1.94 49.38°C normal
2019-03-31__15:31:12 0.04 0.05 0.00 5.40 49.38°C normal
2019-03-31__15:31:18 0.03 0.05 0.00 1.93 49.38°C normal
2019-03-31__15:31:24 0.03 0.05 0.00 0.98 49.38°C normal
2019-03-31__15:31:29 0.03 0.05 0.00 1.45 49.38°C normal
2019-03-31__15:31:35 0.02 0.05 0.00 1.48 49.38°C normal
2019-03-31__15:31:41 0.02 0.05 0.00 1.46 49.38°C normal
2019-03-31__15:31:46 0.09 0.06 0.01 0.50 49.38°C normal
2019-03-31__15:31:52 0.08 0.06 0.01 2.42 48.85°C normal
2019-03-31__15:31:57 0.08 0.06 0.01 2.41 49.38°C normal
2019-03-31__15:32:03 0.07 0.06 0.00 5.37 49.38°C normal
2019-03-31__15:32:09 0.07 0.06 0.00 1.94 49.38°C normal
2019-03-31__15:32:14 0.06 0.05 0.00 1.46 49.38°C normal
2019-03-31__15:32:20 0.06 0.05 0.00 1.94 49.38°C normal
2019-03-31__15:32:25 0.05 0.05 0.00 1.45 49.38°C normal
2019-03-31__15:32:31 0.04 0.05 0.00 0.49 48.85°C normal
2019-03-31__15:32:37 0.04 0.05 0.00 0.49 49.38°C normal
2019-03-31__15:32:42 0.04 0.05 0.00 1.46 49.38°C normal
2019-03-31__15:32:48 0.03 0.05 0.00 0.50 49.38°C normal
2019-03-31__15:32:54 0.03 0.05 0.00 5.89 49.38°C normal
2019-03-31__15:32:59 0.03 0.05 0.00 1.47 49.38°C normal
2019-03-31__15:33:05 0.02 0.04 0.00 1.48 49.92°C normal
2019-03-31__15:33:10 0.02 0.04 0.00 0.98 48.85°C normal
2019-03-31__15:33:16 0.02 0.04 0.00 1.46 49.38°C normal
2019-03-31__15:33:22 0.02 0.04 0.00 1.47 48.85°C normal
2019-03-31__15:33:27 0.02 0.04 0.00 2.42 48.31°C normal
2019-03-31__15:33:33 0.01 0.04 0.00 2.40 49.38°C normal
2019-03-31__15:33:38 0.01 0.04 0.00 0.99 48.85°C normal
2019-03-31__15:33:44 0.01 0.04 0.00 1.46 49.38°C normal
2019-03-31__15:33:50 0.01 0.04 0.00 0.99 48.85°C normal
2019-03-31__15:33:55 0.01 0.04 0.00 1.45 48.85°C normal
2019-03-31__15:34:01 0.01 0.03 0.00 1.94 48.85°C normal
2019-03-31__15:34:07 0.01 0.03 0.00 1.46 49.92°C normal
2019-03-31__15:34:12 0.01 0.03 0.00 1.45 49.38°C normal
2019-03-31__15:34:18 0.00 0.03 0.00 0.49 48.85°C normal
2019-03-31__15:34:23 0.00 0.03 0.00 0.98 48.31°C normal
2019-03-31__15:39:56 0.30 0.17 0.06 9.00 49.38°C normal
2019-03-31__15:40:02 0.25 0.16 0.06 0.98 50.46°C note
2019-03-31__15:40:07 0.23 0.16 0.06 1.96 50.46°C note
2019-03-31__15:40:13 0.21 0.16 0.06 1.45 49.38°C normal
2019-03-31__15:40:19 0.27 0.17 0.06 0.49 49.38°C normal
2019-03-31__15:40:24 0.33 0.19 0.07 1.46 49.38°C normal
2019-03-31__15:40:30 0.31 0.18 0.07 0.98 49.38°C normal
2019-03-31__15:40:36 0.28 0.18 0.06 1.45 50.46°C note
2019-03-31__15:40:41 0.26 0.18 0.06 0.49 49.38°C normal
2019-03-31__15:40:47 0.22 0.17 0.06 7.36 49.38°C normal
2019-03-31__15:40:52 0.28 0.18 0.07 7.43 51.54°C note
2019-03-31__15:40:58 0.26 0.18 0.07 7.43 52.61°C note
2019-03-31__15:41:04 0.24 0.18 0.07 1.47 50.46°C note
2019-03-31__15:41:09 0.22 0.17 0.07 1.45 50.46°C note
2019-03-31__15:41:15 0.20 0.17 0.07 1.45 52.07°C note
2019-03-31__15:41:20 0.27 0.19 0.07 6.90 50.46°C note
2019-03-31__15:41:26 0.24 0.18 0.07 9.86 49.92°C normal
2019-03-31__15:41:32 0.30 0.20 0.08 10.30 50.46°C note
2019-03-31__15:41:37 0.26 0.19 0.08 8.74 50.46°C note
2019-03-31__15:41:43 0.24 0.19 0.08 1.94 50.46°C note
2019-03-31__15:41:48 0.22 0.18 0.08 1.47 49.38°C normal
2019-03-31__15:41:54 0.20 0.18 0.07 1.47 50.46°C note
2019-03-31__15:42:00 0.18 0.18 0.07 1.45 49.38°C normal
2019-03-31__15:42:05 0.17 0.17 0.07 0.50 49.38°C normal
2019-03-31__15:42:11 0.16 0.17 0.07 14.64 50.46°C note
2019-03-31__15:42:16 0.14 0.17 0.07 6.29 51.00°C note
2019-03-31__15:42:22 0.12 0.16 0.07 1.47 51.54°C note
2019-03-31__15:42:28 0.11 0.16 0.07 3.00 51.00°C note
2019-03-31__15:42:33 0.10 0.15 0.07 1.93 51.00°C note
2019-03-31__15:42:39 0.09 0.15 0.07 0.50 50.46°C note
2019-03-31__15:42:44 0.08 0.15 0.07 5.42 49.38°C normal
2019-03-31__15:42:50 0.08 0.15 0.07 9.86 51.00°C note
2019-03-31__15:42:56 0.07 0.14 0.07 4.96 51.00°C note
2019-03-31__15:43:01 0.07 0.14 0.07 1.97 52.07°C note
2019-03-31__15:43:07 0.06 0.14 0.07 0.98 51.54°C note
2019-03-31__15:42:47 0.08 0.15 0.07 7.97 49.38°C normal
2019-03-31__15:42:53 0.07 0.14 0.07 11.83 50.46°C note
2019-03-31__15:42:58 0.07 0.14 0.07 3.91 51.54°C note
2019-03-31__15:43:04 0.06 0.14 0.07 0.98 50.46°C note
2019-03-31__15:43:10 0.14 0.15 0.07 1.96 50.46°C note
2019-03-31__15:43:12 0.29 0.18 0.08 12.08 51.54°C note
2019-03-31__15:43:18 0.26 0.18 0.08 3.91 51.54°C note
2019-03-31__15:43:23 0.24 0.18 0.08 3.47 50.46°C note
2019-03-31__15:43:29 0.22 0.17 0.08 8.34 50.46°C note
2019-03-31__15:43:35 0.28 0.19 0.09 1.46 51.54°C note
2019-03-31__15:43:15 0.29 0.18 0.08 0.50 51.54°C note
2019-03-31__15:43:21 0.26 0.18 0.08 0.98 51.54°C note
2019-03-31__15:43:26 0.24 0.18 0.08 14.22 51.54°C note
2019-03-31__15:43:32 0.22 0.17 0.08 0.50 51.54°C note
2019-03-31__15:43:38 0.26 0.18 0.09 5.83 50.46°C note
2019-03-31__15:43:40 0.26 0.18 0.09 1.46 50.46°C note
2019-03-31__15:43:46 0.24 0.18 0.09 0.97 49.92°C normal
2019-03-31__15:43:52 0.22 0.18 0.09 1.45 50.46°C note
2019-03-31__15:43:57 0.19 0.17 0.09 0.50 51.00°C note
2019-03-31__15:44:03 0.17 0.17 0.08 7.22 49.38°C normal
2019-03-31__15:43:43 0.24 0.18 0.09 1.45 49.92°C normal
2019-03-31__15:43:49 0.22 0.18 0.09 5.83 50.46°C note
2019-03-31__15:43:54 0.20 0.17 0.09 0.50 49.92°C normal
2019-03-31__15:44:00 0.19 0.17 0.09 1.46 49.38°C normal
2019-03-31__15:44:06 0.17 0.17 0.08 1.45 49.92°C normal
2019-03-31__15:44:08 0.16 0.17 0.08 1.45 49.92°C normal
2019-03-31__15:44:14 0.14 0.16 0.08 5.83 49.38°C normal
2019-03-31__15:44:20 0.13 0.16 0.08 1.45 49.38°C normal
2019-03-31__15:44:25 0.12 0.16 0.08 0.50 49.38°C normal
2019-03-31__15:44:31 0.11 0.15 0.08 0.98 49.38°C normal
2019-03-31__15:44:11 0.16 0.17 0.08 0.50 49.92°C normal
2019-03-31__15:44:17 0.14 0.16 0.08 7.32 49.38°C normal
2019-03-31__15:44:22 0.12 0.16 0.08 1.46 49.38°C normal
2019-03-31__15:44:28 0.11 0.15 0.08 4.93 49.92°C normal
2019-03-31__15:44:34 0.10 0.15 0.08 1.46 49.38°C normal
2019-03-31__15:47:50 0.13 0.22 0.12 13.24 50.46°C note
2019-03-31__15:47:55 0.20 0.23 0.13 4.42 49.92°C normal
2019-03-31__15:48:01 0.26 0.24 0.13 4.88 49.38°C normal
2019-03-31__15:48:06 0.24 0.24 0.13 4.86 49.38°C normal
2019-03-31__15:48:12 0.38 0.27 0.14 24.42 49.38°C normal
2019-03-31__15:48:18 0.32 0.26 0.14 9.27 50.46°C note
2019-03-31__15:48:23 0.30 0.25 0.14 4.88 49.38°C normal
2019-03-31__15:48:29 0.27 0.25 0.14 3.93 49.38°C normal
2019-03-31__15:48:35 0.25 0.24 0.14 9.27 49.38°C normal
2019-03-31__15:48:40 0.23 0.24 0.14 9.27 49.38°C normal
2019-03-31__16:00:53 0.05 0.10 0.09 8.34 49.38°C normal
2019-03-31__16:00:59 0.05 0.10 0.09 0.50 48.85°C normal
2019-03-31__16:01:05 0.04 0.10 0.09 1.45 49.38°C normal
2019-03-31__16:01:10 0.04 0.09 0.09 0.98 49.38°C normal
2019-03-31__16:01:16 0.03 0.09 0.09 2.89 49.38°C normal
2019-03-31__16:01:21 0.03 0.09 0.09 1.45 49.38°C normal
2019-03-31__16:01:27 0.03 0.09 0.09 1.93 49.38°C normal
2019-03-31__16:01:33 0.02 0.09 0.09 1.46 48.31°C normal
2019-03-31__16:01:38 0.02 0.09 0.08 1.94 49.38°C normal
2019-03-31__16:01:44 0.02 0.08 0.08 4.96 49.38°C normal
2019-03-31__16:01:50 0.02 0.08 0.08 1.45 48.31°C normal
2019-03-31__16:01:55 0.18 0.11 0.09 0.98 49.38°C normal
2019-03-31__16:02:01 0.16 0.11 0.09 1.45 49.38°C normal
2019-03-31__16:02:06 0.15 0.11 0.09 1.46 48.85°C normal
2019-03-31__16:02:12 0.14 0.11 0.09 0.50 49.38°C normal
2019-03-31__16:02:18 0.12 0.11 0.09 1.94 49.38°C normal
2019-03-31__16:02:23 0.11 0.10 0.09 13.31 49.38°C normal
2019-03-31__16:02:29 0.11 0.10 0.09 1.46 49.38°C normal
2019-03-31__16:02:34 0.09 0.10 0.09 5.86 49.38°C normal
2019-03-31__16:02:40 0.08 0.10 0.09 0.50 49.38°C normal
2019-03-31__16:02:46 0.07 0.09 0.09 0.97 48.85°C normal
2019-03-31__16:02:51 0.07 0.09 0.09 1.45 48.85°C normal
2019-03-31__16:02:57 0.06 0.09 0.09 0.50 49.92°C normal
2019-03-31__16:03:03 0.06 0.09 0.09 1.94 48.31°C normal
2019-03-31__16:03:08 0.05 0.09 0.09 1.45 49.38°C normal
2019-03-31__16:03:14 0.05 0.08 0.08 1.94 48.85°C normal
2019-03-31__16:03:19 0.04 0.08 0.08 0.49 48.85°C normal
2019-03-31__16:03:25 0.04 0.08 0.08 6.80 49.38°C normal
2019-03-31__16:03:31 0.03 0.08 0.08 1.47 48.85°C normal
2019-03-31__16:03:36 0.03 0.08 0.08 0.50 49.38°C normal
2019-03-31__16:03:56 0.02 0.07 0.08 12.02 48.85°C normal
2019-03-31__16:04:01 0.02 0.07 0.08 0.50 48.85°C normal
2019-03-31__16:04:07 0.02 0.07 0.08 1.46 48.85°C normal
2019-03-31__16:04:13 0.02 0.07 0.08 0.98 48.31°C normal
2019-03-31__16:04:18 0.09 0.08 0.08 1.97 49.38°C normal
2019-03-31__16:13:34 0.05 0.09 0.09 12.81 49.92°C normal
2019-03-31__16:13:40 0.04 0.09 0.09 4.84 50.46°C note
2019-03-31__16:13:46 0.04 0.08 0.09 4.84 49.38°C normal
2019-03-31__16:13:51 0.03 0.08 0.09 5.40 49.38°C normal
2019-03-31__16:13:57 0.03 0.08 0.09 4.37 49.38°C normal
2019-03-31__16:14:56 0.01 0.06 0.08 10.74 50.46°C note
2019-03-31__16:15:01 0.08 0.08 0.09 3.91 50.46°C note
2019-03-31__16:15:07 0.24 0.11 0.10 5.83 49.92°C normal
2019-03-31__16:15:12 0.46 0.16 0.11 2.42 49.92°C normal
2019-03-31__16:15:18 0.50 0.17 0.12 3.44 50.46°C note
2019-03-31__16:15:24 0.54 0.19 0.12 11.17 53.69°C note
2019-03-31__16:15:29 0.58 0.20 0.13 0.98 53.69°C note
2019-03-31__16:15:35 0.53 0.20 0.13 4.84 52.07°C note
2019-03-31__16:15:40 0.49 0.19 0.13 0.49 51.54°C note
2019-03-31__16:15:46 0.41 0.19 0.12 7.62 50.46°C note
2019-03-31__16:15:52 0.38 0.18 0.12 3.97 50.46°C note
2019-03-31__16:15:57 0.67 0.25 0.14 6.90 52.07°C note
2019-03-31__16:16:03 0.62 0.24 0.14 6.80 51.54°C note
2019-03-31__16:16:08 0.57 0.24 0.14 15.61 52.61°C note
2019-03-31__16:16:14 0.60 0.25 0.15 50.50 55.84°C note
2019-03-31__16:17:34 1.83 0.70 0.31 34.15 62.30°C note
2019-03-31__16:17:40 1.76 0.71 0.32 36.10 61.22°C note
2019-03-31__16:17:45 1.70 0.71 0.32 25.99 62.30°C note
2019-03-31__16:17:51 1.64 0.72 0.33 31.69 61.22°C note
2019-03-31__16:17:57 1.84 0.79 0.36 25.86 61.22°C note
2019-03-31__16:19:32 1.34 0.92 0.45 38.43 63.37°C note
2019-03-31__16:19:38 1.40 0.94 0.46 49.76 62.83°C note
2019-03-31__16:19:43 1.36 0.94 0.46 25.62 63.37°C note
2019-03-31__16:19:49 1.33 0.94 0.46 33.01 62.30°C note
2019-03-31__16:19:54 1.31 0.94 0.47 34.66 62.83°C note
2019-03-31__16:20:00 1.28 0.94 0.47 25.50 61.76°C note
2019-03-31__16:20:06 1.26 0.95 0.47 38.24 63.91°C note
2019-03-31__16:20:11 1.24 0.95 0.47 25.62 62.83°C note
2019-03-31__16:20:17 1.20 0.95 0.48 29.62 61.22°C note
2019-03-31__16:20:22 1.18 0.95 0.48 28.58 61.76°C note
2019-03-31__16:20:28 1.17 0.95 0.49 31.38 62.30°C note
2019-03-31__16:20:34 1.16 0.95 0.49 31.38 62.30°C note
2019-03-31__16:20:39 1.14 0.95 0.49 25.99 62.30°C note
2019-03-31__16:20:45 1.13 0.95 0.50 29.56 62.30°C note
2019-03-31__16:20:50 1.12 0.95 0.50 27.87 62.83°C note
2019-03-31__16:20:56 1.11 0.95 0.50 32.02 62.83°C note
2019-03-31__16:21:01 1.18 0.97 0.51 25.88 63.37°C note
2019-03-31__16:21:07 1.39 1.02 0.53 29.56 63.91°C note
2019-03-31__16:21:13 1.36 1.02 0.53 42.86 62.30°C note
2019-03-31__16:21:18 1.33 1.02 0.54 35.33 64.45°C note
2019-03-31__16:48:44 0.00 0.09 0.30 10.95 49.92°C normal
2019-03-31__16:48:49 0.00 0.09 0.30 1.47 52.07°C note
2019-03-31__16:48:55 0.00 0.08 0.29 1.45 49.92°C normal
2019-03-31__16:49:00 0.15 0.12 0.30 1.93 49.92°C normal
2019-03-31__16:49:06 0.13 0.11 0.30 0.50 50.46°C note
2019-03-31__16:49:12 0.12 0.11 0.30 1.46 49.92°C normal
2019-03-31__16:49:17 0.11 0.11 0.29 1.93 49.38°C normal
2019-03-31__16:49:23 0.10 0.11 0.29 0.50 49.38°C normal
2019-03-31__16:49:28 0.10 0.11 0.29 1.45 49.38°C normal
2019-03-31__16:49:34 0.09 0.10 0.29 5.83 49.38°C normal
2019-03-31__16:49:40 0.08 0.10 0.29 1.94 49.38°C normal
2019-03-31__16:49:45 0.07 0.10 0.28 1.47 49.92°C normal
2019-03-31__16:49:51 0.06 0.10 0.28 0.49 49.92°C normal
2019-03-31__16:49:57 0.06 0.09 0.28 1.48 49.38°C normal
2019-03-31__16:50:02 0.05 0.09 0.28 1.46 49.92°C normal
2019-03-31__16:50:08 0.05 0.09 0.28 5.86 49.38°C normal
2019-03-31__16:50:13 0.04 0.09 0.27 13.73 49.92°C normal
2019-03-31__16:50:19 0.04 0.09 0.27 1.45 49.92°C normal
2019-03-31__16:50:25 0.04 0.08 0.27 7.77 49.92°C normal
2019-03-31__16:50:30 0.11 0.10 0.27 0.49 49.92°C normal
2019-03-31__16:50:36 0.18 0.11 0.28 0.50 49.92°C normal
2019-03-31__16:50:41 0.17 0.11 0.27 1.46 49.92°C normal
2019-03-31__16:50:47 0.15 0.11 0.27 1.46 49.38°C normal
2019-03-31__16:50:53 0.14 0.11 0.27 4.40 49.38°C normal
2019-03-31__16:50:58 0.13 0.11 0.27 1.46 49.92°C normal
2019-03-31__16:51:04 0.12 0.10 0.27 1.95 50.46°C note
2019-03-31__16:51:10 0.11 0.10 0.27 0.98 49.92°C normal
2019-03-31__16:51:15 0.09 0.10 0.26 4.96 50.46°C note
2019-03-31__16:51:21 0.08 0.10 0.26 9.18 49.38°C normal
2019-03-31__16:51:26 0.08 0.09 0.26 0.50 49.92°C normal
2019-03-31__16:51:32 0.07 0.09 0.26 0.49 49.92°C normal
2019-03-31__16:51:38 0.06 0.09 0.26 0.99 49.38°C normal
2019-03-31__16:51:43 0.06 0.09 0.26 4.37 49.92°C normal
2019-03-31__16:51:49 0.05 0.09 0.25 0.49 49.38°C normal
2019-03-31__16:51:54 0.05 0.09 0.25 1.46 49.38°C normal
2019-03-31__16:52:00 0.05 0.08 0.25 4.86 49.38°C normal
2019-03-31__16:52:06 0.04 0.08 0.25 6.35 50.46°C note
2019-03-31__16:52:11 0.12 0.10 0.25 1.46 50.46°C note
2019-03-31__16:52:17 0.11 0.09 0.25 0.98 50.46°C note
2019-03-31__16:52:23 0.10 0.09 0.25 5.75 50.46°C note
2019-03-31__16:52:28 0.09 0.09 0.25 0.98 49.92°C normal
2019-03-31__16:52:34 0.08 0.09 0.25 0.99 49.92°C normal
2019-03-31__16:52:39 0.08 0.09 0.25 10.30 49.38°C normal
2019-03-31__16:52:45 0.07 0.09 0.24 5.37 51.00°C note
2019-03-31__16:52:51 0.06 0.08 0.24 1.45 49.92°C normal
2019-03-31__16:52:56 0.05 0.08 0.24 0.49 49.38°C normal
2019-03-31__16:53:02 0.13 0.10 0.24 5.40 49.38°C normal
2019-03-31__16:53:07 0.12 0.09 0.24 1.45 49.92°C normal
2019-03-31__16:53:13 0.19 0.11 0.25 1.45 49.92°C normal
2019-03-31__16:53:19 0.17 0.11 0.25 0.49 50.46°C note
2019-03-31__16:53:24 0.16 0.11 0.24 1.46 49.38°C normal
2019-03-31__16:53:30 0.15 0.10 0.24 1.45 49.38°C normal
2019-03-31__16:53:36 0.12 0.10 0.24 5.83 49.38°C normal
2019-03-31__16:53:41 0.11 0.10 0.24 1.47 50.46°C note
2019-03-31__16:53:47 0.10 0.10 0.24 0.99 49.92°C normal
2019-03-31__16:53:52 0.10 0.09 0.24 6.77 49.38°C normal
2019-03-31__16:53:58 0.09 0.09 0.23 0.50 49.92°C normal
2019-03-31__16:54:04 0.08 0.09 0.23 1.94 49.92°C normal
2019-03-31__16:54:09 0.07 0.09 0.23 4.37 49.38°C normal
2019-03-31__16:54:15 0.07 0.09 0.23 1.95 51.00°C note
2019-03-31__16:54:20 0.06 0.08 0.23 0.50 49.92°C normal
2019-03-31__16:54:26 0.05 0.08 0.23 5.40 50.46°C note
2019-03-31__16:54:32 0.53 0.18 0.26 0.98 50.46°C note
2019-03-31__16:54:37 0.49 0.18 0.26 1.46 49.92°C normal
2019-03-31__16:54:43 0.53 0.19 0.26 9.36 49.92°C normal
2019-03-31__16:54:49 0.48 0.19 0.26 1.94 50.46°C note
2019-03-31__16:54:54 0.45 0.18 0.26 0.98 49.92°C normal
2019-03-31__16:55:00 0.41 0.18 0.26 1.45 49.38°C normal
2019-03-31__16:55:05 0.38 0.18 0.25 1.45 49.38°C normal
2019-03-31__16:55:11 0.32 0.17 0.25 17.16 50.46°C note
2019-03-31__16:55:17 0.29 0.17 0.25 4.44 50.46°C note
2019-03-31__16:55:22 0.27 0.16 0.25 1.46 49.38°C normal
2019-03-31__16:55:28 0.25 0.16 0.25 2.41 49.92°C normal
2019-03-31__16:55:34 0.23 0.16 0.25 5.83 49.38°C normal
2019-03-31__16:55:39 0.21 0.16 0.24 1.46 49.92°C normal
2019-03-31__16:55:45 0.19 0.15 0.24 3.44 50.46°C note
2019-03-31__16:55:50 0.18 0.15 0.24 1.46 49.92°C normal
2019-03-31__16:55:56 0.15 0.14 0.24 0.99 49.38°C normal
2019-03-31__16:56:02 0.14 0.14 0.24 1.46 49.38°C normal
2019-03-31__16:56:07 0.12 0.14 0.23 5.86 49.38°C normal
2019-03-31__16:57:36 0.10 0.13 0.22 11.28 50.46°C note
2019-03-31__16:57:41 0.08 0.13 0.22 13.31 50.46°C note
2019-03-31__16:57:47 0.15 0.14 0.22 3.44 51.54°C note
2019-03-31__16:57:52 0.14 0.14 0.22 5.32 50.46°C note
2019-03-31__16:57:58 0.21 0.15 0.23 5.80 49.38°C normal
2019-03-31__17:16:45 0.72 0.31 0.22 12.99 49.92°C normal
2019-03-31__17:16:51 0.66 0.30 0.22 6.77 49.38°C normal
2019-03-31__17:16:57 0.61 0.30 0.21 3.39 50.46°C note
2019-03-31__17:17:02 0.56 0.29 0.21 4.77 50.46°C note
2019-03-31__17:17:08 0.51 0.29 0.21 1.48 49.38°C normal
2019-03-31__17:17:32 0.41 0.28 0.21 8.34 49.38°C normal
2019-03-31__17:17:38 0.38 0.28 0.21 1.45 49.92°C normal
2019-03-31__17:17:44 0.32 0.27 0.21 1.45 50.46°C note
2019-03-31__17:17:49 0.29 0.26 0.20 1.45 49.38°C normal
2019-03-31__17:17:55 0.35 0.27 0.21 16.67 49.38°C normal
2019-03-31__17:18:15 0.25 0.26 0.20 10.20 49.38°C normal
2019-03-31__17:18:21 0.23 0.25 0.20 0.98 50.46°C note
2019-03-31__17:18:27 0.21 0.25 0.20 6.77 49.92°C normal
2019-03-31__17:18:32 0.19 0.24 0.20 0.98 49.38°C normal
2019-03-31__17:18:38 0.18 0.24 0.20 0.98 49.38°C normal
2019-03-31__17:29:03 0.00 0.04 0.09 10.20 49.38°C normal
2019-03-31__17:29:09 0.00 0.04 0.09 0.49 49.38°C normal
2019-03-31__17:29:14 0.00 0.03 0.09 0.98 49.38°C normal
2019-03-31__17:29:20 0.00 0.03 0.09 1.46 49.38°C normal
2019-03-31__17:29:26 0.00 0.03 0.09 0.49 49.38°C normal
2019-03-31__17:31:54 0.22 0.10 0.10 12.50 49.38°C normal
2019-03-31__17:32:00 0.18 0.10 0.10 1.45 49.38°C normal
2019-03-31__17:32:06 0.17 0.10 0.10 1.46 49.38°C normal
2019-03-31__17:32:11 0.16 0.09 0.10 1.47 49.38°C normal
2019-03-31__17:32:17 0.14 0.09 0.10 1.48 49.38°C normal
