2019-03-26__18:49:07 pi10 Raspbian_GNU/Linux_9 4.9.41-v7+ up_7_weeks,_4_days,_6_hours,_44_minutes 2.01 2.06 2.03 29941 36% 927 8% 67.14 normal normal note
2019-03-26__18:53:01 pi10 Raspbian_GNU/Linux_9 4.9.41-v7+ up_7_weeks,_4_days,_6_hours,_48_minutes 2.00 2.02 2.00 29941 36% 927 9% 67.67 normal normal note
2019-03-26__18:54:01 pi10 Raspbian_GNU/Linux_9 4.9.41-v7+ up_7_weeks,_4_days,_6_hours,_49_minutes 2.00 2.02 2.00 29941 36% 927 8% 66.60 normal normal note
2019-03-26__19:38:27 pi10 Raspbian_GNU/Linux_9 4.9.41-v7+ up_7_weeks,_4_days,_7_hours,_34_minutes 2.14 2.10 2.05 29941 36% 927 8% 67.67 normal normal note
2019-03-26__19:42:08 pi10 Raspbian_GNU/Linux_9 4.9.41-v7+ up_7_weeks,_4_days,_7_hours,_37_minutes 2.17 2.14 2.07 29941 36% 927 8% 67.14 normal normal note
2019-03-26__19:43:08 pi10 Raspbian_GNU/Linux_9 4.9.41-v7+ up_7_weeks,_4_days,_7_hours,_38_minutes 2.14 2.13 2.07 29941 36% 927 8% 66.60 normal normal note
2019-03-26__19:44:08 pi10 Raspbian_GNU/Linux_9 4.9.41-v7+ up_7_weeks,_4_days,_7_hours,_39_minutes 2.05 2.10 2.07 29941 36% 927 8% 67.67 normal normal note
2019-03-26__19:52:19 pi10 Raspbian_GNU/Linux_9 4.9.41-v7+ up_7_weeks,_4_days,_7_hours,_47_minutes 2.06 2.07 2.05 29941 36% 927 8% 67.67 normal normal note
2019-03-26__19:53:19 pi10 Raspbian_GNU/Linux_9 4.9.41-v7+ up_7_weeks,_4_days,_7_hours,_48_minutes 2.02 2.06 2.05 29941 36% 927 8% 67.67 normal normal note
2019-03-26__19:54:19 pi10 Raspbian_GNU/Linux_9 4.9.41-v7+ up_7_weeks,_4_days,_7_hours,_49_minutes 2.05 2.06 2.05 29941 36% 927 8% 67.14 normal normal note
2019-03-26__19:55:19 pi10 Raspbian_GNU/Linux_9 4.9.41-v7+ up_7_weeks,_4_days,_7_hours,_50_minutes 2.02 2.05 2.04 29941 36% 927 8% 67.14 normal normal note
2019-03-26__19:56:19 pi10 Raspbian_GNU/Linux_9 4.9.41-v7+ up_7_weeks,_4_days,_7_hours,_51_minutes 2.00 2.04 2.04 29941 36% 927 8% 67.67 normal normal note
2019-03-26__19:58:16 pi10 Raspbian_GNU/Linux_9 4.9.41-v7+ up_7_weeks,_4_days,_7_hours,_53_minutes 2.16 2.10 2.06 29941 36% 927 8% 68.21 normal normal note
2019-03-26__19:59:16 pi10 Raspbian_GNU/Linux_9 4.9.41-v7+ up_7_weeks,_4_days,_7_hours,_54_minutes 2.06 2.08 2.05 29941 36% 927 8% 67.14 normal normal note
2019-03-26__20:00:16 pi10 Raspbian_GNU/Linux_9 4.9.41-v7+ up_7_weeks,_4_days,_7_hours,_55_minutes 2.02 2.06 2.05 29941 36% 927 8% 67.14 normal normal note
2019-03-26__20:01:16 pi10 Raspbian_GNU/Linux_9 4.9.41-v7+ up_7_weeks,_4_days,_7_hours,_56_minutes 2.11 2.08 2.05 29941 36% 927 8% 67.67 normal normal note
2019-03-26__20:04:24 pi10 Raspbian_GNU/Linux_9 4.9.41-v7+ up_7_weeks,_4_days,_7_hours,_59_minutes 2.18 2.10 2.06 29941 36% 927 8% 67.67 normal normal note
2019-03-26__20:05:24 pi10 Raspbian_GNU/Linux_9 4.9.41-v7+ up_7_weeks,_4_days,_8_hours 2.34 2.18 2.09 29941 36% 927 8% 66.60 normal normal note
2019-03-31__15:23:40 pi3 Raspbian_GNU/Linux_9 4.9.41-v7+ up_2_days,_19_hours,_22_minutes 0.02 0.04 0.00 29941 31% 927 8% 49.38 normal normal normal
2019-03-31__15:26:04 pi3 Raspbian_GNU/Linux_9 4.9.41-v7+ up_2_days,_19_hours,_25_minutes 0.10 0.05 0.01 29941 31% 927 8% 50.46 normal normal note
2019-03-31__15:27:04 pi3 Raspbian_GNU/Linux_9 4.9.41-v7+ up_2_days,_19_hours,_26_minutes 0.04 0.04 0.00 29941 31% 927 8% 50.46 normal normal note
2019-03-26__18:49:07 pi10 Raspbian_GNU/Linux_9 4.9.41-v7+ up_7_weeks,_4_days,_6_hours,_44_minutes 2.01 2.06 2.03 29941 36% 927 8% 67.14 normal normal note
2019-03-26__18:53:01 pi10 Raspbian_GNU/Linux_9 4.9.41-v7+ up_7_weeks,_4_days,_6_hours,_48_minutes 2.00 2.02 2.00 29941 36% 927 9% 67.67 normal normal note
2019-03-26__18:54:01 pi10 Raspbian_GNU/Linux_9 4.9.41-v7+ up_7_weeks,_4_days,_6_hours,_49_minutes 2.00 2.02 2.00 29941 36% 927 8% 66.60 normal normal note
2019-03-26__19:38:27 pi10 Raspbian_GNU/Linux_9 4.9.41-v7+ up_7_weeks,_4_days,_7_hours,_34_minutes 2.14 2.10 2.05 29941 36% 927 8% 67.67 normal normal note
2019-03-26__19:42:08 pi10 Raspbian_GNU/Linux_9 4.9.41-v7+ up_7_weeks,_4_days,_7_hours,_37_minutes 2.17 2.14 2.07 29941 36% 927 8% 67.14 normal normal note
2019-03-26__19:43:08 pi10 Raspbian_GNU/Linux_9 4.9.41-v7+ up_7_weeks,_4_days,_7_hours,_38_minutes 2.14 2.13 2.07 29941 36% 927 8% 66.60 normal normal note
2019-03-26__19:44:08 pi10 Raspbian_GNU/Linux_9 4.9.41-v7+ up_7_weeks,_4_days,_7_hours,_39_minutes 2.05 2.10 2.07 29941 36% 927 8% 67.67 normal normal note
2019-03-26__19:52:19 pi10 Raspbian_GNU/Linux_9 4.9.41-v7+ up_7_weeks,_4_days,_7_hours,_47_minutes 2.06 2.07 2.05 29941 36% 927 8% 67.67 normal normal note
2019-03-26__19:53:19 pi10 Raspbian_GNU/Linux_9 4.9.41-v7+ up_7_weeks,_4_days,_7_hours,_48_minutes 2.02 2.06 2.05 29941 36% 927 8% 67.67 normal normal note
2019-03-26__19:54:19 pi10 Raspbian_GNU/Linux_9 4.9.41-v7+ up_7_weeks,_4_days,_7_hours,_49_minutes 2.05 2.06 2.05 29941 36% 927 8% 67.14 normal normal note
2019-03-26__19:55:19 pi10 Raspbian_GNU/Linux_9 4.9.41-v7+ up_7_weeks,_4_days,_7_hours,_50_minutes 2.02 2.05 2.04 29941 36% 927 8% 67.14 normal normal note
2019-03-26__19:56:19 pi10 Raspbian_GNU/Linux_9 4.9.41-v7+ up_7_weeks,_4_days,_7_hours,_51_minutes 2.00 2.04 2.04 29941 36% 927 8% 67.67 normal normal note
2019-03-26__19:58:16 pi10 Raspbian_GNU/Linux_9 4.9.41-v7+ up_7_weeks,_4_days,_7_hours,_53_minutes 2.16 2.10 2.06 29941 36% 927 8% 68.21 normal normal note
2019-03-26__19:59:16 pi10 Raspbian_GNU/Linux_9 4.9.41-v7+ up_7_weeks,_4_days,_7_hours,_54_minutes 2.06 2.08 2.05 29941 36% 927 8% 67.14 normal normal note
2019-03-26__20:00:16 pi10 Raspbian_GNU/Linux_9 4.9.41-v7+ up_7_weeks,_4_days,_7_hours,_55_minutes 2.02 2.06 2.05 29941 36% 927 8% 67.14 normal normal note
2019-03-26__20:01:16 pi10 Raspbian_GNU/Linux_9 4.9.41-v7+ up_7_weeks,_4_days,_7_hours,_56_minutes 2.11 2.08 2.05 29941 36% 927 8% 67.67 normal normal note
2019-03-26__20:04:24 pi10 Raspbian_GNU/Linux_9 4.9.41-v7+ up_7_weeks,_4_days,_7_hours,_59_minutes 2.18 2.10 2.06 29941 36% 927 8% 67.67 normal normal note
2019-03-26__20:05:24 pi10 Raspbian_GNU/Linux_9 4.9.41-v7+ up_7_weeks,_4_days,_8_hours 2.34 2.18 2.09 29941 36% 927 8% 66.60 normal normal note
2019-03-31__15:23:40 pi3 Raspbian_GNU/Linux_9 4.9.41-v7+ up_2_days,_19_hours,_22_minutes 0.02 0.04 0.00 29941 31% 927 8% 49.38 normal normal normal
2019-03-31__15:26:04 pi3 Raspbian_GNU/Linux_9 4.9.41-v7+ up_2_days,_19_hours,_25_minutes 0.10 0.05 0.01 29941 31% 927 8% 50.46 normal normal note
2019-03-31__15:27:04 pi3 Raspbian_GNU/Linux_9 4.9.41-v7+ up_2_days,_19_hours,_26_minutes 0.04 0.04 0.00 29941 31% 927 8% 50.46 normal normal note
2019-03-31__15:28:04 pi3 Raspbian_GNU/Linux_9 4.9.41-v7+ up_2_days,_19_hours,_27_minutes 0.17 0.06 0.01 29941 31% 927 8% 49.92 normal normal normal
2019-03-31__15:29:04 pi3 Raspbian_GNU/Linux_9 4.9.41-v7+ up_2_days,_19_hours,_28_minutes 0.06 0.05 0.00 29941 31% 927 8% 49.92 normal normal normal
2019-03-31__15:30:04 pi3 Raspbian_GNU/Linux_9 4.9.41-v7+ up_2_days,_19_hours,_29_minutes 0.12 0.07 0.01 29941 31% 927 8% 49.92 normal normal normal
2019-03-31__15:31:04 pi3 Raspbian_GNU/Linux_9 4.9.41-v7+ up_2_days,_19_hours,_30_minutes 0.04 0.05 0.00 29941 31% 927 8% 49.38 normal normal normal
2019-03-31__15:32:04 pi3 Raspbian_GNU/Linux_9 4.9.41-v7+ up_2_days,_19_hours,_31_minutes 0.07 0.06 0.00 29941 31% 927 8% 49.38 normal normal normal
2019-03-31__15:33:05 pi3 Raspbian_GNU/Linux_9 4.9.41-v7+ up_2_days,_19_hours,_32_minutes 0.02 0.04 0.00 29941 31% 927 8% 49.38 normal normal normal
2019-03-31__15:39:56 pi3 Raspbian_GNU/Linux_9 4.9.41-v7+ up_2_days,_19_hours,_39_minutes 0.30 0.17 0.06 29941 31% 927 9% 49.92 normal normal normal
2019-03-31__15:40:56 pi3 Raspbian_GNU/Linux_9 4.9.41-v7+ up_2_days,_19_hours,_40_minutes 0.28 0.18 0.07 29941 31% 927 9% 52.61 normal normal note
2019-03-31__15:41:56 pi3 Raspbian_GNU/Linux_9 4.9.41-v7+ up_2_days,_19_hours,_41_minutes 0.20 0.18 0.07 29941 31% 927 9% 49.38 normal normal normal
2019-03-31__15:42:47 pi3 Raspbian_GNU/Linux_9 4.9.41-v7+ up_2_days,_19_hours,_41_minutes 0.08 0.15 0.07 29941 31% 927 9% 50.46 normal normal note
2019-03-31__15:42:57 pi3 Raspbian_GNU/Linux_9 4.9.41-v7+ up_2_days,_19_hours,_42_minutes 0.07 0.14 0.07 29941 31% 927 9% 51.54 normal normal note
2019-03-31__15:43:47 pi3 Raspbian_GNU/Linux_9 4.9.41-v7+ up_2_days,_19_hours,_42_minutes 0.22 0.18 0.09 29941 31% 927 8% 50.46 normal normal note
2019-03-31__16:00:53 pi3 Raspbian_GNU/Linux_9 4.9.41-v7+ up_2_days,_20_hours 0.05 0.10 0.09 29941 31% 927 8% 49.38 normal normal normal
2019-03-31__16:01:53 pi3 Raspbian_GNU/Linux_9 4.9.41-v7+ up_2_days,_20_hours,_1_minute 0.02 0.08 0.08 29941 31% 927 9% 49.92 normal normal normal
2019-03-31__16:14:56 pi3 Raspbian_GNU/Linux_9 4.9.41-v7+ up_2_days,_20_hours,_14_minutes 0.01 0.06 0.08 29941 31% 927 10% 51.00 normal normal note
2019-03-31__16:19:32 pi3 Raspbian_GNU/Linux_9 4.9.41-v7+ up_2_days,_20_hours,_18_minutes 1.34 0.92 0.45 29941 31% 927 11% 63.91 normal normal note
2019-03-31__16:48:44 pi3 Raspbian_GNU/Linux_9 4.9.41-v7+ up_2_days,_20_hours,_47_minutes 0.00 0.09 0.30 29941 31% 927 11% 51.00 normal normal note
2019-03-31__16:49:44 pi3 Raspbian_GNU/Linux_9 4.9.41-v7+ up_2_days,_20_hours,_48_minutes 0.07 0.10 0.29 29941 31% 927 11% 49.38 normal normal normal
2019-03-31__16:50:44 pi3 Raspbian_GNU/Linux_9 4.9.41-v7+ up_2_days,_20_hours,_49_minutes 0.17 0.11 0.27 29941 31% 927 11% 49.38 normal normal normal
2019-03-31__16:51:44 pi3 Raspbian_GNU/Linux_9 4.9.41-v7+ up_2_days,_20_hours,_50_minutes 0.06 0.09 0.26 29941 31% 927 11% 49.92 normal normal normal
2019-03-26__18:49:07 pi10 Raspbian_GNU/Linux_9 4.9.41-v7+ up_7_weeks,_4_days,_6_hours,_44_minutes 2.01 2.06 2.03 29941 36% 927 8% 67.14 normal normal note
2019-03-26__18:53:01 pi10 Raspbian_GNU/Linux_9 4.9.41-v7+ up_7_weeks,_4_days,_6_hours,_48_minutes 2.00 2.02 2.00 29941 36% 927 9% 67.67 normal normal note
2019-03-26__18:54:01 pi10 Raspbian_GNU/Linux_9 4.9.41-v7+ up_7_weeks,_4_days,_6_hours,_49_minutes 2.00 2.02 2.00 29941 36% 927 8% 66.60 normal normal note
2019-03-26__19:38:27 pi10 Raspbian_GNU/Linux_9 4.9.41-v7+ up_7_weeks,_4_days,_7_hours,_34_minutes 2.14 2.10 2.05 29941 36% 927 8% 67.67 normal normal note
2019-03-26__19:42:08 pi10 Raspbian_GNU/Linux_9 4.9.41-v7+ up_7_weeks,_4_days,_7_hours,_37_minutes 2.17 2.14 2.07 29941 36% 927 8% 67.14 normal normal note
2019-03-26__19:43:08 pi10 Raspbian_GNU/Linux_9 4.9.41-v7+ up_7_weeks,_4_days,_7_hours,_38_minutes 2.14 2.13 2.07 29941 36% 927 8% 66.60 normal normal note
2019-03-26__19:44:08 pi10 Raspbian_GNU/Linux_9 4.9.41-v7+ up_7_weeks,_4_days,_7_hours,_39_minutes 2.05 2.10 2.07 29941 36% 927 8% 67.67 normal normal note
2019-03-26__19:52:19 pi10 Raspbian_GNU/Linux_9 4.9.41-v7+ up_7_weeks,_4_days,_7_hours,_47_minutes 2.06 2.07 2.05 29941 36% 927 8% 67.67 normal normal note
2019-03-26__19:53:19 pi10 Raspbian_GNU/Linux_9 4.9.41-v7+ up_7_weeks,_4_days,_7_hours,_48_minutes 2.02 2.06 2.05 29941 36% 927 8% 67.67 normal normal note
2019-03-26__19:54:19 pi10 Raspbian_GNU/Linux_9 4.9.41-v7+ up_7_weeks,_4_days,_7_hours,_49_minutes 2.05 2.06 2.05 29941 36% 927 8% 67.14 normal normal note
2019-03-26__19:55:19 pi10 Raspbian_GNU/Linux_9 4.9.41-v7+ up_7_weeks,_4_days,_7_hours,_50_minutes 2.02 2.05 2.04 29941 36% 927 8% 67.14 normal normal note
2019-03-26__19:56:19 pi10 Raspbian_GNU/Linux_9 4.9.41-v7+ up_7_weeks,_4_days,_7_hours,_51_minutes 2.00 2.04 2.04 29941 36% 927 8% 67.67 normal normal note
2019-03-26__19:58:16 pi10 Raspbian_GNU/Linux_9 4.9.41-v7+ up_7_weeks,_4_days,_7_hours,_53_minutes 2.16 2.10 2.06 29941 36% 927 8% 68.21 normal normal note
2019-03-26__19:59:16 pi10 Raspbian_GNU/Linux_9 4.9.41-v7+ up_7_weeks,_4_days,_7_hours,_54_minutes 2.06 2.08 2.05 29941 36% 927 8% 67.14 normal normal note
2019-03-26__20:00:16 pi10 Raspbian_GNU/Linux_9 4.9.41-v7+ up_7_weeks,_4_days,_7_hours,_55_minutes 2.02 2.06 2.05 29941 36% 927 8% 67.14 normal normal note
2019-03-26__20:01:16 pi10 Raspbian_GNU/Linux_9 4.9.41-v7+ up_7_weeks,_4_days,_7_hours,_56_minutes 2.11 2.08 2.05 29941 36% 927 8% 67.67 normal normal note
2019-03-26__20:04:24 pi10 Raspbian_GNU/Linux_9 4.9.41-v7+ up_7_weeks,_4_days,_7_hours,_59_minutes 2.18 2.10 2.06 29941 36% 927 8% 67.67 normal normal note
2019-03-26__20:05:24 pi10 Raspbian_GNU/Linux_9 4.9.41-v7+ up_7_weeks,_4_days,_8_hours 2.34 2.18 2.09 29941 36% 927 8% 66.60 normal normal note
2019-03-31__15:23:40 pi3 Raspbian_GNU/Linux_9 4.9.41-v7+ up_2_days,_19_hours,_22_minutes 0.02 0.04 0.00 29941 31% 927 8% 49.38 normal normal normal
2019-03-31__15:26:04 pi3 Raspbian_GNU/Linux_9 4.9.41-v7+ up_2_days,_19_hours,_25_minutes 0.10 0.05 0.01 29941 31% 927 8% 50.46 normal normal note
2019-03-31__15:27:04 pi3 Raspbian_GNU/Linux_9 4.9.41-v7+ up_2_days,_19_hours,_26_minutes 0.04 0.04 0.00 29941 31% 927 8% 50.46 normal normal note
2019-03-31__15:28:04 pi3 Raspbian_GNU/Linux_9 4.9.41-v7+ up_2_days,_19_hours,_27_minutes 0.17 0.06 0.01 29941 31% 927 8% 49.92 normal normal normal
2019-03-31__15:29:04 pi3 Raspbian_GNU/Linux_9 4.9.41-v7+ up_2_days,_19_hours,_28_minutes 0.06 0.05 0.00 29941 31% 927 8% 49.92 normal normal normal
2019-03-31__15:30:04 pi3 Raspbian_GNU/Linux_9 4.9.41-v7+ up_2_days,_19_hours,_29_minutes 0.12 0.07 0.01 29941 31% 927 8% 49.92 normal normal normal
2019-03-31__15:31:04 pi3 Raspbian_GNU/Linux_9 4.9.41-v7+ up_2_days,_19_hours,_30_minutes 0.04 0.05 0.00 29941 31% 927 8% 49.38 normal normal normal
2019-03-31__15:32:04 pi3 Raspbian_GNU/Linux_9 4.9.41-v7+ up_2_days,_19_hours,_31_minutes 0.07 0.06 0.00 29941 31% 927 8% 49.38 normal normal normal
2019-03-31__15:33:05 pi3 Raspbian_GNU/Linux_9 4.9.41-v7+ up_2_days,_19_hours,_32_minutes 0.02 0.04 0.00 29941 31% 927 8% 49.38 normal normal normal
2019-03-31__15:39:56 pi3 Raspbian_GNU/Linux_9 4.9.41-v7+ up_2_days,_19_hours,_39_minutes 0.30 0.17 0.06 29941 31% 927 9% 49.92 normal normal normal
2019-03-31__15:40:56 pi3 Raspbian_GNU/Linux_9 4.9.41-v7+ up_2_days,_19_hours,_40_minutes 0.28 0.18 0.07 29941 31% 927 9% 52.61 normal normal note
2019-03-31__15:41:56 pi3 Raspbian_GNU/Linux_9 4.9.41-v7+ up_2_days,_19_hours,_41_minutes 0.20 0.18 0.07 29941 31% 927 9% 49.38 normal normal normal
2019-03-31__15:42:47 pi3 Raspbian_GNU/Linux_9 4.9.41-v7+ up_2_days,_19_hours,_41_minutes 0.08 0.15 0.07 29941 31% 927 9% 50.46 normal normal note
2019-03-31__15:42:57 pi3 Raspbian_GNU/Linux_9 4.9.41-v7+ up_2_days,_19_hours,_42_minutes 0.07 0.14 0.07 29941 31% 927 9% 51.54 normal normal note
2019-03-31__15:43:47 pi3 Raspbian_GNU/Linux_9 4.9.41-v7+ up_2_days,_19_hours,_42_minutes 0.22 0.18 0.09 29941 31% 927 8% 50.46 normal normal note
2019-03-31__16:00:53 pi3 Raspbian_GNU/Linux_9 4.9.41-v7+ up_2_days,_20_hours 0.05 0.10 0.09 29941 31% 927 8% 49.38 normal normal normal
2019-03-31__16:01:53 pi3 Raspbian_GNU/Linux_9 4.9.41-v7+ up_2_days,_20_hours,_1_minute 0.02 0.08 0.08 29941 31% 927 9% 49.92 normal normal normal
2019-03-31__16:14:56 pi3 Raspbian_GNU/Linux_9 4.9.41-v7+ up_2_days,_20_hours,_14_minutes 0.01 0.06 0.08 29941 31% 927 10% 51.00 normal normal note
2019-03-31__16:19:32 pi3 Raspbian_GNU/Linux_9 4.9.41-v7+ up_2_days,_20_hours,_18_minutes 1.34 0.92 0.45 29941 31% 927 11% 63.91 normal normal note
2019-03-31__16:48:44 pi3 Raspbian_GNU/Linux_9 4.9.41-v7+ up_2_days,_20_hours,_47_minutes 0.00 0.09 0.30 29941 31% 927 11% 51.00 normal normal note
2019-03-31__16:49:44 pi3 Raspbian_GNU/Linux_9 4.9.41-v7+ up_2_days,_20_hours,_48_minutes 0.07 0.10 0.29 29941 31% 927 11% 49.38 normal normal normal
2019-03-31__16:50:44 pi3 Raspbian_GNU/Linux_9 4.9.41-v7+ up_2_days,_20_hours,_49_minutes 0.17 0.11 0.27 29941 31% 927 11% 49.38 normal normal normal
2019-03-31__16:51:44 pi3 Raspbian_GNU/Linux_9 4.9.41-v7+ up_2_days,_20_hours,_50_minutes 0.06 0.09 0.26 29941 31% 927 11% 49.92 normal normal normal
2019-03-31__16:52:44 pi3 Raspbian_GNU/Linux_9 4.9.41-v7+ up_2_days,_20_hours,_51_minutes 0.07 0.09 0.24 29941 31% 927 11% 49.38 normal normal normal
2019-03-31__16:53:44 pi3 Raspbian_GNU/Linux_9 4.9.41-v7+ up_2_days,_20_hours,_52_minutes 0.11 0.10 0.24 29941 31% 927 11% 50.46 normal normal note
2019-03-31__16:54:44 pi3 Raspbian_GNU/Linux_9 4.9.41-v7+ up_2_days,_20_hours,_53_minutes 0.53 0.19 0.26 29941 31% 927 11% 50.46 normal normal note
