2019-03-26__18:49:07 2.01 2.06 2.03 76.89 66.60°C note
2019-03-26__18:49:13 2.01 2.06 2.03 50.50 67.67°C note
2019-03-26__18:49:18 2.01 2.06 2.03 50.99 67.14°C note
2019-03-26__18:49:24 2.01 2.06 2.02 50.26 66.60°C note
2019-03-26__18:49:29 2.01 2.06 2.02 51.24 66.60°C note
2019-03-26__18:49:35 2.01 2.06 2.02 50.50 66.60°C note
2019-03-26__18:49:40 2.01 2.05 2.02 50.99 66.60°C note
2019-03-26__18:49:46 2.01 2.05 2.02 51.46 66.60°C note
2019-03-26__18:49:52 2.00 2.05 2.02 50.97 66.60°C note
2019-03-26__18:49:57 2.00 2.05 2.02 53.66 66.60°C note
2019-03-26__18:53:01 2.00 2.02 2.00 82.63 67.14°C note
2019-03-26__18:53:07 2.00 2.02 2.00 50.74 67.14°C note
2019-03-26__18:53:12 2.00 2.02 2.00 50.74 67.67°C note
2019-03-26__18:53:18 2.00 2.02 2.00 50.99 67.67°C note
2019-03-26__18:53:23 2.00 2.02 2.00 50.74 66.60°C note
2019-03-26__18:53:29 2.00 2.02 2.00 50.74 67.67°C note
2019-03-26__18:53:35 2.00 2.02 2.00 52.71 67.67°C note
2019-03-26__18:53:40 2.00 2.02 2.00 50.99 66.60°C note
2019-03-26__18:53:46 2.00 2.02 2.00 50.50 66.60°C note
2019-03-26__18:53:51 2.00 2.02 2.00 52.95 66.60°C note
2019-03-26__18:53:57 2.00 2.02 2.00 50.50 66.60°C note
2019-03-26__18:54:02 2.00 2.02 2.00 59.12 67.67°C note
2019-03-26__18:54:08 2.00 2.02 2.00 50.50 67.14°C note
2019-03-26__18:54:14 2.00 2.01 2.00 50.74 67.14°C note
2019-03-26__18:54:19 2.00 2.01 2.00 57.57 66.60°C note
2019-03-26__18:54:25 2.00 2.01 2.00 55.67 67.14°C note
2019-03-26__18:54:30 2.00 2.01 2.00 50.99 66.60°C note
2019-03-26__18:54:36 2.00 2.01 2.00 52.98 66.60°C note
2019-03-26__18:54:41 2.00 2.01 2.00 50.74 67.67°C note
2019-03-26__18:54:47 2.00 2.01 2.00 52.98 66.60°C note
2019-03-26__19:38:27 2.14 2.10 2.05 79.54 67.14°C note
2019-03-26__19:38:32 2.12 2.10 2.05 51.45 66.60°C note
2019-03-26__19:38:38 2.11 2.10 2.05 50.99 66.60°C note
2019-03-26__19:38:43 2.10 2.10 2.05 50.74 66.06°C note
2019-03-26__19:38:49 2.10 2.10 2.05 50.74 67.14°C note
2019-03-26__19:38:55 2.09 2.09 2.05 51.73 66.60°C note
2019-03-26__19:39:00 2.08 2.09 2.05 50.50 66.60°C note
2019-03-26__19:39:06 2.07 2.09 2.05 50.74 66.60°C note
2019-03-26__19:39:11 2.07 2.09 2.05 50.99 66.60°C note
2019-03-26__19:39:17 2.06 2.08 2.05 53.44 66.60°C note
2019-03-26__19:39:22 2.05 2.08 2.04 50.74 67.14°C note
2019-03-26__19:39:28 2.05 2.08 2.04 57.72 67.67°C note
2019-03-26__19:39:34 2.04 2.08 2.04 50.74 66.60°C note
2019-03-26__19:39:39 2.04 2.08 2.04 50.50 66.60°C note
2019-03-26__19:39:45 2.04 2.08 2.04 50.50 66.60°C note
2019-03-26__19:42:08 2.17 2.14 2.07 75.63 66.60°C note
2019-03-26__19:42:14 2.16 2.14 2.07 51.48 67.67°C note
2019-03-26__19:42:19 2.15 2.14 2.07 52.69 67.67°C note
2019-03-26__19:42:25 2.13 2.13 2.07 51.48 66.60°C note
2019-03-26__19:42:30 2.12 2.13 2.07 51.22 67.67°C note
2019-03-26__19:42:36 2.11 2.13 2.07 51.68 66.60°C note
2019-03-26__19:42:42 2.10 2.13 2.07 50.00 67.67°C note
2019-03-26__19:42:47 2.09 2.12 2.07 50.50 66.60°C note
2019-03-26__19:42:53 2.08 2.12 2.07 50.74 66.60°C note
2019-03-26__19:42:58 2.07 2.12 2.07 53.44 66.60°C note
2019-03-26__19:43:04 2.15 2.13 2.07 50.74 66.60°C note
2019-03-26__19:43:09 2.14 2.13 2.07 56.59 67.14°C note
2019-03-26__19:43:15 2.12 2.13 2.07 51.24 67.14°C note
2019-03-26__19:43:21 2.11 2.12 2.07 50.74 67.14°C note
2019-03-26__19:43:26 2.10 2.12 2.07 50.74 67.14°C note
2019-03-26__19:43:32 2.10 2.12 2.07 50.74 66.60°C note
2019-03-26__19:43:37 2.08 2.12 2.07 51.70 67.14°C note
2019-03-26__19:43:43 2.07 2.11 2.07 52.20 67.67°C note
2019-03-26__19:43:48 2.07 2.11 2.07 52.20 66.60°C note
2019-03-26__19:43:54 2.06 2.11 2.07 54.11 67.14°C note
2019-03-26__19:44:00 2.06 2.11 2.07 50.74 67.14°C note
2019-03-26__19:44:05 2.05 2.11 2.07 50.74 67.14°C note
2019-03-26__19:44:11 2.05 2.10 2.07 50.74 67.67°C note
2019-03-26__19:44:16 2.04 2.10 2.07 50.74 66.60°C note
2019-03-26__19:44:22 2.04 2.10 2.07 50.99 66.60°C note
2019-03-26__19:44:27 2.03 2.10 2.07 50.99 66.60°C note
2019-03-26__19:44:33 2.03 2.09 2.06 50.50 67.14°C note
2019-03-26__19:44:39 2.03 2.09 2.06 58.34 67.14°C note
2019-03-26__19:44:44 2.02 2.09 2.06 65.52 67.14°C note
2019-03-26__19:44:50 2.02 2.09 2.06 51.24 67.67°C note
2019-03-26__19:52:19 2.06 2.07 2.05 75.50 67.14°C note
2019-03-26__19:52:24 2.05 2.07 2.05 52.74 67.14°C note
2019-03-26__19:52:30 2.05 2.07 2.05 50.50 67.14°C note
2019-03-26__19:52:35 2.04 2.07 2.05 50.50 66.60°C note
2019-03-26__19:52:41 2.04 2.07 2.05 51.21 66.60°C note
2019-03-26__19:52:47 2.04 2.07 2.05 52.71 67.67°C note
2019-03-26__19:52:52 2.03 2.07 2.05 51.49 67.67°C note
2019-03-26__19:52:58 2.03 2.06 2.05 51.20 67.14°C note
2019-03-26__19:53:03 2.02 2.06 2.05 50.25 67.67°C note
2019-03-26__19:53:09 2.02 2.06 2.05 52.50 67.67°C note
2019-03-26__19:53:14 2.02 2.06 2.05 52.46 67.67°C note
2019-03-26__19:53:20 2.02 2.06 2.05 57.43 67.67°C note
2019-03-26__19:53:26 2.02 2.06 2.05 50.74 67.67°C note
2019-03-26__19:53:31 2.02 2.06 2.05 50.74 67.67°C note
2019-03-26__19:53:37 2.01 2.05 2.05 50.74 67.14°C note
2019-03-26__19:53:42 2.09 2.07 2.05 50.74 67.67°C note
2019-03-26__19:53:48 2.08 2.07 2.05 50.25 67.14°C note
2019-03-26__19:53:53 2.07 2.07 2.05 71.65 67.67°C note
2019-03-26__19:53:59 2.07 2.06 2.05 50.50 67.67°C note
2019-03-26__19:54:05 2.06 2.06 2.05 53.21 66.60°C note
2019-03-26__19:54:10 2.06 2.06 2.05 50.74 67.67°C note
2019-03-26__19:54:16 2.05 2.06 2.05 50.99 66.60°C note
2019-03-26__19:54:21 2.05 2.06 2.05 50.74 67.67°C note
2019-03-26__19:54:27 2.04 2.06 2.05 50.74 66.60°C note
2019-03-26__19:54:32 2.04 2.06 2.05 50.99 67.14°C note
2019-03-26__19:54:38 2.04 2.06 2.05 50.74 67.67°C note
2019-03-26__19:54:44 2.03 2.05 2.05 50.74 67.14°C note
2019-03-26__19:54:49 2.03 2.05 2.05 50.74 67.14°C note
2019-03-26__19:54:55 2.02 2.05 2.04 55.95 67.14°C note
2019-03-26__19:55:00 2.02 2.05 2.04 53.21 67.67°C note
2019-03-26__19:55:06 2.02 2.05 2.04 59.03 67.67°C note
2019-03-26__19:55:11 2.02 2.05 2.04 50.50 67.67°C note
2019-03-26__19:55:17 2.02 2.05 2.04 51.97 66.60°C note
2019-03-26__19:55:23 2.02 2.05 2.04 51.93 67.67°C note
2019-03-26__19:55:28 2.01 2.05 2.04 50.50 68.21°C note
2019-03-26__19:55:34 2.01 2.04 2.04 50.74 67.67°C note
2019-03-26__19:55:39 2.01 2.04 2.04 51.73 67.14°C note
2019-03-26__19:55:45 2.01 2.04 2.04 50.74 67.14°C note
2019-03-26__19:55:50 2.01 2.04 2.04 53.21 67.14°C note
2019-03-26__19:55:56 2.01 2.04 2.04 50.74 67.67°C note
2019-03-26__19:56:02 2.01 2.04 2.04 57.64 67.67°C note
2019-03-26__19:56:07 2.01 2.04 2.04 75.63 67.14°C note
2019-03-26__19:56:13 2.00 2.04 2.04 50.99 67.14°C note
2019-03-26__19:56:18 2.00 2.04 2.04 52.22 66.60°C note
2019-03-26__19:56:24 2.00 2.03 2.04 52.64 67.14°C note
2019-03-26__19:56:29 2.00 2.03 2.04 50.50 67.67°C note
2019-03-26__19:56:35 2.00 2.03 2.04 50.50 67.67°C note
2019-03-26__19:56:40 2.00 2.03 2.03 52.95 67.14°C note
2019-03-26__19:56:46 2.00 2.03 2.03 50.74 66.60°C note
2019-03-26__19:56:52 2.08 2.05 2.04 50.50 67.67°C note
2019-03-26__19:56:57 2.24 2.08 2.05 50.74 67.67°C note
2019-03-26__19:57:03 2.22 2.08 2.05 50.74 67.67°C note
2019-03-26__19:57:08 2.20 2.08 2.05 56.29 66.60°C note
2019-03-26__19:57:14 2.17 2.07 2.05 53.70 67.67°C note
2019-03-26__19:57:19 2.15 2.07 2.05 51.00 67.14°C note
2019-03-26__19:57:25 2.38 2.12 2.06 52.48 67.67°C note
2019-03-26__19:57:31 2.35 2.12 2.06 50.50 67.14°C note
2019-03-26__19:57:36 2.32 2.12 2.06 52.98 67.67°C note
2019-03-26__19:57:42 2.30 2.11 2.06 50.99 66.60°C note
2019-03-26__19:57:47 2.27 2.11 2.06 50.74 67.14°C note
2019-03-26__19:58:16 2.16 2.10 2.06 77.62 67.67°C note
2019-03-26__19:58:21 2.15 2.10 2.06 50.74 66.60°C note
2019-03-26__19:58:27 2.14 2.10 2.06 50.74 66.60°C note
2019-03-26__19:58:33 2.13 2.09 2.06 50.74 66.60°C note
2019-03-26__19:58:38 2.12 2.09 2.06 50.74 66.60°C note
2019-03-26__19:58:44 2.10 2.09 2.06 50.74 66.60°C note
2019-03-26__19:58:49 2.09 2.09 2.06 50.50 67.67°C note
2019-03-26__19:58:55 2.08 2.08 2.06 50.99 67.67°C note
2019-03-26__19:59:00 2.08 2.08 2.05 50.74 67.14°C note
2019-03-26__19:59:06 2.07 2.08 2.05 53.66 67.14°C note
2019-03-26__19:59:12 2.06 2.08 2.05 50.74 67.67°C note
2019-03-26__19:59:17 2.06 2.08 2.05 59.12 67.14°C note
2019-03-26__19:59:23 2.05 2.08 2.05 50.00 67.14°C note
2019-03-26__19:59:28 2.05 2.08 2.05 50.74 67.67°C note
2019-03-26__19:59:34 2.04 2.07 2.05 50.74 67.14°C note
2019-03-26__19:59:39 2.04 2.07 2.05 50.50 66.60°C note
2019-03-26__19:59:45 2.03 2.07 2.05 50.50 66.60°C note
2019-03-26__19:59:51 2.03 2.07 2.05 50.74 66.60°C note
2019-03-26__19:59:56 2.03 2.07 2.05 50.50 66.60°C note
2019-03-26__20:00:02 2.03 2.07 2.05 52.95 66.60°C note
2019-03-26__20:00:07 2.02 2.06 2.05 62.19 66.60°C note
2019-03-26__20:00:13 2.02 2.06 2.05 50.74 67.14°C note
2019-03-26__20:00:18 2.02 2.06 2.05 50.74 67.67°C note
2019-03-26__20:00:24 2.02 2.06 2.05 50.50 66.60°C note
2019-03-26__20:00:30 2.02 2.06 2.05 50.74 66.60°C note
2019-03-26__20:00:35 2.01 2.06 2.05 50.99 66.60°C note
2019-03-26__20:00:41 2.01 2.06 2.04 50.74 66.60°C note
2019-03-26__20:00:46 2.01 2.05 2.04 50.74 66.60°C note
2019-03-26__20:00:52 2.17 2.09 2.06 53.89 67.67°C note
2019-03-26__20:00:57 2.16 2.09 2.05 50.26 66.60°C note
2019-03-26__20:01:03 2.14 2.08 2.05 50.74 67.67°C note
2019-03-26__20:01:09 2.13 2.08 2.05 50.99 67.14°C note
2019-03-26__20:01:14 2.11 2.08 2.05 50.99 67.14°C note
2019-03-26__20:01:20 2.18 2.10 2.06 50.74 67.67°C note
2019-03-26__20:01:25 2.17 2.09 2.06 50.74 66.60°C note
2019-03-26__20:01:31 2.15 2.09 2.06 51.48 67.14°C note
2019-03-26__20:01:36 2.14 2.09 2.06 50.74 66.60°C note
2019-03-26__20:01:42 2.13 2.09 2.06 50.74 66.60°C note
2019-03-26__20:01:48 2.12 2.09 2.06 53.24 67.14°C note
2019-03-26__20:01:53 2.11 2.08 2.06 51.00 67.67°C note
2019-03-26__20:01:59 2.10 2.08 2.05 50.74 67.14°C note
2019-03-26__20:02:04 2.08 2.08 2.05 51.97 66.60°C note
2019-03-26__20:02:10 2.08 2.08 2.05 51.00 66.60°C note
2019-03-26__20:02:15 2.07 2.08 2.05 50.74 66.60°C note
2019-03-26__20:02:21 2.07 2.08 2.05 50.74 67.67°C note
2019-03-26__20:02:27 2.06 2.07 2.05 51.24 66.60°C note
2019-03-26__20:02:32 2.06 2.07 2.05 50.99 66.60°C note
2019-03-26__20:02:38 2.05 2.07 2.05 52.89 67.14°C note
2019-03-26__20:02:43 2.05 2.07 2.05 50.74 66.60°C note
2019-03-26__20:02:49 2.04 2.07 2.05 51.70 66.60°C note
2019-03-26__20:04:24 2.18 2.10 2.06 81.78 67.67°C note
2019-03-26__20:04:30 2.45 2.17 2.08 51.22 67.67°C note
2019-03-26__20:04:35 2.57 2.20 2.10 50.99 67.67°C note
2019-03-26__20:04:41 2.53 2.19 2.09 50.74 67.67°C note
2019-03-26__20:04:47 2.48 2.19 2.09 50.50 67.14°C note
2019-03-26__20:04:52 2.44 2.19 2.09 50.50 67.67°C note
2019-03-26__20:04:58 2.41 2.18 2.09 51.45 67.67°C note
2019-03-26__20:05:03 2.38 2.18 2.09 50.50 67.67°C note
2019-03-26__20:05:09 2.35 2.18 2.09 50.74 67.14°C note
2019-03-26__20:05:14 2.32 2.17 2.09 55.45 66.60°C note
2019-03-26__20:05:20 2.34 2.18 2.09 50.74 67.67°C note
2019-03-26__20:05:26 2.39 2.20 2.10 58.92 67.67°C note
2019-03-26__20:05:31 2.36 2.19 2.10 50.00 67.14°C note
2019-03-26__20:05:37 2.33 2.19 2.10 50.74 67.14°C note
2019-03-26__20:05:42 2.31 2.19 2.10 50.74 66.60°C note
2019-03-26__20:05:48 2.28 2.18 2.10 50.74 67.14°C note
2019-03-26__20:05:53 2.26 2.18 2.09 51.21 67.14°C note
2019-03-26__20:05:59 2.24 2.18 2.09 50.74 67.14°C note
2019-03-26__20:06:05 2.38 2.21 2.10 52.22 66.60°C note
2019-03-26__20:06:10 2.39 2.22 2.11 50.99 67.14°C note
2019-03-26__20:06:16 2.36 2.21 2.11 51.46 67.67°C note
2019-03-26__20:06:21 2.33 2.21 2.11 50.50 67.14°C note
2019-03-26__20:06:27 2.39 2.22 2.11 50.74 67.67°C note
2019-03-26__20:06:32 2.36 2.22 2.11 50.74 67.67°C note
2019-03-26__20:06:38 2.33 2.21 2.11 50.99 67.67°C note
2019-03-26__20:06:44 2.30 2.21 2.11 50.74 67.67°C note
2019-03-26__20:06:49 2.28 2.21 2.11 50.99 67.14°C note
2019-03-26__20:06:55 2.33 2.22 2.11 52.69 67.14°C note
2019-03-26__20:07:00 2.28 2.21 2.11 50.74 67.67°C note
2019-03-26__20:07:06 2.26 2.21 2.11 50.74 67.67°C note
2019-03-31__15:23:41 16.46 16.60 16.58 100.00 78.44°C warning
2019-03-31__15:23:47 16.66 16.64 16.60 100.00 80.59°C warning
2019-03-31__15:23:53 16.85 16.68 16.61 99.57 81.66°C warning
2019-03-31__15:23:59 16.94 16.70 16.62 100.00 82.74°C warning
2019-03-31__15:24:05 17.25 16.78 16.64 100.00 83.28°C warning
2019-03-31__15:24:11 17.07 16.75 16.63 100.00 82.20°C warning
2019-03-31__15:24:18 17.15 16.77 16.64 100.00 80.59°C warning
2019-03-31__15:24:24 17.13 16.78 16.64 100.00 79.51°C warning
2019-03-31__15:24:30 17.27 16.82 16.66 100.00 79.51°C warning
2019-03-31__15:24:36 17.17 16.80 16.66 100.00 79.51°C warning
2019-03-31__15:24:43 17.08 16.79 16.65 100.00 81.66°C warning
2019-03-31__15:24:49 16.91 16.76 16.64 100.00 82.74°C warning
2019-03-31__15:24:55 17.00 16.78 16.65 100.00 82.74°C warning
2019-03-31__15:25:01 17.22 16.84 16.67 100.00 81.66°C warning
2019-03-31__15:25:07 17.04 16.81 16.66 100.00 81.13°C warning
2019-03-31__15:26:04 16.82 16.76 16.65 100.00 79.51°C warning
2019-03-31__15:26:10 17.00 16.79 16.66 100.00 79.51°C warning
2019-03-31__15:26:16 16.84 16.77 16.65 100.00 79.51°C warning
2019-03-31__15:26:22 16.86 16.77 16.66 100.00 81.13°C warning
2019-03-31__15:26:28 16.71 16.74 16.65 100.00 82.20°C warning
2019-03-31__15:26:34 16.81 16.76 16.65 100.00 83.28°C warning
2019-03-31__15:26:40 17.14 16.84 16.68 100.00 82.20°C warning
2019-03-31__15:26:47 17.13 16.84 16.68 100.00 81.13°C warning
2019-03-31__15:26:53 17.04 16.83 16.68 100.00 80.05°C warning
2019-03-31__15:26:59 16.96 16.81 16.67 100.00 80.05°C warning
2019-03-31__15:27:05 17.44 16.92 16.71 100.00 79.51°C warning
2019-03-31__15:27:12 17.56 16.95 16.72 100.00 80.59°C warning
2019-03-31__15:27:18 17.52 16.95 16.72 100.00 82.20°C warning
2019-03-31__15:27:24 17.96 17.05 16.76 100.00 82.20°C warning
2019-03-31__15:27:30 17.88 17.05 16.76 100.00 82.74°C warning
2019-03-31__15:27:36 17.43 16.98 16.74 100.00 81.66°C warning
2019-03-31__15:27:42 17.32 16.97 16.74 100.00 80.59°C warning
2019-03-31__15:27:49 17.37 16.98 16.74 100.00 80.05°C warning
2019-03-31__15:27:55 17.50 17.02 16.76 100.00 79.51°C warning
2019-03-31__15:28:01 17.34 17.00 16.75 100.00 79.51°C warning
2019-03-26__18:49:07 2.01 2.06 2.03 76.89 66.60°C note
2019-03-26__18:49:13 2.01 2.06 2.03 50.50 67.67°C note
2019-03-26__18:49:18 2.01 2.06 2.03 50.99 67.14°C note
2019-03-26__18:49:24 2.01 2.06 2.02 50.26 66.60°C note
2019-03-26__18:49:29 2.01 2.06 2.02 51.24 66.60°C note
2019-03-26__18:49:35 2.01 2.06 2.02 50.50 66.60°C note
2019-03-26__18:49:40 2.01 2.05 2.02 50.99 66.60°C note
2019-03-26__18:49:46 2.01 2.05 2.02 51.46 66.60°C note
2019-03-26__18:49:52 2.00 2.05 2.02 50.97 66.60°C note
2019-03-26__18:49:57 2.00 2.05 2.02 53.66 66.60°C note
2019-03-26__18:53:01 2.00 2.02 2.00 82.63 67.14°C note
2019-03-26__18:53:07 2.00 2.02 2.00 50.74 67.14°C note
2019-03-26__18:53:12 2.00 2.02 2.00 50.74 67.67°C note
2019-03-26__18:53:18 2.00 2.02 2.00 50.99 67.67°C note
2019-03-26__18:53:23 2.00 2.02 2.00 50.74 66.60°C note
2019-03-26__18:53:29 2.00 2.02 2.00 50.74 67.67°C note
2019-03-26__18:53:35 2.00 2.02 2.00 52.71 67.67°C note
2019-03-26__18:53:40 2.00 2.02 2.00 50.99 66.60°C note
2019-03-26__18:53:46 2.00 2.02 2.00 50.50 66.60°C note
2019-03-26__18:53:51 2.00 2.02 2.00 52.95 66.60°C note
2019-03-26__18:53:57 2.00 2.02 2.00 50.50 66.60°C note
2019-03-26__18:54:02 2.00 2.02 2.00 59.12 67.67°C note
2019-03-26__18:54:08 2.00 2.02 2.00 50.50 67.14°C note
2019-03-26__18:54:14 2.00 2.01 2.00 50.74 67.14°C note
2019-03-26__18:54:19 2.00 2.01 2.00 57.57 66.60°C note
2019-03-26__18:54:25 2.00 2.01 2.00 55.67 67.14°C note
2019-03-26__18:54:30 2.00 2.01 2.00 50.99 66.60°C note
2019-03-26__18:54:36 2.00 2.01 2.00 52.98 66.60°C note
2019-03-26__18:54:41 2.00 2.01 2.00 50.74 67.67°C note
2019-03-26__18:54:47 2.00 2.01 2.00 52.98 66.60°C note
2019-03-26__19:38:27 2.14 2.10 2.05 79.54 67.14°C note
2019-03-26__19:38:32 2.12 2.10 2.05 51.45 66.60°C note
2019-03-26__19:38:38 2.11 2.10 2.05 50.99 66.60°C note
2019-03-26__19:38:43 2.10 2.10 2.05 50.74 66.06°C note
2019-03-26__19:38:49 2.10 2.10 2.05 50.74 67.14°C note
2019-03-26__19:38:55 2.09 2.09 2.05 51.73 66.60°C note
2019-03-26__19:39:00 2.08 2.09 2.05 50.50 66.60°C note
2019-03-26__19:39:06 2.07 2.09 2.05 50.74 66.60°C note
2019-03-26__19:39:11 2.07 2.09 2.05 50.99 66.60°C note
2019-03-26__19:39:17 2.06 2.08 2.05 53.44 66.60°C note
2019-03-26__19:39:22 2.05 2.08 2.04 50.74 67.14°C note
2019-03-26__19:39:28 2.05 2.08 2.04 57.72 67.67°C note
2019-03-26__19:39:34 2.04 2.08 2.04 50.74 66.60°C note
2019-03-26__19:39:39 2.04 2.08 2.04 50.50 66.60°C note
2019-03-26__19:39:45 2.04 2.08 2.04 50.50 66.60°C note
2019-03-26__19:42:08 2.17 2.14 2.07 75.63 66.60°C note
2019-03-26__19:42:14 2.16 2.14 2.07 51.48 67.67°C note
2019-03-26__19:42:19 2.15 2.14 2.07 52.69 67.67°C note
2019-03-26__19:42:25 2.13 2.13 2.07 51.48 66.60°C note
2019-03-26__19:42:30 2.12 2.13 2.07 51.22 67.67°C note
2019-03-26__19:42:36 2.11 2.13 2.07 51.68 66.60°C note
2019-03-26__19:42:42 2.10 2.13 2.07 50.00 67.67°C note
2019-03-26__19:42:47 2.09 2.12 2.07 50.50 66.60°C note
2019-03-26__19:42:53 2.08 2.12 2.07 50.74 66.60°C note
2019-03-26__19:42:58 2.07 2.12 2.07 53.44 66.60°C note
2019-03-26__19:43:04 2.15 2.13 2.07 50.74 66.60°C note
2019-03-26__19:43:09 2.14 2.13 2.07 56.59 67.14°C note
2019-03-26__19:43:15 2.12 2.13 2.07 51.24 67.14°C note
2019-03-26__19:43:21 2.11 2.12 2.07 50.74 67.14°C note
2019-03-26__19:43:26 2.10 2.12 2.07 50.74 67.14°C note
2019-03-26__19:43:32 2.10 2.12 2.07 50.74 66.60°C note
2019-03-26__19:43:37 2.08 2.12 2.07 51.70 67.14°C note
2019-03-26__19:43:43 2.07 2.11 2.07 52.20 67.67°C note
2019-03-26__19:43:48 2.07 2.11 2.07 52.20 66.60°C note
2019-03-26__19:43:54 2.06 2.11 2.07 54.11 67.14°C note
2019-03-26__19:44:00 2.06 2.11 2.07 50.74 67.14°C note
2019-03-26__19:44:05 2.05 2.11 2.07 50.74 67.14°C note
2019-03-26__19:44:11 2.05 2.10 2.07 50.74 67.67°C note
2019-03-26__19:44:16 2.04 2.10 2.07 50.74 66.60°C note
2019-03-26__19:44:22 2.04 2.10 2.07 50.99 66.60°C note
2019-03-26__19:44:27 2.03 2.10 2.07 50.99 66.60°C note
2019-03-26__19:44:33 2.03 2.09 2.06 50.50 67.14°C note
2019-03-26__19:44:39 2.03 2.09 2.06 58.34 67.14°C note
2019-03-26__19:44:44 2.02 2.09 2.06 65.52 67.14°C note
2019-03-26__19:44:50 2.02 2.09 2.06 51.24 67.67°C note
2019-03-26__19:52:19 2.06 2.07 2.05 75.50 67.14°C note
2019-03-26__19:52:24 2.05 2.07 2.05 52.74 67.14°C note
2019-03-26__19:52:30 2.05 2.07 2.05 50.50 67.14°C note
2019-03-26__19:52:35 2.04 2.07 2.05 50.50 66.60°C note
2019-03-26__19:52:41 2.04 2.07 2.05 51.21 66.60°C note
2019-03-26__19:52:47 2.04 2.07 2.05 52.71 67.67°C note
2019-03-26__19:52:52 2.03 2.07 2.05 51.49 67.67°C note
2019-03-26__19:52:58 2.03 2.06 2.05 51.20 67.14°C note
2019-03-26__19:53:03 2.02 2.06 2.05 50.25 67.67°C note
2019-03-26__19:53:09 2.02 2.06 2.05 52.50 67.67°C note
2019-03-26__19:53:14 2.02 2.06 2.05 52.46 67.67°C note
2019-03-26__19:53:20 2.02 2.06 2.05 57.43 67.67°C note
2019-03-26__19:53:26 2.02 2.06 2.05 50.74 67.67°C note
2019-03-26__19:53:31 2.02 2.06 2.05 50.74 67.67°C note
2019-03-26__19:53:37 2.01 2.05 2.05 50.74 67.14°C note
2019-03-26__19:53:42 2.09 2.07 2.05 50.74 67.67°C note
2019-03-26__19:53:48 2.08 2.07 2.05 50.25 67.14°C note
2019-03-26__19:53:53 2.07 2.07 2.05 71.65 67.67°C note
2019-03-26__19:53:59 2.07 2.06 2.05 50.50 67.67°C note
2019-03-26__19:54:05 2.06 2.06 2.05 53.21 66.60°C note
2019-03-26__19:54:10 2.06 2.06 2.05 50.74 67.67°C note
2019-03-26__19:54:16 2.05 2.06 2.05 50.99 66.60°C note
2019-03-26__19:54:21 2.05 2.06 2.05 50.74 67.67°C note
2019-03-26__19:54:27 2.04 2.06 2.05 50.74 66.60°C note
2019-03-26__19:54:32 2.04 2.06 2.05 50.99 67.14°C note
2019-03-26__19:54:38 2.04 2.06 2.05 50.74 67.67°C note
2019-03-26__19:54:44 2.03 2.05 2.05 50.74 67.14°C note
2019-03-26__19:54:49 2.03 2.05 2.05 50.74 67.14°C note
2019-03-26__19:54:55 2.02 2.05 2.04 55.95 67.14°C note
2019-03-26__19:55:00 2.02 2.05 2.04 53.21 67.67°C note
2019-03-26__19:55:06 2.02 2.05 2.04 59.03 67.67°C note
2019-03-26__19:55:11 2.02 2.05 2.04 50.50 67.67°C note
2019-03-26__19:55:17 2.02 2.05 2.04 51.97 66.60°C note
2019-03-26__19:55:23 2.02 2.05 2.04 51.93 67.67°C note
2019-03-26__19:55:28 2.01 2.05 2.04 50.50 68.21°C note
2019-03-26__19:55:34 2.01 2.04 2.04 50.74 67.67°C note
2019-03-26__19:55:39 2.01 2.04 2.04 51.73 67.14°C note
2019-03-26__19:55:45 2.01 2.04 2.04 50.74 67.14°C note
2019-03-26__19:55:50 2.01 2.04 2.04 53.21 67.14°C note
2019-03-26__19:55:56 2.01 2.04 2.04 50.74 67.67°C note
2019-03-26__19:56:02 2.01 2.04 2.04 57.64 67.67°C note
2019-03-26__19:56:07 2.01 2.04 2.04 75.63 67.14°C note
2019-03-26__19:56:13 2.00 2.04 2.04 50.99 67.14°C note
2019-03-26__19:56:18 2.00 2.04 2.04 52.22 66.60°C note
2019-03-26__19:56:24 2.00 2.03 2.04 52.64 67.14°C note
2019-03-26__19:56:29 2.00 2.03 2.04 50.50 67.67°C note
2019-03-26__19:56:35 2.00 2.03 2.04 50.50 67.67°C note
2019-03-26__19:56:40 2.00 2.03 2.03 52.95 67.14°C note
2019-03-26__19:56:46 2.00 2.03 2.03 50.74 66.60°C note
2019-03-26__19:56:52 2.08 2.05 2.04 50.50 67.67°C note
2019-03-26__19:56:57 2.24 2.08 2.05 50.74 67.67°C note
2019-03-26__19:57:03 2.22 2.08 2.05 50.74 67.67°C note
2019-03-26__19:57:08 2.20 2.08 2.05 56.29 66.60°C note
2019-03-26__19:57:14 2.17 2.07 2.05 53.70 67.67°C note
2019-03-26__19:57:19 2.15 2.07 2.05 51.00 67.14°C note
2019-03-26__19:57:25 2.38 2.12 2.06 52.48 67.67°C note
2019-03-26__19:57:31 2.35 2.12 2.06 50.50 67.14°C note
2019-03-26__19:57:36 2.32 2.12 2.06 52.98 67.67°C note
2019-03-26__19:57:42 2.30 2.11 2.06 50.99 66.60°C note
2019-03-26__19:57:47 2.27 2.11 2.06 50.74 67.14°C note
2019-03-26__19:58:16 2.16 2.10 2.06 77.62 67.67°C note
2019-03-26__19:58:21 2.15 2.10 2.06 50.74 66.60°C note
2019-03-26__19:58:27 2.14 2.10 2.06 50.74 66.60°C note
2019-03-26__19:58:33 2.13 2.09 2.06 50.74 66.60°C note
2019-03-26__19:58:38 2.12 2.09 2.06 50.74 66.60°C note
2019-03-26__19:58:44 2.10 2.09 2.06 50.74 66.60°C note
2019-03-26__19:58:49 2.09 2.09 2.06 50.50 67.67°C note
2019-03-26__19:58:55 2.08 2.08 2.06 50.99 67.67°C note
2019-03-26__19:59:00 2.08 2.08 2.05 50.74 67.14°C note
2019-03-26__19:59:06 2.07 2.08 2.05 53.66 67.14°C note
2019-03-26__19:59:12 2.06 2.08 2.05 50.74 67.67°C note
2019-03-26__19:59:17 2.06 2.08 2.05 59.12 67.14°C note
2019-03-26__19:59:23 2.05 2.08 2.05 50.00 67.14°C note
2019-03-26__19:59:28 2.05 2.08 2.05 50.74 67.67°C note
2019-03-26__19:59:34 2.04 2.07 2.05 50.74 67.14°C note
2019-03-26__19:59:39 2.04 2.07 2.05 50.50 66.60°C note
2019-03-26__19:59:45 2.03 2.07 2.05 50.50 66.60°C note
2019-03-26__19:59:51 2.03 2.07 2.05 50.74 66.60°C note
2019-03-26__19:59:56 2.03 2.07 2.05 50.50 66.60°C note
2019-03-26__20:00:02 2.03 2.07 2.05 52.95 66.60°C note
2019-03-26__20:00:07 2.02 2.06 2.05 62.19 66.60°C note
2019-03-26__20:00:13 2.02 2.06 2.05 50.74 67.14°C note
2019-03-26__20:00:18 2.02 2.06 2.05 50.74 67.67°C note
2019-03-26__20:00:24 2.02 2.06 2.05 50.50 66.60°C note
2019-03-26__20:00:30 2.02 2.06 2.05 50.74 66.60°C note
2019-03-26__20:00:35 2.01 2.06 2.05 50.99 66.60°C note
2019-03-26__20:00:41 2.01 2.06 2.04 50.74 66.60°C note
2019-03-26__20:00:46 2.01 2.05 2.04 50.74 66.60°C note
2019-03-26__20:00:52 2.17 2.09 2.06 53.89 67.67°C note
2019-03-26__20:00:57 2.16 2.09 2.05 50.26 66.60°C note
2019-03-26__20:01:03 2.14 2.08 2.05 50.74 67.67°C note
2019-03-26__20:01:09 2.13 2.08 2.05 50.99 67.14°C note
2019-03-26__20:01:14 2.11 2.08 2.05 50.99 67.14°C note
2019-03-26__20:01:20 2.18 2.10 2.06 50.74 67.67°C note
2019-03-26__20:01:25 2.17 2.09 2.06 50.74 66.60°C note
2019-03-26__20:01:31 2.15 2.09 2.06 51.48 67.14°C note
2019-03-26__20:01:36 2.14 2.09 2.06 50.74 66.60°C note
2019-03-26__20:01:42 2.13 2.09 2.06 50.74 66.60°C note
2019-03-26__20:01:48 2.12 2.09 2.06 53.24 67.14°C note
2019-03-26__20:01:53 2.11 2.08 2.06 51.00 67.67°C note
2019-03-26__20:01:59 2.10 2.08 2.05 50.74 67.14°C note
2019-03-26__20:02:04 2.08 2.08 2.05 51.97 66.60°C note
2019-03-26__20:02:10 2.08 2.08 2.05 51.00 66.60°C note
2019-03-26__20:02:15 2.07 2.08 2.05 50.74 66.60°C note
2019-03-26__20:02:21 2.07 2.08 2.05 50.74 67.67°C note
2019-03-26__20:02:27 2.06 2.07 2.05 51.24 66.60°C note
2019-03-26__20:02:32 2.06 2.07 2.05 50.99 66.60°C note
2019-03-26__20:02:38 2.05 2.07 2.05 52.89 67.14°C note
2019-03-26__20:02:43 2.05 2.07 2.05 50.74 66.60°C note
2019-03-26__20:02:49 2.04 2.07 2.05 51.70 66.60°C note
2019-03-26__20:04:24 2.18 2.10 2.06 81.78 67.67°C note
2019-03-26__20:04:30 2.45 2.17 2.08 51.22 67.67°C note
2019-03-26__20:04:35 2.57 2.20 2.10 50.99 67.67°C note
2019-03-26__20:04:41 2.53 2.19 2.09 50.74 67.67°C note
2019-03-26__20:04:47 2.48 2.19 2.09 50.50 67.14°C note
2019-03-26__20:04:52 2.44 2.19 2.09 50.50 67.67°C note
2019-03-26__20:04:58 2.41 2.18 2.09 51.45 67.67°C note
2019-03-26__20:05:03 2.38 2.18 2.09 50.50 67.67°C note
2019-03-26__20:05:09 2.35 2.18 2.09 50.74 67.14°C note
2019-03-26__20:05:14 2.32 2.17 2.09 55.45 66.60°C note
2019-03-26__20:05:20 2.34 2.18 2.09 50.74 67.67°C note
2019-03-26__20:05:26 2.39 2.20 2.10 58.92 67.67°C note
2019-03-26__20:05:31 2.36 2.19 2.10 50.00 67.14°C note
2019-03-26__20:05:37 2.33 2.19 2.10 50.74 67.14°C note
2019-03-26__20:05:42 2.31 2.19 2.10 50.74 66.60°C note
2019-03-26__20:05:48 2.28 2.18 2.10 50.74 67.14°C note
2019-03-26__20:05:53 2.26 2.18 2.09 51.21 67.14°C note
2019-03-26__20:05:59 2.24 2.18 2.09 50.74 67.14°C note
2019-03-26__20:06:05 2.38 2.21 2.10 52.22 66.60°C note
2019-03-26__20:06:10 2.39 2.22 2.11 50.99 67.14°C note
2019-03-26__20:06:16 2.36 2.21 2.11 51.46 67.67°C note
2019-03-26__20:06:21 2.33 2.21 2.11 50.50 67.14°C note
2019-03-26__20:06:27 2.39 2.22 2.11 50.74 67.67°C note
2019-03-26__20:06:32 2.36 2.22 2.11 50.74 67.67°C note
2019-03-26__20:06:38 2.33 2.21 2.11 50.99 67.67°C note
2019-03-26__20:06:44 2.30 2.21 2.11 50.74 67.67°C note
2019-03-26__20:06:49 2.28 2.21 2.11 50.99 67.14°C note
2019-03-26__20:06:55 2.33 2.22 2.11 52.69 67.14°C note
2019-03-26__20:07:00 2.28 2.21 2.11 50.74 67.67°C note
2019-03-26__20:07:06 2.26 2.21 2.11 50.74 67.67°C note
2019-03-31__15:23:41 16.46 16.60 16.58 100.00 78.44°C warning
2019-03-31__15:23:47 16.66 16.64 16.60 100.00 80.59°C warning
2019-03-31__15:23:53 16.85 16.68 16.61 99.57 81.66°C warning
2019-03-31__15:23:59 16.94 16.70 16.62 100.00 82.74°C warning
2019-03-31__15:24:05 17.25 16.78 16.64 100.00 83.28°C warning
2019-03-31__15:24:11 17.07 16.75 16.63 100.00 82.20°C warning
2019-03-31__15:24:18 17.15 16.77 16.64 100.00 80.59°C warning
2019-03-31__15:24:24 17.13 16.78 16.64 100.00 79.51°C warning
2019-03-31__15:24:30 17.27 16.82 16.66 100.00 79.51°C warning
2019-03-31__15:24:36 17.17 16.80 16.66 100.00 79.51°C warning
2019-03-31__15:24:43 17.08 16.79 16.65 100.00 81.66°C warning
2019-03-31__15:24:49 16.91 16.76 16.64 100.00 82.74°C warning
2019-03-31__15:24:55 17.00 16.78 16.65 100.00 82.74°C warning
2019-03-31__15:25:01 17.22 16.84 16.67 100.00 81.66°C warning
2019-03-31__15:25:07 17.04 16.81 16.66 100.00 81.13°C warning
2019-03-31__15:26:04 16.82 16.76 16.65 100.00 79.51°C warning
2019-03-31__15:26:10 17.00 16.79 16.66 100.00 79.51°C warning
2019-03-31__15:26:16 16.84 16.77 16.65 100.00 79.51°C warning
2019-03-31__15:26:22 16.86 16.77 16.66 100.00 81.13°C warning
2019-03-31__15:26:28 16.71 16.74 16.65 100.00 82.20°C warning
2019-03-31__15:26:34 16.81 16.76 16.65 100.00 83.28°C warning
2019-03-31__15:26:40 17.14 16.84 16.68 100.00 82.20°C warning
2019-03-31__15:26:47 17.13 16.84 16.68 100.00 81.13°C warning
2019-03-31__15:26:53 17.04 16.83 16.68 100.00 80.05°C warning
2019-03-31__15:26:59 16.96 16.81 16.67 100.00 80.05°C warning
2019-03-31__15:27:05 17.44 16.92 16.71 100.00 79.51°C warning
2019-03-31__15:27:12 17.56 16.95 16.72 100.00 80.59°C warning
2019-03-31__15:27:18 17.52 16.95 16.72 100.00 82.20°C warning
2019-03-31__15:27:24 17.96 17.05 16.76 100.00 82.20°C warning
2019-03-31__15:27:30 17.88 17.05 16.76 100.00 82.74°C warning
2019-03-31__15:27:36 17.43 16.98 16.74 100.00 81.66°C warning
2019-03-31__15:27:42 17.32 16.97 16.74 100.00 80.59°C warning
2019-03-31__15:27:49 17.37 16.98 16.74 100.00 80.05°C warning
2019-03-31__15:27:55 17.50 17.02 16.76 100.00 79.51°C warning
2019-03-31__15:28:01 17.34 17.00 16.75 100.00 79.51°C warning
2019-03-31__15:28:07 17.40 17.02 16.76 100.00 80.59°C warning
2019-03-31__15:28:13 17.36 17.02 16.76 100.00 82.74°C warning
2019-03-31__15:28:19 17.42 17.03 16.77 100.00 82.74°C warning
2019-03-31__15:28:25 17.30 17.02 16.76 100.00 82.74°C warning
2019-03-31__15:28:32 17.17 17.00 16.76 100.00 81.66°C warning
2019-03-31__15:28:38 17.24 17.02 16.77 99.61 80.05°C warning
2019-03-31__15:28:44 16.90 16.95 16.75 100.00 80.05°C warning
2019-03-31__15:28:50 16.83 16.93 16.74 100.00 79.51°C warning
2019-03-31__15:28:56 16.92 16.95 16.75 100.00 79.51°C warning
2019-03-31__15:29:02 16.85 16.93 16.75 100.00 81.13°C warning
2019-03-31__15:29:09 16.62 16.89 16.73 100.00 82.74°C warning
2019-03-31__15:29:15 16.57 16.87 16.73 100.00 83.28°C warning
2019-03-31__15:29:21 16.82 16.91 16.74 100.00 82.74°C warning
2019-03-31__15:29:27 16.99 16.94 16.75 100.00 80.59°C warning
2019-03-31__15:29:33 16.99 16.95 16.75 100.00 80.59°C warning
2019-03-31__15:29:39 17.07 16.96 16.76 100.00 79.51°C warning
2019-03-31__15:29:46 16.97 16.95 16.76 100.00 79.51°C warning
2019-03-31__15:29:52 16.90 16.93 16.75 99.53 80.59°C warning
2019-03-31__15:29:58 16.91 16.93 16.75 100.00 81.66°C warning
2019-03-31__15:30:04 16.67 16.88 16.74 100.00 82.20°C warning
2019-03-31__15:30:10 16.62 16.87 16.74 100.00 82.74°C warning
2019-03-31__15:30:16 16.59 16.86 16.73 100.00 82.74°C warning
2019-03-31__15:30:22 16.54 16.84 16.73 100.00 81.13°C warning
2019-03-31__15:30:29 16.66 16.86 16.73 100.00 80.59°C warning
2019-03-31__15:30:35 16.61 16.85 16.73 100.00 80.05°C warning
2019-03-31__15:30:41 16.75 16.87 16.74 100.00 79.51°C warning
2019-03-31__15:30:47 16.93 16.90 16.75 99.57 79.51°C warning
2019-03-31__15:30:53 16.85 16.89 16.75 100.00 80.59°C warning
2019-03-31__15:30:59 16.46 16.81 16.72 100.00 81.66°C warning
2019-03-31__15:31:05 16.27 16.76 16.71 100.00 82.74°C warning
2019-03-31__15:31:11 16.61 16.82 16.73 100.00 83.28°C warning
2019-03-31__15:31:18 16.81 16.86 16.74 100.00 81.66°C warning
2019-03-31__15:31:24 17.30 16.96 16.77 100.00 80.05°C warning
2019-03-31__15:31:30 17.36 16.98 16.78 100.00 79.51°C warning
2019-03-31__15:31:36 17.31 16.98 16.78 100.00 78.97°C warning
2019-03-31__15:31:42 17.04 16.93 16.77 99.08 79.51°C warning
2019-03-31__15:31:48 17.04 16.93 16.77 100.00 80.59°C warning
2019-03-31__15:31:54 16.96 16.91 16.76 100.00 82.20°C warning
2019-03-31__15:32:00 17.04 16.93 16.77 100.00 82.74°C warning
2019-03-31__15:32:07 16.95 16.92 16.77 100.00 83.28°C warning
2019-03-31__15:32:13 16.79 16.88 16.76 100.00 81.66°C warning
2019-03-31__15:32:19 16.81 16.89 16.76 100.00 80.59°C warning
2019-03-31__15:32:25 16.82 16.89 16.76 100.00 79.51°C warning
2019-03-31__15:32:32 16.48 16.81 16.74 100.00 79.51°C warning
2019-03-31__15:32:38 16.12 16.73 16.71 100.00 79.51°C warning
2019-03-31__15:32:44 16.27 16.75 16.72 100.00 81.13°C warning
2019-03-31__15:32:50 16.25 16.74 16.71 100.00 82.74°C warning
2019-03-31__15:32:56 16.07 16.69 16.70 100.00 83.82°C warning
2019-03-31__15:33:02 16.13 16.69 16.70 100.00 81.66°C warning
2019-03-31__15:33:09 16.20 16.69 16.70 100.00 80.59°C warning
2019-03-31__15:33:15 16.27 16.70 16.70 100.00 80.05°C warning
2019-03-31__15:33:21 16.41 16.72 16.71 100.00 79.51°C warning
2019-03-31__15:33:27 16.41 16.71 16.71 100.00 78.44°C warning
2019-03-31__15:33:33 16.61 16.75 16.72 100.00 80.59°C warning
2019-03-31__15:33:39 16.64 16.75 16.72 100.00 82.20°C warning
2019-03-31__15:33:46 16.75 16.77 16.73 100.00 82.74°C warning
2019-03-31__15:33:52 16.42 16.70 16.70 100.00 82.74°C warning
2019-03-31__15:33:58 16.54 16.72 16.71 100.00 81.13°C warning
2019-03-31__15:34:04 16.74 16.76 16.72 100.00 80.05°C warning
2019-03-31__15:34:10 16.68 16.75 16.72 100.00 80.05°C warning
2019-03-31__15:39:56 17.54 17.15 16.90 100.00 82.74°C warning
2019-03-31__15:40:03 17.92 17.24 16.94 100.00 81.66°C warning
2019-03-31__15:40:09 17.84 17.24 16.94 100.00 79.51°C warning
2019-03-31__15:40:15 17.69 17.22 16.93 100.00 79.51°C warning
2019-03-31__15:40:21 17.56 17.20 16.93 100.00 78.97°C warning
2019-03-31__15:40:27 17.39 17.17 16.92 100.00 79.51°C warning
2019-03-31__15:40:33 17.52 17.21 16.93 100.00 80.05°C warning
2019-03-31__15:40:40 17.48 17.20 16.93 100.00 82.20°C warning
2019-03-31__15:40:46 17.28 17.17 16.92 100.00 82.74°C warning
2019-03-31__15:40:52 17.34 17.18 16.93 100.00 82.74°C warning
2019-03-31__15:40:58 17.73 17.27 16.96 100.00 81.66°C warning
2019-03-31__15:41:04 17.84 17.30 16.97 100.00 80.59°C warning
2019-03-31__15:41:10 17.69 17.28 16.97 100.00 79.51°C warning
2019-03-31__15:41:17 17.47 17.24 16.96 100.00 79.51°C warning
2019-03-31__15:41:23 17.31 17.22 16.95 100.00 80.05°C warning
2019-03-31__15:41:29 17.29 17.21 16.95 100.00 82.20°C warning
2019-03-31__15:41:35 17.27 17.21 16.95 100.00 82.20°C warning
2019-03-31__15:41:41 17.00 17.15 16.94 100.00 83.82°C warning
2019-03-31__15:41:47 17.00 17.15 16.94 100.00 82.20°C warning
2019-03-31__15:41:53 17.00 17.15 16.94 100.00 81.13°C warning
2019-03-31__15:41:59 17.16 17.18 16.95 100.00 79.51°C warning
2019-03-31__15:42:06 17.15 17.17 16.95 100.00 79.51°C warning
2019-03-31__15:42:12 17.06 17.15 16.95 100.00 79.51°C warning
2019-03-31__15:42:18 17.20 17.18 16.96 100.00 78.97°C warning
2019-03-31__15:42:24 17.03 17.15 16.95 100.00 81.13°C warning
2019-03-31__15:42:30 16.86 17.11 16.94 100.00 81.66°C warning
2019-03-31__15:42:36 16.95 17.13 16.94 100.00 82.74°C warning
2019-03-31__15:42:42 16.88 17.11 16.94 100.00 83.28°C warning
2019-03-31__15:42:48 17.20 17.17 16.96 100.00 81.66°C warning
2019-03-31__15:42:55 17.27 17.18 16.96 100.00 80.59°C warning
2019-03-31__15:42:47 17.20 17.17 16.96 100.00 82.74°C warning
2019-03-31__15:42:53 17.27 17.18 16.96 100.00 82.74°C warning
2019-03-31__15:43:00 17.33 17.20 16.97 100.00 80.59°C warning
2019-03-31__15:43:06 17.38 17.21 16.98 100.00 80.05°C warning
2019-03-31__15:43:12 17.24 17.19 16.97 100.00 78.97°C warning
2019-03-31__15:43:01 17.33 17.20 16.97 100.00 79.51°C warning
2019-03-31__15:43:07 17.38 17.21 16.98 100.00 79.51°C warning
2019-03-31__15:43:13 17.24 17.19 16.97 100.00 79.51°C warning
2019-03-31__15:43:19 17.30 17.20 16.98 100.00 81.66°C warning
2019-03-31__15:43:25 17.12 17.16 16.97 100.00 82.20°C warning
2019-03-31__15:43:19 17.30 17.20 16.98 100.00 79.51°C warning
2019-03-31__15:43:25 17.12 17.16 16.97 100.00 81.13°C warning
2019-03-31__15:43:31 17.03 17.14 16.96 100.00 82.20°C warning
2019-03-31__15:43:37 17.19 17.18 16.97 100.00 82.74°C warning
2019-03-31__15:43:43 17.08 17.15 16.97 100.00 82.74°C warning
2019-03-31__15:43:31 17.03 17.14 16.96 100.00 82.74°C warning
2019-03-31__15:43:37 17.17 17.17 16.97 100.00 83.82°C warning
2019-03-31__15:43:44 17.08 17.15 16.97 100.00 81.66°C warning
2019-03-31__15:43:50 17.07 17.15 16.97 100.00 80.59°C warning
2019-03-31__15:43:56 17.07 17.15 16.97 100.00 79.51°C warning
2019-03-31__15:43:49 17.07 17.15 16.97 100.00 81.66°C warning
2019-03-31__15:43:55 17.07 17.15 16.97 100.00 80.59°C warning
2019-03-31__15:44:02 17.06 17.14 16.97 100.00 79.51°C warning
2019-03-31__15:44:08 17.28 17.19 16.99 100.00 78.97°C warning
2019-03-31__15:44:14 17.26 17.19 16.99 100.00 79.51°C warning
2019-03-31__15:44:02 17.22 17.18 16.98 100.00 78.97°C warning
2019-03-31__15:44:09 17.28 17.19 16.99 100.00 79.51°C warning
2019-03-31__15:44:15 17.26 17.19 16.99 100.00 81.13°C warning
2019-03-31__15:44:21 17.32 17.20 16.99 100.00 82.74°C warning
2019-03-31__15:44:27 17.29 17.20 16.99 100.00 82.74°C warning
2019-03-31__15:44:20 17.32 17.20 16.99 99.62 81.13°C warning
2019-03-31__15:44:26 17.29 17.20 16.99 100.00 82.74°C warning
2019-03-31__15:44:32 17.03 17.14 16.98 99.23 83.82°C warning
2019-03-31__15:44:38 16.88 17.11 16.97 100.00 81.66°C warning
2019-03-31__15:44:45 16.81 17.09 16.96 100.00 80.59°C warning
2019-03-31__15:47:50 16.77 16.86 16.89 100.00 80.59°C warning
2019-03-31__15:47:56 16.87 16.88 16.90 100.00 82.74°C warning
2019-03-31__15:48:02 17.04 16.92 16.91 100.00 82.74°C warning
2019-03-31__15:48:09 16.79 16.87 16.89 100.00 81.66°C warning
2019-03-31__15:48:15 16.89 16.89 16.90 100.00 80.05°C warning
2019-03-31__16:00:54 16.54 16.82 16.85 100.00 78.97°C warning
2019-03-31__16:01:00 16.61 16.82 16.85 99.63 79.51°C warning
2019-03-31__16:01:06 16.64 16.83 16.86 100.00 81.66°C warning
2019-03-31__16:01:12 16.51 16.80 16.85 100.00 82.74°C warning
2019-03-31__16:01:18 16.47 16.78 16.84 100.00 82.74°C warning
2019-03-31__16:01:24 16.43 16.77 16.84 100.00 82.20°C warning
2019-03-31__16:01:30 16.58 16.79 16.84 100.00 80.59°C warning
2019-03-31__16:01:37 16.70 16.81 16.85 100.00 79.51°C warning
2019-03-31__16:01:43 16.88 16.85 16.86 100.00 79.51°C warning
2019-03-31__16:01:49 16.97 16.87 16.87 100.00 79.51°C warning
2019-03-31__16:01:55 16.98 16.87 16.87 100.00 80.05°C warning
2019-03-31__16:02:01 16.98 16.88 16.87 100.00 81.66°C warning
2019-03-31__16:02:07 17.15 16.91 16.88 100.00 82.74°C warning
2019-03-31__16:02:13 16.97 16.88 16.87 99.62 82.74°C warning
2019-03-31__16:02:20 17.21 16.93 16.89 100.00 81.66°C warning
2019-03-31__16:02:26 17.19 16.93 16.89 100.00 80.05°C warning
2019-03-31__16:02:32 17.17 16.94 16.89 100.00 79.51°C warning
2019-03-31__16:02:38 17.24 16.95 16.90 100.00 79.51°C warning
2019-03-31__16:02:45 17.22 16.96 16.90 100.00 79.51°C warning
2019-03-31__16:02:51 17.04 16.92 16.89 100.00 81.13°C warning
2019-03-31__16:02:57 16.88 16.89 16.88 100.00 81.66°C warning
2019-03-31__16:03:03 16.81 16.88 16.87 100.00 82.20°C warning
2019-03-31__16:03:09 17.07 16.93 16.89 100.00 82.20°C warning
2019-03-31__16:03:15 16.82 16.88 16.87 100.00 81.66°C warning
2019-03-31__16:03:21 16.92 16.90 16.88 100.00 80.59°C warning
2019-03-31__16:03:56 16.65 16.83 16.86 100.00 79.51°C warning
2019-03-31__16:04:02 16.68 16.83 16.86 100.00 79.51°C warning
2019-03-31__16:04:08 16.78 16.85 16.87 100.00 80.59°C warning
2019-03-31__16:04:14 16.80 16.86 16.87 100.00 81.66°C warning
2019-03-31__16:04:20 16.53 16.80 16.85 99.60 82.74°C warning
2019-03-31__16:13:35 17.47 17.38 17.10 100.00 80.05°C warning
2019-03-31__16:13:41 17.48 17.38 17.11 100.00 80.05°C warning
2019-03-31__16:13:47 17.60 17.41 17.12 100.00 78.97°C warning
2019-03-31__16:13:53 17.39 17.37 17.11 100.00 80.05°C warning
2019-03-31__16:13:59 17.28 17.35 17.10 100.00 82.20°C warning
2019-03-31__16:14:56 17.25 17.31 17.10 100.00 82.74°C warning
2019-03-31__16:15:02 17.30 17.31 17.10 100.00 82.74°C warning
2019-03-31__16:15:08 17.28 17.31 17.10 100.00 80.59°C warning
2019-03-31__16:15:14 17.73 17.40 17.13 100.00 80.05°C warning
2019-03-31__16:15:20 17.68 17.40 17.13 100.00 79.51°C warning
2019-03-31__16:15:27 18.40 17.56 17.19 100.00 79.51°C warning
2019-03-31__16:15:33 18.61 17.62 17.21 100.00 81.66°C warning
2019-03-31__16:15:40 18.72 17.66 17.23 100.00 82.20°C warning
2019-03-31__16:15:46 18.90 17.72 17.25 100.00 82.74°C warning
2019-03-31__16:15:52 18.76 17.73 17.26 100.00 80.59°C warning
2019-03-31__16:15:59 18.70 17.73 17.26 100.00 80.59°C warning
2019-03-31__16:16:05 18.65 17.74 17.27 100.00 79.51°C warning
2019-03-31__16:16:11 19.00 17.82 17.30 100.00 79.51°C warning
2019-03-31__16:16:17 19.30 17.93 17.34 100.00 81.13°C warning
2019-03-31__16:16:23 19.91 18.08 17.39 100.00 82.74°C warning
2019-03-31__16:19:32 18.72 18.59 17.74 100.00 82.74°C warning
2019-03-31__16:19:39 18.42 18.53 17.73 100.00 81.13°C warning
2019-03-31__16:19:45 18.23 18.49 17.72 100.00 80.05°C warning
2019-03-31__16:19:51 18.45 18.53 17.74 100.00 79.51°C warning
2019-03-31__16:19:57 18.68 18.58 17.76 100.00 79.51°C warning
2019-03-31__16:20:04 18.62 18.57 17.76 100.00 79.51°C warning
2019-03-31__16:20:10 18.81 18.61 17.78 100.00 81.66°C warning
2019-03-31__16:20:16 19.07 18.66 17.80 100.00 82.74°C warning
2019-03-31__16:20:22 18.76 18.61 17.79 100.00 82.74°C warning
2019-03-31__16:20:29 18.54 18.57 17.78 100.00 80.59°C warning
2019-03-31__16:20:35 18.26 18.51 17.77 100.00 80.05°C warning
2019-03-31__16:20:41 18.56 18.56 17.79 100.00 78.97°C warning
2019-03-31__16:20:47 18.69 18.59 17.81 100.00 78.97°C warning
2019-03-31__16:20:54 18.80 18.62 17.82 100.00 81.13°C warning
2019-03-31__16:21:00 18.97 18.66 17.84 100.00 82.20°C warning
2019-03-31__16:48:44 17.60 17.01 17.20 100.00 82.74°C warning
2019-03-31__16:48:50 17.56 17.01 17.19 100.00 81.66°C warning
2019-03-31__16:48:56 17.32 16.97 17.18 100.00 80.59°C warning
2019-03-31__16:49:02 17.29 16.97 17.18 99.60 80.05°C warning
2019-03-31__16:49:09 17.35 16.99 17.18 100.00 79.51°C warning
2019-03-31__16:49:15 17.40 17.01 17.19 100.00 78.97°C warning
2019-03-31__16:49:21 17.26 16.99 17.18 100.00 80.05°C warning
2019-03-31__16:49:27 17.48 17.04 17.20 100.00 82.20°C warning
2019-03-31__16:49:33 17.36 17.02 17.19 100.00 82.20°C warning
2019-03-31__16:49:39 17.17 16.99 17.18 100.00 83.28°C warning
2019-03-31__16:49:45 17.32 17.02 17.19 100.00 82.74°C warning
2019-03-31__16:49:52 17.88 17.16 17.23 100.00 80.59°C warning
2019-03-31__16:49:58 17.89 17.17 17.23 100.00 79.51°C warning
2019-03-31__16:50:04 17.50 17.10 17.21 100.00 79.51°C warning
2019-03-31__16:50:10 17.34 17.08 17.20 100.00 79.51°C warning
2019-03-31__16:50:17 18.19 17.26 17.26 100.00 81.66°C warning
2019-03-31__16:50:23 18.02 17.24 17.25 100.00 81.66°C warning
2019-03-31__16:50:29 17.94 17.24 17.25 100.00 82.74°C warning
2019-03-31__16:50:35 18.02 17.27 17.26 100.00 81.66°C warning
2019-03-31__16:50:41 18.10 17.31 17.27 100.00 80.59°C warning
2019-03-31__16:50:47 18.17 17.33 17.28 100.00 80.05°C warning
2019-03-31__16:50:53 18.24 17.36 17.29 100.00 80.05°C warning
2019-03-31__16:51:00 18.14 17.36 17.29 100.00 79.51°C warning
2019-03-31__16:51:06 18.27 17.41 17.31 100.00 80.05°C warning
2019-03-31__16:51:12 18.33 17.44 17.32 100.00 81.66°C warning
2019-03-31__16:51:18 18.14 17.41 17.31 100.00 82.20°C warning
2019-03-31__16:51:24 18.05 17.41 17.31 100.00 83.82°C warning
2019-03-31__16:51:31 17.73 17.36 17.30 100.00 81.66°C warning
2019-03-31__16:51:37 17.52 17.32 17.28 100.00 80.59°C warning
2019-03-31__16:51:43 17.39 17.30 17.28 100.00 79.51°C warning
2019-03-31__16:51:50 17.44 17.31 17.28 100.00 79.51°C warning
2019-03-31__16:51:56 17.45 17.32 17.28 100.00 80.05°C warning
2019-03-31__16:52:02 17.25 17.28 17.27 100.00 80.59°C warning
2019-03-31__16:52:08 17.23 17.27 17.27 100.00 82.20°C warning
2019-03-31__16:52:14 17.61 17.35 17.29 100.00 82.74°C warning
2019-03-31__16:52:20 17.48 17.33 17.29 100.00 82.20°C warning
2019-03-31__16:52:26 17.27 17.29 17.27 100.00 81.66°C warning
2019-03-31__16:52:32 17.33 17.30 17.28 100.00 80.59°C warning
2019-03-31__16:52:39 17.46 17.33 17.29 100.00 79.51°C warning
2019-03-31__16:52:45 17.18 17.27 17.27 100.00 78.97°C warning
2019-03-31__16:52:51 17.16 17.26 17.26 100.00 80.05°C warning
2019-03-31__16:52:57 16.98 17.22 17.25 100.00 81.66°C warning
2019-03-31__16:53:03 17.38 17.30 17.28 100.00 82.74°C warning
2019-03-31__16:53:09 17.83 17.40 17.31 100.00 83.82°C warning
2019-03-31__16:53:15 17.61 17.36 17.30 100.00 82.20°C warning
2019-03-31__16:53:22 17.89 17.43 17.32 100.00 80.59°C warning
2019-03-31__16:53:28 17.74 17.40 17.31 100.00 79.51°C warning
2019-03-31__16:53:34 17.76 17.41 17.32 100.00 80.05°C warning
2019-03-31__16:53:40 17.70 17.41 17.31 100.00 79.51°C warning
2019-03-31__16:53:46 17.52 17.38 17.31 100.00 80.59°C warning
2019-03-31__16:53:52 17.15 17.30 17.28 100.00 81.66°C warning
2019-03-31__16:53:58 16.82 17.23 17.26 100.00 82.20°C warning
2019-03-31__16:54:05 16.84 17.23 17.26 100.00 82.74°C warning
2019-03-31__16:54:11 16.69 17.19 17.25 100.00 81.66°C warning
2019-03-31__16:54:17 17.12 17.27 17.27 100.00 80.59°C warning
2019-03-31__16:54:23 17.19 17.28 17.27 100.00 80.05°C warning
2019-03-31__16:54:29 17.17 17.27 17.27 100.00 79.51°C warning
2019-03-31__16:54:35 17.64 17.37 17.30 100.00 79.51°C warning
2019-03-31__16:54:42 17.62 17.37 17.31 100.00 80.05°C warning
2019-03-31__16:54:48 17.65 17.38 17.31 100.00 81.66°C warning
2019-03-31__16:54:54 17.68 17.39 17.31 100.00 82.74°C warning
2019-03-31__16:55:00 17.54 17.37 17.31 100.00 82.74°C warning
2019-03-31__16:55:06 17.70 17.41 17.32 100.00 81.66°C warning
2019-03-31__16:55:12 17.72 17.42 17.32 100.00 80.05°C warning
2019-03-31__16:55:19 17.34 17.35 17.30 100.00 80.05°C warning
2019-03-31__16:55:25 17.32 17.34 17.30 100.00 79.51°C warning
2019-03-31__16:55:31 17.41 17.36 17.30 100.00 79.51°C warning
2019-03-31__16:55:37 17.30 17.34 17.30 100.00 81.66°C warning
2019-03-31__16:55:43 17.36 17.35 17.30 100.00 82.20°C warning
2019-03-31__16:55:49 17.33 17.34 17.30 100.00 82.74°C warning
2019-03-31__16:55:55 17.14 17.30 17.29 99.61 82.74°C warning
2019-03-31__16:56:01 17.19 17.31 17.29 100.00 82.20°C warning
2019-03-31__16:56:07 17.18 17.31 17.29 100.00 80.59°C warning
2019-03-31__16:56:14 17.16 17.30 17.28 100.00 80.05°C warning
2019-03-31__16:56:20 16.99 17.26 17.27 100.00 79.51°C warning
2019-03-31__16:57:36 17.88 17.46 17.34 100.00 80.59°C warning
2019-03-31__16:57:42 17.98 17.49 17.35 100.00 79.51°C warning
2019-03-31__16:57:48 17.82 17.47 17.34 100.00 79.51°C warning
2019-03-31__16:57:55 17.75 17.46 17.34 100.00 79.51°C warning
2019-03-31__16:58:01 17.61 17.44 17.34 100.00 80.59°C warning
2019-03-31__17:16:45 17.17 16.94 17.17 100.00 81.66°C warning
2019-03-31__17:16:52 17.31 16.97 17.18 100.00 80.05°C warning
2019-03-31__17:16:58 16.97 16.91 17.16 100.00 79.51°C warning
2019-03-31__17:17:05 17.21 16.96 17.18 100.00 79.51°C warning
2019-03-31__17:17:11 17.35 16.99 17.19 100.00 80.59°C warning
2019-03-31__17:17:32 17.58 17.08 17.21 100.00 79.51°C warning
2019-03-31__17:17:39 17.62 17.09 17.21 100.00 81.66°C warning
2019-03-31__17:17:45 17.83 17.15 17.23 100.00 82.74°C warning
2019-03-31__17:17:51 17.76 17.15 17.23 100.00 82.74°C warning
2019-03-31__17:17:57 17.86 17.18 17.24 100.00 82.20°C warning
2019-03-31__17:18:15 18.20 17.30 17.28 100.00 79.51°C warning
2019-03-31__17:18:22 18.18 17.31 17.28 100.00 79.51°C warning
2019-03-31__17:18:28 18.09 17.31 17.28 100.00 79.51°C warning
2019-03-31__17:18:34 18.07 17.33 17.29 100.00 82.20°C warning
2019-03-31__17:18:40 17.75 17.27 17.27 100.00 82.74°C warning
2019-03-31__17:31:55 16.59 16.83 17.05 100.00 78.44°C warning
2019-03-31__17:32:01 16.80 16.87 17.06 100.00 80.59°C warning
2019-03-31__17:32:07 16.98 16.90 17.07 100.00 81.66°C warning
2019-03-31__17:32:13 16.90 16.89 17.07 100.00 83.28°C warning
2019-03-31__17:32:19 16.67 16.84 17.05 100.00 83.28°C warning
