2019-03-26__18:49:07 pi10 Raspbian_GNU/Linux_9 4.9.41-v7+ up_7_weeks,_4_days,_6_hours,_44_minutes 2.01 2.06 2.03 29941 36% 927 8% 67.14 normal normal note
2019-03-26__18:53:01 pi10 Raspbian_GNU/Linux_9 4.9.41-v7+ up_7_weeks,_4_days,_6_hours,_48_minutes 2.00 2.02 2.00 29941 36% 927 9% 67.67 normal normal note
2019-03-26__18:54:01 pi10 Raspbian_GNU/Linux_9 4.9.41-v7+ up_7_weeks,_4_days,_6_hours,_49_minutes 2.00 2.02 2.00 29941 36% 927 8% 66.60 normal normal note
2019-03-26__19:38:27 pi10 Raspbian_GNU/Linux_9 4.9.41-v7+ up_7_weeks,_4_days,_7_hours,_34_minutes 2.14 2.10 2.05 29941 36% 927 8% 67.67 normal normal note
2019-03-26__19:42:08 pi10 Raspbian_GNU/Linux_9 4.9.41-v7+ up_7_weeks,_4_days,_7_hours,_37_minutes 2.17 2.14 2.07 29941 36% 927 8% 67.14 normal normal note
2019-03-26__19:43:08 pi10 Raspbian_GNU/Linux_9 4.9.41-v7+ up_7_weeks,_4_days,_7_hours,_38_minutes 2.14 2.13 2.07 29941 36% 927 8% 66.60 normal normal note
2019-03-26__19:44:08 pi10 Raspbian_GNU/Linux_9 4.9.41-v7+ up_7_weeks,_4_days,_7_hours,_39_minutes 2.05 2.10 2.07 29941 36% 927 8% 67.67 normal normal note
2019-03-26__19:52:19 pi10 Raspbian_GNU/Linux_9 4.9.41-v7+ up_7_weeks,_4_days,_7_hours,_47_minutes 2.06 2.07 2.05 29941 36% 927 8% 67.67 normal normal note
2019-03-26__19:53:19 pi10 Raspbian_GNU/Linux_9 4.9.41-v7+ up_7_weeks,_4_days,_7_hours,_48_minutes 2.02 2.06 2.05 29941 36% 927 8% 67.67 normal normal note
2019-03-26__19:54:19 pi10 Raspbian_GNU/Linux_9 4.9.41-v7+ up_7_weeks,_4_days,_7_hours,_49_minutes 2.05 2.06 2.05 29941 36% 927 8% 67.14 normal normal note
2019-03-26__19:55:19 pi10 Raspbian_GNU/Linux_9 4.9.41-v7+ up_7_weeks,_4_days,_7_hours,_50_minutes 2.02 2.05 2.04 29941 36% 927 8% 67.14 normal normal note
2019-03-26__19:56:19 pi10 Raspbian_GNU/Linux_9 4.9.41-v7+ up_7_weeks,_4_days,_7_hours,_51_minutes 2.00 2.04 2.04 29941 36% 927 8% 67.67 normal normal note
2019-03-26__19:58:16 pi10 Raspbian_GNU/Linux_9 4.9.41-v7+ up_7_weeks,_4_days,_7_hours,_53_minutes 2.16 2.10 2.06 29941 36% 927 8% 68.21 normal normal note
2019-03-26__19:59:16 pi10 Raspbian_GNU/Linux_9 4.9.41-v7+ up_7_weeks,_4_days,_7_hours,_54_minutes 2.06 2.08 2.05 29941 36% 927 8% 67.14 normal normal note
2019-03-26__20:00:16 pi10 Raspbian_GNU/Linux_9 4.9.41-v7+ up_7_weeks,_4_days,_7_hours,_55_minutes 2.02 2.06 2.05 29941 36% 927 8% 67.14 normal normal note
2019-03-26__20:01:16 pi10 Raspbian_GNU/Linux_9 4.9.41-v7+ up_7_weeks,_4_days,_7_hours,_56_minutes 2.11 2.08 2.05 29941 36% 927 8% 67.67 normal normal note
2019-03-26__20:04:24 pi10 Raspbian_GNU/Linux_9 4.9.41-v7+ up_7_weeks,_4_days,_7_hours,_59_minutes 2.18 2.10 2.06 29941 36% 927 8% 67.67 normal normal note
2019-03-26__20:05:24 pi10 Raspbian_GNU/Linux_9 4.9.41-v7+ up_7_weeks,_4_days,_8_hours 2.34 2.18 2.09 29941 36% 927 8% 66.60 normal normal note
2019-03-31__15:23:41 pi2 Raspbian_GNU/Linux_9 4.9.41-v7+ up_2_days,_19_hours,_22_minutes 16.46 16.60 16.58 29941 27% 927 13% 79.51 normal normal warning
2019-03-31__15:26:04 pi2 Raspbian_GNU/Linux_9 4.9.41-v7+ up_2_days,_19_hours,_25_minutes 16.82 16.76 16.65 29941 27% 927 13% 79.51 normal normal warning
2019-03-31__15:27:05 pi2 Raspbian_GNU/Linux_9 4.9.41-v7+ up_2_days,_19_hours,_26_minutes 17.04 16.83 16.68 29941 27% 927 13% 78.97 normal normal warning
2019-03-26__18:49:07 pi10 Raspbian_GNU/Linux_9 4.9.41-v7+ up_7_weeks,_4_days,_6_hours,_44_minutes 2.01 2.06 2.03 29941 36% 927 8% 67.14 normal normal note
2019-03-26__18:53:01 pi10 Raspbian_GNU/Linux_9 4.9.41-v7+ up_7_weeks,_4_days,_6_hours,_48_minutes 2.00 2.02 2.00 29941 36% 927 9% 67.67 normal normal note
2019-03-26__18:54:01 pi10 Raspbian_GNU/Linux_9 4.9.41-v7+ up_7_weeks,_4_days,_6_hours,_49_minutes 2.00 2.02 2.00 29941 36% 927 8% 66.60 normal normal note
2019-03-26__19:38:27 pi10 Raspbian_GNU/Linux_9 4.9.41-v7+ up_7_weeks,_4_days,_7_hours,_34_minutes 2.14 2.10 2.05 29941 36% 927 8% 67.67 normal normal note
2019-03-26__19:42:08 pi10 Raspbian_GNU/Linux_9 4.9.41-v7+ up_7_weeks,_4_days,_7_hours,_37_minutes 2.17 2.14 2.07 29941 36% 927 8% 67.14 normal normal note
2019-03-26__19:43:08 pi10 Raspbian_GNU/Linux_9 4.9.41-v7+ up_7_weeks,_4_days,_7_hours,_38_minutes 2.14 2.13 2.07 29941 36% 927 8% 66.60 normal normal note
2019-03-26__19:44:08 pi10 Raspbian_GNU/Linux_9 4.9.41-v7+ up_7_weeks,_4_days,_7_hours,_39_minutes 2.05 2.10 2.07 29941 36% 927 8% 67.67 normal normal note
2019-03-26__19:52:19 pi10 Raspbian_GNU/Linux_9 4.9.41-v7+ up_7_weeks,_4_days,_7_hours,_47_minutes 2.06 2.07 2.05 29941 36% 927 8% 67.67 normal normal note
2019-03-26__19:53:19 pi10 Raspbian_GNU/Linux_9 4.9.41-v7+ up_7_weeks,_4_days,_7_hours,_48_minutes 2.02 2.06 2.05 29941 36% 927 8% 67.67 normal normal note
2019-03-26__19:54:19 pi10 Raspbian_GNU/Linux_9 4.9.41-v7+ up_7_weeks,_4_days,_7_hours,_49_minutes 2.05 2.06 2.05 29941 36% 927 8% 67.14 normal normal note
2019-03-26__19:55:19 pi10 Raspbian_GNU/Linux_9 4.9.41-v7+ up_7_weeks,_4_days,_7_hours,_50_minutes 2.02 2.05 2.04 29941 36% 927 8% 67.14 normal normal note
2019-03-26__19:56:19 pi10 Raspbian_GNU/Linux_9 4.9.41-v7+ up_7_weeks,_4_days,_7_hours,_51_minutes 2.00 2.04 2.04 29941 36% 927 8% 67.67 normal normal note
2019-03-26__19:58:16 pi10 Raspbian_GNU/Linux_9 4.9.41-v7+ up_7_weeks,_4_days,_7_hours,_53_minutes 2.16 2.10 2.06 29941 36% 927 8% 68.21 normal normal note
2019-03-26__19:59:16 pi10 Raspbian_GNU/Linux_9 4.9.41-v7+ up_7_weeks,_4_days,_7_hours,_54_minutes 2.06 2.08 2.05 29941 36% 927 8% 67.14 normal normal note
2019-03-26__20:00:16 pi10 Raspbian_GNU/Linux_9 4.9.41-v7+ up_7_weeks,_4_days,_7_hours,_55_minutes 2.02 2.06 2.05 29941 36% 927 8% 67.14 normal normal note
2019-03-26__20:01:16 pi10 Raspbian_GNU/Linux_9 4.9.41-v7+ up_7_weeks,_4_days,_7_hours,_56_minutes 2.11 2.08 2.05 29941 36% 927 8% 67.67 normal normal note
2019-03-26__20:04:24 pi10 Raspbian_GNU/Linux_9 4.9.41-v7+ up_7_weeks,_4_days,_7_hours,_59_minutes 2.18 2.10 2.06 29941 36% 927 8% 67.67 normal normal note
2019-03-26__20:05:24 pi10 Raspbian_GNU/Linux_9 4.9.41-v7+ up_7_weeks,_4_days,_8_hours 2.34 2.18 2.09 29941 36% 927 8% 66.60 normal normal note
2019-03-31__15:23:41 pi2 Raspbian_GNU/Linux_9 4.9.41-v7+ up_2_days,_19_hours,_22_minutes 16.46 16.60 16.58 29941 27% 927 13% 79.51 normal normal warning
2019-03-31__15:26:04 pi2 Raspbian_GNU/Linux_9 4.9.41-v7+ up_2_days,_19_hours,_25_minutes 16.82 16.76 16.65 29941 27% 927 13% 79.51 normal normal warning
2019-03-31__15:27:05 pi2 Raspbian_GNU/Linux_9 4.9.41-v7+ up_2_days,_19_hours,_26_minutes 17.04 16.83 16.68 29941 27% 927 13% 78.97 normal normal warning
2019-03-31__15:28:06 pi2 Raspbian_GNU/Linux_9 4.9.41-v7+ up_2_days,_19_hours,_27_minutes 17.40 17.02 16.76 29941 27% 927 13% 79.51 normal normal warning
2019-03-31__15:29:07 pi2 Raspbian_GNU/Linux_9 4.9.41-v7+ up_2_days,_19_hours,_28_minutes 16.62 16.89 16.73 29941 27% 927 13% 80.05 normal normal warning
2019-03-31__15:30:08 pi2 Raspbian_GNU/Linux_9 4.9.41-v7+ up_2_days,_19_hours,_29_minutes 16.62 16.87 16.74 29941 27% 927 13% 79.51 normal normal warning
2019-03-31__15:31:09 pi2 Raspbian_GNU/Linux_9 4.9.41-v7+ up_2_days,_19_hours,_30_minutes 16.41 16.78 16.71 29941 27% 927 13% 80.59 normal normal warning
2019-03-31__15:32:10 pi2 Raspbian_GNU/Linux_9 4.9.41-v7+ up_2_days,_19_hours,_31_minutes 16.95 16.92 16.77 29941 27% 927 14% 80.05 normal normal warning
2019-03-31__15:33:10 pi2 Raspbian_GNU/Linux_9 4.9.41-v7+ up_2_days,_19_hours,_32_minutes 16.20 16.69 16.70 29941 27% 927 14% 79.51 normal normal warning
2019-03-31__15:39:56 pi2 Raspbian_GNU/Linux_9 4.9.41-v7+ up_2_days,_19_hours,_39_minutes 17.54 17.15 16.90 29941 27% 927 15% 80.59 normal normal warning
2019-03-31__15:40:57 pi2 Raspbian_GNU/Linux_9 4.9.41-v7+ up_2_days,_19_hours,_40_minutes 17.73 17.27 16.96 29941 27% 927 15% 81.66 normal normal warning
2019-03-31__15:41:58 pi2 Raspbian_GNU/Linux_9 4.9.41-v7+ up_2_days,_19_hours,_41_minutes 17.16 17.18 16.95 29941 27% 927 15% 80.59 normal normal warning
2019-03-31__15:42:47 pi2 Raspbian_GNU/Linux_9 4.9.41-v7+ up_2_days,_19_hours,_41_minutes 17.20 17.17 16.96 29941 27% 927 16% 82.74 normal normal warning
2019-03-31__15:42:59 pi2 Raspbian_GNU/Linux_9 4.9.41-v7+ up_2_days,_19_hours,_42_minutes 17.33 17.20 16.97 29941 27% 927 15% 81.13 normal normal warning
2019-03-31__15:43:48 pi2 Raspbian_GNU/Linux_9 4.9.41-v7+ up_2_days,_19_hours,_42_minutes 17.07 17.15 16.97 29941 27% 927 15% 82.74 normal normal warning
2019-03-31__16:00:54 pi2 Raspbian_GNU/Linux_9 4.9.41-v7+ up_2_days,_20_hours 16.54 16.82 16.85 29941 27% 927 15% 79.51 normal normal warning
2019-03-31__16:01:54 pi2 Raspbian_GNU/Linux_9 4.9.41-v7+ up_2_days,_20_hours,_1_minute 16.98 16.87 16.87 29941 27% 927 14% 80.05 normal normal warning
2019-03-31__16:14:56 pi2 Raspbian_GNU/Linux_9 4.9.41-v7+ up_2_days,_20_hours,_14_minutes 17.25 17.31 17.10 29941 27% 927 15% 82.74 normal normal warning
2019-03-31__16:19:32 pi2 Raspbian_GNU/Linux_9 4.9.41-v7+ up_2_days,_20_hours,_18_minutes 18.72 18.59 17.74 29941 27% 927 16% 81.13 normal normal warning
2019-03-31__16:48:44 pi2 Raspbian_GNU/Linux_9 4.9.41-v7+ up_2_days,_20_hours,_47_minutes 17.60 17.01 17.20 29941 27% 927 14% 83.28 normal normal warning
2019-03-31__16:49:45 pi2 Raspbian_GNU/Linux_9 4.9.41-v7+ up_2_days,_20_hours,_48_minutes 17.32 17.02 17.19 29941 27% 927 14% 82.20 normal normal warning
2019-03-31__16:50:46 pi2 Raspbian_GNU/Linux_9 4.9.41-v7+ up_2_days,_20_hours,_49_minutes 18.17 17.33 17.28 29941 27% 927 14% 81.66 normal normal warning
2019-03-31__16:51:47 pi2 Raspbian_GNU/Linux_9 4.9.41-v7+ up_2_days,_20_hours,_50_minutes 17.44 17.31 17.28 29941 27% 927 14% 81.13 normal normal warning
2019-03-31__16:52:48 pi2 Raspbian_GNU/Linux_9 4.9.41-v7+ up_2_days,_20_hours,_51_minutes 17.17 17.27 17.27 29941 27% 927 14% 81.13 normal normal warning
2019-03-31__16:53:49 pi2 Raspbian_GNU/Linux_9 4.9.41-v7+ up_2_days,_20_hours,_52_minutes 17.52 17.38 17.31 29941 27% 927 14% 80.59 normal normal warning
2019-03-31__16:54:50 pi2 Raspbian_GNU/Linux_9 4.9.41-v7+ up_2_days,_20_hours,_53_minutes 17.65 17.38 17.31 29941 27% 927 14% 80.59 normal normal warning
