2019-03-26__18:49:07 2.01 2.06 2.03 76.89 66.60°C note
2019-03-26__18:49:13 2.01 2.06 2.03 50.50 67.67°C note
2019-03-26__18:49:18 2.01 2.06 2.03 50.99 67.14°C note
2019-03-26__18:49:24 2.01 2.06 2.02 50.26 66.60°C note
2019-03-26__18:49:29 2.01 2.06 2.02 51.24 66.60°C note
2019-03-26__18:49:35 2.01 2.06 2.02 50.50 66.60°C note
2019-03-26__18:49:40 2.01 2.05 2.02 50.99 66.60°C note
2019-03-26__18:49:46 2.01 2.05 2.02 51.46 66.60°C note
2019-03-26__18:49:52 2.00 2.05 2.02 50.97 66.60°C note
2019-03-26__18:49:57 2.00 2.05 2.02 53.66 66.60°C note
2019-03-26__18:53:01 2.00 2.02 2.00 82.63 67.14°C note
2019-03-26__18:53:07 2.00 2.02 2.00 50.74 67.14°C note
2019-03-26__18:53:12 2.00 2.02 2.00 50.74 67.67°C note
2019-03-26__18:53:18 2.00 2.02 2.00 50.99 67.67°C note
2019-03-26__18:53:23 2.00 2.02 2.00 50.74 66.60°C note
2019-03-26__18:53:29 2.00 2.02 2.00 50.74 67.67°C note
2019-03-26__18:53:35 2.00 2.02 2.00 52.71 67.67°C note
2019-03-26__18:53:40 2.00 2.02 2.00 50.99 66.60°C note
2019-03-26__18:53:46 2.00 2.02 2.00 50.50 66.60°C note
2019-03-26__18:53:51 2.00 2.02 2.00 52.95 66.60°C note
2019-03-26__18:53:57 2.00 2.02 2.00 50.50 66.60°C note
2019-03-26__18:54:02 2.00 2.02 2.00 59.12 67.67°C note
2019-03-26__18:54:08 2.00 2.02 2.00 50.50 67.14°C note
2019-03-26__18:54:14 2.00 2.01 2.00 50.74 67.14°C note
2019-03-26__18:54:19 2.00 2.01 2.00 57.57 66.60°C note
2019-03-26__18:54:25 2.00 2.01 2.00 55.67 67.14°C note
2019-03-26__18:54:30 2.00 2.01 2.00 50.99 66.60°C note
2019-03-26__18:54:36 2.00 2.01 2.00 52.98 66.60°C note
2019-03-26__18:54:41 2.00 2.01 2.00 50.74 67.67°C note
2019-03-26__18:54:47 2.00 2.01 2.00 52.98 66.60°C note
2019-03-26__19:38:27 2.14 2.10 2.05 79.54 67.14°C note
2019-03-26__19:38:32 2.12 2.10 2.05 51.45 66.60°C note
2019-03-26__19:38:38 2.11 2.10 2.05 50.99 66.60°C note
2019-03-26__19:38:43 2.10 2.10 2.05 50.74 66.06°C note
2019-03-26__19:38:49 2.10 2.10 2.05 50.74 67.14°C note
2019-03-26__19:38:55 2.09 2.09 2.05 51.73 66.60°C note
2019-03-26__19:39:00 2.08 2.09 2.05 50.50 66.60°C note
2019-03-26__19:39:06 2.07 2.09 2.05 50.74 66.60°C note
2019-03-26__19:39:11 2.07 2.09 2.05 50.99 66.60°C note
2019-03-26__19:39:17 2.06 2.08 2.05 53.44 66.60°C note
2019-03-26__19:39:22 2.05 2.08 2.04 50.74 67.14°C note
2019-03-26__19:39:28 2.05 2.08 2.04 57.72 67.67°C note
2019-03-26__19:39:34 2.04 2.08 2.04 50.74 66.60°C note
2019-03-26__19:39:39 2.04 2.08 2.04 50.50 66.60°C note
2019-03-26__19:39:45 2.04 2.08 2.04 50.50 66.60°C note
2019-03-26__19:42:08 2.17 2.14 2.07 75.63 66.60°C note
2019-03-26__19:42:14 2.16 2.14 2.07 51.48 67.67°C note
2019-03-26__19:42:19 2.15 2.14 2.07 52.69 67.67°C note
2019-03-26__19:42:25 2.13 2.13 2.07 51.48 66.60°C note
2019-03-26__19:42:30 2.12 2.13 2.07 51.22 67.67°C note
2019-03-26__19:42:36 2.11 2.13 2.07 51.68 66.60°C note
2019-03-26__19:42:42 2.10 2.13 2.07 50.00 67.67°C note
2019-03-26__19:42:47 2.09 2.12 2.07 50.50 66.60°C note
2019-03-26__19:42:53 2.08 2.12 2.07 50.74 66.60°C note
2019-03-26__19:42:58 2.07 2.12 2.07 53.44 66.60°C note
2019-03-26__19:43:04 2.15 2.13 2.07 50.74 66.60°C note
2019-03-26__19:43:09 2.14 2.13 2.07 56.59 67.14°C note
2019-03-26__19:43:15 2.12 2.13 2.07 51.24 67.14°C note
2019-03-26__19:43:21 2.11 2.12 2.07 50.74 67.14°C note
2019-03-26__19:43:26 2.10 2.12 2.07 50.74 67.14°C note
2019-03-26__19:43:32 2.10 2.12 2.07 50.74 66.60°C note
2019-03-26__19:43:37 2.08 2.12 2.07 51.70 67.14°C note
2019-03-26__19:43:43 2.07 2.11 2.07 52.20 67.67°C note
2019-03-26__19:43:48 2.07 2.11 2.07 52.20 66.60°C note
2019-03-26__19:43:54 2.06 2.11 2.07 54.11 67.14°C note
2019-03-26__19:44:00 2.06 2.11 2.07 50.74 67.14°C note
2019-03-26__19:44:05 2.05 2.11 2.07 50.74 67.14°C note
2019-03-26__19:44:11 2.05 2.10 2.07 50.74 67.67°C note
2019-03-26__19:44:16 2.04 2.10 2.07 50.74 66.60°C note
2019-03-26__19:44:22 2.04 2.10 2.07 50.99 66.60°C note
2019-03-26__19:44:27 2.03 2.10 2.07 50.99 66.60°C note
2019-03-26__19:44:33 2.03 2.09 2.06 50.50 67.14°C note
2019-03-26__19:44:39 2.03 2.09 2.06 58.34 67.14°C note
2019-03-26__19:44:44 2.02 2.09 2.06 65.52 67.14°C note
2019-03-26__19:44:50 2.02 2.09 2.06 51.24 67.67°C note
2019-03-26__19:52:19 2.06 2.07 2.05 75.50 67.14°C note
2019-03-26__19:52:24 2.05 2.07 2.05 52.74 67.14°C note
2019-03-26__19:52:30 2.05 2.07 2.05 50.50 67.14°C note
2019-03-26__19:52:35 2.04 2.07 2.05 50.50 66.60°C note
2019-03-26__19:52:41 2.04 2.07 2.05 51.21 66.60°C note
2019-03-26__19:52:47 2.04 2.07 2.05 52.71 67.67°C note
2019-03-26__19:52:52 2.03 2.07 2.05 51.49 67.67°C note
2019-03-26__19:52:58 2.03 2.06 2.05 51.20 67.14°C note
2019-03-26__19:53:03 2.02 2.06 2.05 50.25 67.67°C note
2019-03-26__19:53:09 2.02 2.06 2.05 52.50 67.67°C note
2019-03-26__19:53:14 2.02 2.06 2.05 52.46 67.67°C note
2019-03-26__19:53:20 2.02 2.06 2.05 57.43 67.67°C note
2019-03-26__19:53:26 2.02 2.06 2.05 50.74 67.67°C note
2019-03-26__19:53:31 2.02 2.06 2.05 50.74 67.67°C note
2019-03-26__19:53:37 2.01 2.05 2.05 50.74 67.14°C note
2019-03-26__19:53:42 2.09 2.07 2.05 50.74 67.67°C note
2019-03-26__19:53:48 2.08 2.07 2.05 50.25 67.14°C note
2019-03-26__19:53:53 2.07 2.07 2.05 71.65 67.67°C note
2019-03-26__19:53:59 2.07 2.06 2.05 50.50 67.67°C note
2019-03-26__19:54:05 2.06 2.06 2.05 53.21 66.60°C note
2019-03-26__19:54:10 2.06 2.06 2.05 50.74 67.67°C note
2019-03-26__19:54:16 2.05 2.06 2.05 50.99 66.60°C note
2019-03-26__19:54:21 2.05 2.06 2.05 50.74 67.67°C note
2019-03-26__19:54:27 2.04 2.06 2.05 50.74 66.60°C note
2019-03-26__19:54:32 2.04 2.06 2.05 50.99 67.14°C note
2019-03-26__19:54:38 2.04 2.06 2.05 50.74 67.67°C note
2019-03-26__19:54:44 2.03 2.05 2.05 50.74 67.14°C note
2019-03-26__19:54:49 2.03 2.05 2.05 50.74 67.14°C note
2019-03-26__19:54:55 2.02 2.05 2.04 55.95 67.14°C note
2019-03-26__19:55:00 2.02 2.05 2.04 53.21 67.67°C note
2019-03-26__19:55:06 2.02 2.05 2.04 59.03 67.67°C note
2019-03-26__19:55:11 2.02 2.05 2.04 50.50 67.67°C note
2019-03-26__19:55:17 2.02 2.05 2.04 51.97 66.60°C note
2019-03-26__19:55:23 2.02 2.05 2.04 51.93 67.67°C note
2019-03-26__19:55:28 2.01 2.05 2.04 50.50 68.21°C note
2019-03-26__19:55:34 2.01 2.04 2.04 50.74 67.67°C note
2019-03-26__19:55:39 2.01 2.04 2.04 51.73 67.14°C note
2019-03-26__19:55:45 2.01 2.04 2.04 50.74 67.14°C note
2019-03-26__19:55:50 2.01 2.04 2.04 53.21 67.14°C note
2019-03-26__19:55:56 2.01 2.04 2.04 50.74 67.67°C note
2019-03-26__19:56:02 2.01 2.04 2.04 57.64 67.67°C note
2019-03-26__19:56:07 2.01 2.04 2.04 75.63 67.14°C note
2019-03-26__19:56:13 2.00 2.04 2.04 50.99 67.14°C note
2019-03-26__19:56:18 2.00 2.04 2.04 52.22 66.60°C note
2019-03-26__19:56:24 2.00 2.03 2.04 52.64 67.14°C note
2019-03-26__19:56:29 2.00 2.03 2.04 50.50 67.67°C note
2019-03-26__19:56:35 2.00 2.03 2.04 50.50 67.67°C note
2019-03-26__19:56:40 2.00 2.03 2.03 52.95 67.14°C note
2019-03-26__19:56:46 2.00 2.03 2.03 50.74 66.60°C note
2019-03-26__19:56:52 2.08 2.05 2.04 50.50 67.67°C note
2019-03-26__19:56:57 2.24 2.08 2.05 50.74 67.67°C note
2019-03-26__19:57:03 2.22 2.08 2.05 50.74 67.67°C note
2019-03-26__19:57:08 2.20 2.08 2.05 56.29 66.60°C note
2019-03-26__19:57:14 2.17 2.07 2.05 53.70 67.67°C note
2019-03-26__19:57:19 2.15 2.07 2.05 51.00 67.14°C note
2019-03-26__19:57:25 2.38 2.12 2.06 52.48 67.67°C note
2019-03-26__19:57:31 2.35 2.12 2.06 50.50 67.14°C note
2019-03-26__19:57:36 2.32 2.12 2.06 52.98 67.67°C note
2019-03-26__19:57:42 2.30 2.11 2.06 50.99 66.60°C note
2019-03-26__19:57:47 2.27 2.11 2.06 50.74 67.14°C note
2019-03-26__19:58:16 2.16 2.10 2.06 77.62 67.67°C note
2019-03-26__19:58:21 2.15 2.10 2.06 50.74 66.60°C note
2019-03-26__19:58:27 2.14 2.10 2.06 50.74 66.60°C note
2019-03-26__19:58:33 2.13 2.09 2.06 50.74 66.60°C note
2019-03-26__19:58:38 2.12 2.09 2.06 50.74 66.60°C note
2019-03-26__19:58:44 2.10 2.09 2.06 50.74 66.60°C note
2019-03-26__19:58:49 2.09 2.09 2.06 50.50 67.67°C note
2019-03-26__19:58:55 2.08 2.08 2.06 50.99 67.67°C note
2019-03-26__19:59:00 2.08 2.08 2.05 50.74 67.14°C note
2019-03-26__19:59:06 2.07 2.08 2.05 53.66 67.14°C note
2019-03-26__19:59:12 2.06 2.08 2.05 50.74 67.67°C note
2019-03-26__19:59:17 2.06 2.08 2.05 59.12 67.14°C note
2019-03-26__19:59:23 2.05 2.08 2.05 50.00 67.14°C note
2019-03-26__19:59:28 2.05 2.08 2.05 50.74 67.67°C note
2019-03-26__19:59:34 2.04 2.07 2.05 50.74 67.14°C note
2019-03-26__19:59:39 2.04 2.07 2.05 50.50 66.60°C note
2019-03-26__19:59:45 2.03 2.07 2.05 50.50 66.60°C note
2019-03-26__19:59:51 2.03 2.07 2.05 50.74 66.60°C note
2019-03-26__19:59:56 2.03 2.07 2.05 50.50 66.60°C note
2019-03-26__20:00:02 2.03 2.07 2.05 52.95 66.60°C note
2019-03-26__20:00:07 2.02 2.06 2.05 62.19 66.60°C note
2019-03-26__20:00:13 2.02 2.06 2.05 50.74 67.14°C note
2019-03-26__20:00:18 2.02 2.06 2.05 50.74 67.67°C note
2019-03-26__20:00:24 2.02 2.06 2.05 50.50 66.60°C note
2019-03-26__20:00:30 2.02 2.06 2.05 50.74 66.60°C note
2019-03-26__20:00:35 2.01 2.06 2.05 50.99 66.60°C note
2019-03-26__20:00:41 2.01 2.06 2.04 50.74 66.60°C note
2019-03-26__20:00:46 2.01 2.05 2.04 50.74 66.60°C note
2019-03-26__20:00:52 2.17 2.09 2.06 53.89 67.67°C note
2019-03-26__20:00:57 2.16 2.09 2.05 50.26 66.60°C note
2019-03-26__20:01:03 2.14 2.08 2.05 50.74 67.67°C note
2019-03-26__20:01:09 2.13 2.08 2.05 50.99 67.14°C note
2019-03-26__20:01:14 2.11 2.08 2.05 50.99 67.14°C note
2019-03-26__20:01:20 2.18 2.10 2.06 50.74 67.67°C note
2019-03-26__20:01:25 2.17 2.09 2.06 50.74 66.60°C note
2019-03-26__20:01:31 2.15 2.09 2.06 51.48 67.14°C note
2019-03-26__20:01:36 2.14 2.09 2.06 50.74 66.60°C note
2019-03-26__20:01:42 2.13 2.09 2.06 50.74 66.60°C note
2019-03-26__20:01:48 2.12 2.09 2.06 53.24 67.14°C note
2019-03-26__20:01:53 2.11 2.08 2.06 51.00 67.67°C note
2019-03-26__20:01:59 2.10 2.08 2.05 50.74 67.14°C note
2019-03-26__20:02:04 2.08 2.08 2.05 51.97 66.60°C note
2019-03-26__20:02:10 2.08 2.08 2.05 51.00 66.60°C note
2019-03-26__20:02:15 2.07 2.08 2.05 50.74 66.60°C note
2019-03-26__20:02:21 2.07 2.08 2.05 50.74 67.67°C note
2019-03-26__20:02:27 2.06 2.07 2.05 51.24 66.60°C note
2019-03-26__20:02:32 2.06 2.07 2.05 50.99 66.60°C note
2019-03-26__20:02:38 2.05 2.07 2.05 52.89 67.14°C note
2019-03-26__20:02:43 2.05 2.07 2.05 50.74 66.60°C note
2019-03-26__20:02:49 2.04 2.07 2.05 51.70 66.60°C note
2019-03-26__20:04:24 2.18 2.10 2.06 81.78 67.67°C note
2019-03-26__20:04:30 2.45 2.17 2.08 51.22 67.67°C note
2019-03-26__20:04:35 2.57 2.20 2.10 50.99 67.67°C note
2019-03-26__20:04:41 2.53 2.19 2.09 50.74 67.67°C note
2019-03-26__20:04:47 2.48 2.19 2.09 50.50 67.14°C note
2019-03-26__20:04:52 2.44 2.19 2.09 50.50 67.67°C note
2019-03-26__20:04:58 2.41 2.18 2.09 51.45 67.67°C note
2019-03-26__20:05:03 2.38 2.18 2.09 50.50 67.67°C note
2019-03-26__20:05:09 2.35 2.18 2.09 50.74 67.14°C note
2019-03-26__20:05:14 2.32 2.17 2.09 55.45 66.60°C note
2019-03-26__20:05:20 2.34 2.18 2.09 50.74 67.67°C note
2019-03-26__20:05:26 2.39 2.20 2.10 58.92 67.67°C note
2019-03-26__20:05:31 2.36 2.19 2.10 50.00 67.14°C note
2019-03-26__20:05:37 2.33 2.19 2.10 50.74 67.14°C note
2019-03-26__20:05:42 2.31 2.19 2.10 50.74 66.60°C note
2019-03-26__20:05:48 2.28 2.18 2.10 50.74 67.14°C note
2019-03-26__20:05:53 2.26 2.18 2.09 51.21 67.14°C note
2019-03-26__20:05:59 2.24 2.18 2.09 50.74 67.14°C note
2019-03-26__20:06:05 2.38 2.21 2.10 52.22 66.60°C note
2019-03-26__20:06:10 2.39 2.22 2.11 50.99 67.14°C note
2019-03-26__20:06:16 2.36 2.21 2.11 51.46 67.67°C note
2019-03-26__20:06:21 2.33 2.21 2.11 50.50 67.14°C note
2019-03-26__20:06:27 2.39 2.22 2.11 50.74 67.67°C note
2019-03-26__20:06:32 2.36 2.22 2.11 50.74 67.67°C note
2019-03-26__20:06:38 2.33 2.21 2.11 50.99 67.67°C note
2019-03-26__20:06:44 2.30 2.21 2.11 50.74 67.67°C note
2019-03-26__20:06:49 2.28 2.21 2.11 50.99 67.14°C note
2019-03-26__20:06:55 2.33 2.22 2.11 52.69 67.14°C note
2019-03-26__20:07:00 2.28 2.21 2.11 50.74 67.67°C note
2019-03-26__20:07:06 2.26 2.21 2.11 50.74 67.67°C note
2019-03-31__15:23:40 0.02 0.01 0.00 7.29 51.00°C note
2019-03-31__15:23:46 0.02 0.01 0.00 0.49 50.46°C note
2019-03-31__15:23:52 0.02 0.01 0.00 0.98 51.00°C note
2019-03-31__15:23:57 0.02 0.01 0.00 1.46 50.46°C note
2019-03-31__15:24:03 0.02 0.01 0.00 1.45 50.46°C note
2019-03-31__15:24:09 0.02 0.01 0.00 0.50 50.46°C note
2019-03-31__15:24:14 0.01 0.01 0.00 1.45 50.46°C note
2019-03-31__15:24:20 0.01 0.01 0.00 1.47 50.46°C note
2019-03-31__15:24:25 0.01 0.01 0.00 0.50 50.46°C note
2019-03-31__15:24:31 0.01 0.01 0.00 6.32 50.46°C note
2019-03-31__15:24:37 0.01 0.00 0.00 1.45 50.46°C note
2019-03-31__15:24:42 0.01 0.00 0.00 1.93 51.54°C note
2019-03-31__15:24:48 0.01 0.00 0.00 0.50 50.46°C note
2019-03-31__15:24:53 0.01 0.00 0.00 0.50 50.46°C note
2019-03-31__15:24:59 0.00 0.00 0.00 1.96 50.46°C note
2019-03-31__15:25:05 0.00 0.00 0.00 1.46 50.46°C note
2019-03-31__15:25:10 0.00 0.00 0.00 17.97 51.54°C note
2019-03-31__15:25:16 0.00 0.00 0.00 0.50 51.54°C note
2019-03-31__15:25:22 0.00 0.00 0.00 7.18 51.00°C note
2019-03-31__15:25:27 0.00 0.00 0.00 1.46 51.00°C note
2019-03-31__15:26:03 0.00 0.00 0.00 9.27 51.54°C note
2019-03-31__15:26:09 0.08 0.02 0.01 1.94 51.00°C note
2019-03-31__15:26:15 0.07 0.02 0.00 1.93 51.00°C note
2019-03-31__15:26:20 0.06 0.02 0.00 1.45 51.00°C note
2019-03-31__15:26:26 0.06 0.01 0.00 0.98 50.46°C note
2019-03-31__15:26:32 0.05 0.01 0.00 0.98 50.46°C note
2019-03-31__15:26:37 0.05 0.01 0.00 1.93 50.46°C note
2019-03-31__15:26:43 0.04 0.01 0.00 0.50 50.46°C note
2019-03-31__15:26:48 0.04 0.01 0.00 1.45 50.46°C note
2019-03-31__15:26:54 0.04 0.01 0.00 6.77 50.46°C note
2019-03-31__15:27:00 0.03 0.01 0.00 1.45 50.46°C note
2019-03-31__15:27:05 0.03 0.01 0.00 1.46 51.54°C note
2019-03-31__15:27:11 0.02 0.01 0.00 2.42 51.54°C note
2019-03-31__15:27:17 0.02 0.01 0.00 0.49 51.00°C note
2019-03-31__15:27:22 0.02 0.01 0.00 1.45 51.54°C note
2019-03-31__15:27:28 0.02 0.01 0.00 1.45 51.54°C note
2019-03-31__15:27:33 0.02 0.01 0.00 13.11 50.46°C note
2019-03-31__15:27:39 0.02 0.01 0.00 1.46 51.00°C note
2019-03-31__15:27:45 0.01 0.01 0.00 7.22 51.54°C note
2019-03-31__15:27:50 0.01 0.01 0.00 2.42 51.54°C note
2019-03-31__15:27:56 0.01 0.01 0.00 1.45 50.46°C note
2019-03-31__15:28:01 0.01 0.01 0.00 0.49 51.54°C note
2019-03-31__15:28:07 0.01 0.00 0.00 0.49 51.00°C note
2019-03-31__15:28:13 0.01 0.00 0.00 0.98 51.00°C note
2019-03-31__15:28:18 0.01 0.00 0.00 1.94 50.46°C note
2019-03-26__18:49:07 2.01 2.06 2.03 76.89 66.60°C note
2019-03-26__18:49:13 2.01 2.06 2.03 50.50 67.67°C note
2019-03-26__18:49:18 2.01 2.06 2.03 50.99 67.14°C note
2019-03-26__18:49:24 2.01 2.06 2.02 50.26 66.60°C note
2019-03-26__18:49:29 2.01 2.06 2.02 51.24 66.60°C note
2019-03-26__18:49:35 2.01 2.06 2.02 50.50 66.60°C note
2019-03-26__18:49:40 2.01 2.05 2.02 50.99 66.60°C note
2019-03-26__18:49:46 2.01 2.05 2.02 51.46 66.60°C note
2019-03-26__18:49:52 2.00 2.05 2.02 50.97 66.60°C note
2019-03-26__18:49:57 2.00 2.05 2.02 53.66 66.60°C note
2019-03-26__18:53:01 2.00 2.02 2.00 82.63 67.14°C note
2019-03-26__18:53:07 2.00 2.02 2.00 50.74 67.14°C note
2019-03-26__18:53:12 2.00 2.02 2.00 50.74 67.67°C note
2019-03-26__18:53:18 2.00 2.02 2.00 50.99 67.67°C note
2019-03-26__18:53:23 2.00 2.02 2.00 50.74 66.60°C note
2019-03-26__18:53:29 2.00 2.02 2.00 50.74 67.67°C note
2019-03-26__18:53:35 2.00 2.02 2.00 52.71 67.67°C note
2019-03-26__18:53:40 2.00 2.02 2.00 50.99 66.60°C note
2019-03-26__18:53:46 2.00 2.02 2.00 50.50 66.60°C note
2019-03-26__18:53:51 2.00 2.02 2.00 52.95 66.60°C note
2019-03-26__18:53:57 2.00 2.02 2.00 50.50 66.60°C note
2019-03-26__18:54:02 2.00 2.02 2.00 59.12 67.67°C note
2019-03-26__18:54:08 2.00 2.02 2.00 50.50 67.14°C note
2019-03-26__18:54:14 2.00 2.01 2.00 50.74 67.14°C note
2019-03-26__18:54:19 2.00 2.01 2.00 57.57 66.60°C note
2019-03-26__18:54:25 2.00 2.01 2.00 55.67 67.14°C note
2019-03-26__18:54:30 2.00 2.01 2.00 50.99 66.60°C note
2019-03-26__18:54:36 2.00 2.01 2.00 52.98 66.60°C note
2019-03-26__18:54:41 2.00 2.01 2.00 50.74 67.67°C note
2019-03-26__18:54:47 2.00 2.01 2.00 52.98 66.60°C note
2019-03-26__19:38:27 2.14 2.10 2.05 79.54 67.14°C note
2019-03-26__19:38:32 2.12 2.10 2.05 51.45 66.60°C note
2019-03-26__19:38:38 2.11 2.10 2.05 50.99 66.60°C note
2019-03-26__19:38:43 2.10 2.10 2.05 50.74 66.06°C note
2019-03-26__19:38:49 2.10 2.10 2.05 50.74 67.14°C note
2019-03-26__19:38:55 2.09 2.09 2.05 51.73 66.60°C note
2019-03-26__19:39:00 2.08 2.09 2.05 50.50 66.60°C note
2019-03-26__19:39:06 2.07 2.09 2.05 50.74 66.60°C note
2019-03-26__19:39:11 2.07 2.09 2.05 50.99 66.60°C note
2019-03-26__19:39:17 2.06 2.08 2.05 53.44 66.60°C note
2019-03-26__19:39:22 2.05 2.08 2.04 50.74 67.14°C note
2019-03-26__19:39:28 2.05 2.08 2.04 57.72 67.67°C note
2019-03-26__19:39:34 2.04 2.08 2.04 50.74 66.60°C note
2019-03-26__19:39:39 2.04 2.08 2.04 50.50 66.60°C note
2019-03-26__19:39:45 2.04 2.08 2.04 50.50 66.60°C note
2019-03-26__19:42:08 2.17 2.14 2.07 75.63 66.60°C note
2019-03-26__19:42:14 2.16 2.14 2.07 51.48 67.67°C note
2019-03-26__19:42:19 2.15 2.14 2.07 52.69 67.67°C note
2019-03-26__19:42:25 2.13 2.13 2.07 51.48 66.60°C note
2019-03-26__19:42:30 2.12 2.13 2.07 51.22 67.67°C note
2019-03-26__19:42:36 2.11 2.13 2.07 51.68 66.60°C note
2019-03-26__19:42:42 2.10 2.13 2.07 50.00 67.67°C note
2019-03-26__19:42:47 2.09 2.12 2.07 50.50 66.60°C note
2019-03-26__19:42:53 2.08 2.12 2.07 50.74 66.60°C note
2019-03-26__19:42:58 2.07 2.12 2.07 53.44 66.60°C note
2019-03-26__19:43:04 2.15 2.13 2.07 50.74 66.60°C note
2019-03-26__19:43:09 2.14 2.13 2.07 56.59 67.14°C note
2019-03-26__19:43:15 2.12 2.13 2.07 51.24 67.14°C note
2019-03-26__19:43:21 2.11 2.12 2.07 50.74 67.14°C note
2019-03-26__19:43:26 2.10 2.12 2.07 50.74 67.14°C note
2019-03-26__19:43:32 2.10 2.12 2.07 50.74 66.60°C note
2019-03-26__19:43:37 2.08 2.12 2.07 51.70 67.14°C note
2019-03-26__19:43:43 2.07 2.11 2.07 52.20 67.67°C note
2019-03-26__19:43:48 2.07 2.11 2.07 52.20 66.60°C note
2019-03-26__19:43:54 2.06 2.11 2.07 54.11 67.14°C note
2019-03-26__19:44:00 2.06 2.11 2.07 50.74 67.14°C note
2019-03-26__19:44:05 2.05 2.11 2.07 50.74 67.14°C note
2019-03-26__19:44:11 2.05 2.10 2.07 50.74 67.67°C note
2019-03-26__19:44:16 2.04 2.10 2.07 50.74 66.60°C note
2019-03-26__19:44:22 2.04 2.10 2.07 50.99 66.60°C note
2019-03-26__19:44:27 2.03 2.10 2.07 50.99 66.60°C note
2019-03-26__19:44:33 2.03 2.09 2.06 50.50 67.14°C note
2019-03-26__19:44:39 2.03 2.09 2.06 58.34 67.14°C note
2019-03-26__19:44:44 2.02 2.09 2.06 65.52 67.14°C note
2019-03-26__19:44:50 2.02 2.09 2.06 51.24 67.67°C note
2019-03-26__19:52:19 2.06 2.07 2.05 75.50 67.14°C note
2019-03-26__19:52:24 2.05 2.07 2.05 52.74 67.14°C note
2019-03-26__19:52:30 2.05 2.07 2.05 50.50 67.14°C note
2019-03-26__19:52:35 2.04 2.07 2.05 50.50 66.60°C note
2019-03-26__19:52:41 2.04 2.07 2.05 51.21 66.60°C note
2019-03-26__19:52:47 2.04 2.07 2.05 52.71 67.67°C note
2019-03-26__19:52:52 2.03 2.07 2.05 51.49 67.67°C note
2019-03-26__19:52:58 2.03 2.06 2.05 51.20 67.14°C note
2019-03-26__19:53:03 2.02 2.06 2.05 50.25 67.67°C note
2019-03-26__19:53:09 2.02 2.06 2.05 52.50 67.67°C note
2019-03-26__19:53:14 2.02 2.06 2.05 52.46 67.67°C note
2019-03-26__19:53:20 2.02 2.06 2.05 57.43 67.67°C note
2019-03-26__19:53:26 2.02 2.06 2.05 50.74 67.67°C note
2019-03-26__19:53:31 2.02 2.06 2.05 50.74 67.67°C note
2019-03-26__19:53:37 2.01 2.05 2.05 50.74 67.14°C note
2019-03-26__19:53:42 2.09 2.07 2.05 50.74 67.67°C note
2019-03-26__19:53:48 2.08 2.07 2.05 50.25 67.14°C note
2019-03-26__19:53:53 2.07 2.07 2.05 71.65 67.67°C note
2019-03-26__19:53:59 2.07 2.06 2.05 50.50 67.67°C note
2019-03-26__19:54:05 2.06 2.06 2.05 53.21 66.60°C note
2019-03-26__19:54:10 2.06 2.06 2.05 50.74 67.67°C note
2019-03-26__19:54:16 2.05 2.06 2.05 50.99 66.60°C note
2019-03-26__19:54:21 2.05 2.06 2.05 50.74 67.67°C note
2019-03-26__19:54:27 2.04 2.06 2.05 50.74 66.60°C note
2019-03-26__19:54:32 2.04 2.06 2.05 50.99 67.14°C note
2019-03-26__19:54:38 2.04 2.06 2.05 50.74 67.67°C note
2019-03-26__19:54:44 2.03 2.05 2.05 50.74 67.14°C note
2019-03-26__19:54:49 2.03 2.05 2.05 50.74 67.14°C note
2019-03-26__19:54:55 2.02 2.05 2.04 55.95 67.14°C note
2019-03-26__19:55:00 2.02 2.05 2.04 53.21 67.67°C note
2019-03-26__19:55:06 2.02 2.05 2.04 59.03 67.67°C note
2019-03-26__19:55:11 2.02 2.05 2.04 50.50 67.67°C note
2019-03-26__19:55:17 2.02 2.05 2.04 51.97 66.60°C note
2019-03-26__19:55:23 2.02 2.05 2.04 51.93 67.67°C note
2019-03-26__19:55:28 2.01 2.05 2.04 50.50 68.21°C note
2019-03-26__19:55:34 2.01 2.04 2.04 50.74 67.67°C note
2019-03-26__19:55:39 2.01 2.04 2.04 51.73 67.14°C note
2019-03-26__19:55:45 2.01 2.04 2.04 50.74 67.14°C note
2019-03-26__19:55:50 2.01 2.04 2.04 53.21 67.14°C note
2019-03-26__19:55:56 2.01 2.04 2.04 50.74 67.67°C note
2019-03-26__19:56:02 2.01 2.04 2.04 57.64 67.67°C note
2019-03-26__19:56:07 2.01 2.04 2.04 75.63 67.14°C note
2019-03-26__19:56:13 2.00 2.04 2.04 50.99 67.14°C note
2019-03-26__19:56:18 2.00 2.04 2.04 52.22 66.60°C note
2019-03-26__19:56:24 2.00 2.03 2.04 52.64 67.14°C note
2019-03-26__19:56:29 2.00 2.03 2.04 50.50 67.67°C note
2019-03-26__19:56:35 2.00 2.03 2.04 50.50 67.67°C note
2019-03-26__19:56:40 2.00 2.03 2.03 52.95 67.14°C note
2019-03-26__19:56:46 2.00 2.03 2.03 50.74 66.60°C note
2019-03-26__19:56:52 2.08 2.05 2.04 50.50 67.67°C note
2019-03-26__19:56:57 2.24 2.08 2.05 50.74 67.67°C note
2019-03-26__19:57:03 2.22 2.08 2.05 50.74 67.67°C note
2019-03-26__19:57:08 2.20 2.08 2.05 56.29 66.60°C note
2019-03-26__19:57:14 2.17 2.07 2.05 53.70 67.67°C note
2019-03-26__19:57:19 2.15 2.07 2.05 51.00 67.14°C note
2019-03-26__19:57:25 2.38 2.12 2.06 52.48 67.67°C note
2019-03-26__19:57:31 2.35 2.12 2.06 50.50 67.14°C note
2019-03-26__19:57:36 2.32 2.12 2.06 52.98 67.67°C note
2019-03-26__19:57:42 2.30 2.11 2.06 50.99 66.60°C note
2019-03-26__19:57:47 2.27 2.11 2.06 50.74 67.14°C note
2019-03-26__19:58:16 2.16 2.10 2.06 77.62 67.67°C note
2019-03-26__19:58:21 2.15 2.10 2.06 50.74 66.60°C note
2019-03-26__19:58:27 2.14 2.10 2.06 50.74 66.60°C note
2019-03-26__19:58:33 2.13 2.09 2.06 50.74 66.60°C note
2019-03-26__19:58:38 2.12 2.09 2.06 50.74 66.60°C note
2019-03-26__19:58:44 2.10 2.09 2.06 50.74 66.60°C note
2019-03-26__19:58:49 2.09 2.09 2.06 50.50 67.67°C note
2019-03-26__19:58:55 2.08 2.08 2.06 50.99 67.67°C note
2019-03-26__19:59:00 2.08 2.08 2.05 50.74 67.14°C note
2019-03-26__19:59:06 2.07 2.08 2.05 53.66 67.14°C note
2019-03-26__19:59:12 2.06 2.08 2.05 50.74 67.67°C note
2019-03-26__19:59:17 2.06 2.08 2.05 59.12 67.14°C note
2019-03-26__19:59:23 2.05 2.08 2.05 50.00 67.14°C note
2019-03-26__19:59:28 2.05 2.08 2.05 50.74 67.67°C note
2019-03-26__19:59:34 2.04 2.07 2.05 50.74 67.14°C note
2019-03-26__19:59:39 2.04 2.07 2.05 50.50 66.60°C note
2019-03-26__19:59:45 2.03 2.07 2.05 50.50 66.60°C note
2019-03-26__19:59:51 2.03 2.07 2.05 50.74 66.60°C note
2019-03-26__19:59:56 2.03 2.07 2.05 50.50 66.60°C note
2019-03-26__20:00:02 2.03 2.07 2.05 52.95 66.60°C note
2019-03-26__20:00:07 2.02 2.06 2.05 62.19 66.60°C note
2019-03-26__20:00:13 2.02 2.06 2.05 50.74 67.14°C note
2019-03-26__20:00:18 2.02 2.06 2.05 50.74 67.67°C note
2019-03-26__20:00:24 2.02 2.06 2.05 50.50 66.60°C note
2019-03-26__20:00:30 2.02 2.06 2.05 50.74 66.60°C note
2019-03-26__20:00:35 2.01 2.06 2.05 50.99 66.60°C note
2019-03-26__20:00:41 2.01 2.06 2.04 50.74 66.60°C note
2019-03-26__20:00:46 2.01 2.05 2.04 50.74 66.60°C note
2019-03-26__20:00:52 2.17 2.09 2.06 53.89 67.67°C note
2019-03-26__20:00:57 2.16 2.09 2.05 50.26 66.60°C note
2019-03-26__20:01:03 2.14 2.08 2.05 50.74 67.67°C note
2019-03-26__20:01:09 2.13 2.08 2.05 50.99 67.14°C note
2019-03-26__20:01:14 2.11 2.08 2.05 50.99 67.14°C note
2019-03-26__20:01:20 2.18 2.10 2.06 50.74 67.67°C note
2019-03-26__20:01:25 2.17 2.09 2.06 50.74 66.60°C note
2019-03-26__20:01:31 2.15 2.09 2.06 51.48 67.14°C note
2019-03-26__20:01:36 2.14 2.09 2.06 50.74 66.60°C note
2019-03-26__20:01:42 2.13 2.09 2.06 50.74 66.60°C note
2019-03-26__20:01:48 2.12 2.09 2.06 53.24 67.14°C note
2019-03-26__20:01:53 2.11 2.08 2.06 51.00 67.67°C note
2019-03-26__20:01:59 2.10 2.08 2.05 50.74 67.14°C note
2019-03-26__20:02:04 2.08 2.08 2.05 51.97 66.60°C note
2019-03-26__20:02:10 2.08 2.08 2.05 51.00 66.60°C note
2019-03-26__20:02:15 2.07 2.08 2.05 50.74 66.60°C note
2019-03-26__20:02:21 2.07 2.08 2.05 50.74 67.67°C note
2019-03-26__20:02:27 2.06 2.07 2.05 51.24 66.60°C note
2019-03-26__20:02:32 2.06 2.07 2.05 50.99 66.60°C note
2019-03-26__20:02:38 2.05 2.07 2.05 52.89 67.14°C note
2019-03-26__20:02:43 2.05 2.07 2.05 50.74 66.60°C note
2019-03-26__20:02:49 2.04 2.07 2.05 51.70 66.60°C note
2019-03-26__20:04:24 2.18 2.10 2.06 81.78 67.67°C note
2019-03-26__20:04:30 2.45 2.17 2.08 51.22 67.67°C note
2019-03-26__20:04:35 2.57 2.20 2.10 50.99 67.67°C note
2019-03-26__20:04:41 2.53 2.19 2.09 50.74 67.67°C note
2019-03-26__20:04:47 2.48 2.19 2.09 50.50 67.14°C note
2019-03-26__20:04:52 2.44 2.19 2.09 50.50 67.67°C note
2019-03-26__20:04:58 2.41 2.18 2.09 51.45 67.67°C note
2019-03-26__20:05:03 2.38 2.18 2.09 50.50 67.67°C note
2019-03-26__20:05:09 2.35 2.18 2.09 50.74 67.14°C note
2019-03-26__20:05:14 2.32 2.17 2.09 55.45 66.60°C note
2019-03-26__20:05:20 2.34 2.18 2.09 50.74 67.67°C note
2019-03-26__20:05:26 2.39 2.20 2.10 58.92 67.67°C note
2019-03-26__20:05:31 2.36 2.19 2.10 50.00 67.14°C note
2019-03-26__20:05:37 2.33 2.19 2.10 50.74 67.14°C note
2019-03-26__20:05:42 2.31 2.19 2.10 50.74 66.60°C note
2019-03-26__20:05:48 2.28 2.18 2.10 50.74 67.14°C note
2019-03-26__20:05:53 2.26 2.18 2.09 51.21 67.14°C note
2019-03-26__20:05:59 2.24 2.18 2.09 50.74 67.14°C note
2019-03-26__20:06:05 2.38 2.21 2.10 52.22 66.60°C note
2019-03-26__20:06:10 2.39 2.22 2.11 50.99 67.14°C note
2019-03-26__20:06:16 2.36 2.21 2.11 51.46 67.67°C note
2019-03-26__20:06:21 2.33 2.21 2.11 50.50 67.14°C note
2019-03-26__20:06:27 2.39 2.22 2.11 50.74 67.67°C note
2019-03-26__20:06:32 2.36 2.22 2.11 50.74 67.67°C note
2019-03-26__20:06:38 2.33 2.21 2.11 50.99 67.67°C note
2019-03-26__20:06:44 2.30 2.21 2.11 50.74 67.67°C note
2019-03-26__20:06:49 2.28 2.21 2.11 50.99 67.14°C note
2019-03-26__20:06:55 2.33 2.22 2.11 52.69 67.14°C note
2019-03-26__20:07:00 2.28 2.21 2.11 50.74 67.67°C note
2019-03-26__20:07:06 2.26 2.21 2.11 50.74 67.67°C note
2019-03-31__15:23:40 0.02 0.01 0.00 7.29 51.00°C note
2019-03-31__15:23:46 0.02 0.01 0.00 0.49 50.46°C note
2019-03-31__15:23:52 0.02 0.01 0.00 0.98 51.00°C note
2019-03-31__15:23:57 0.02 0.01 0.00 1.46 50.46°C note
2019-03-31__15:24:03 0.02 0.01 0.00 1.45 50.46°C note
2019-03-31__15:24:09 0.02 0.01 0.00 0.50 50.46°C note
2019-03-31__15:24:14 0.01 0.01 0.00 1.45 50.46°C note
2019-03-31__15:24:20 0.01 0.01 0.00 1.47 50.46°C note
2019-03-31__15:24:25 0.01 0.01 0.00 0.50 50.46°C note
2019-03-31__15:24:31 0.01 0.01 0.00 6.32 50.46°C note
2019-03-31__15:24:37 0.01 0.00 0.00 1.45 50.46°C note
2019-03-31__15:24:42 0.01 0.00 0.00 1.93 51.54°C note
2019-03-31__15:24:48 0.01 0.00 0.00 0.50 50.46°C note
2019-03-31__15:24:53 0.01 0.00 0.00 0.50 50.46°C note
2019-03-31__15:24:59 0.00 0.00 0.00 1.96 50.46°C note
2019-03-31__15:25:05 0.00 0.00 0.00 1.46 50.46°C note
2019-03-31__15:25:10 0.00 0.00 0.00 17.97 51.54°C note
2019-03-31__15:25:16 0.00 0.00 0.00 0.50 51.54°C note
2019-03-31__15:25:22 0.00 0.00 0.00 7.18 51.00°C note
2019-03-31__15:25:27 0.00 0.00 0.00 1.46 51.00°C note
2019-03-31__15:26:03 0.00 0.00 0.00 9.27 51.54°C note
2019-03-31__15:26:09 0.08 0.02 0.01 1.94 51.00°C note
2019-03-31__15:26:15 0.07 0.02 0.00 1.93 51.00°C note
2019-03-31__15:26:20 0.06 0.02 0.00 1.45 51.00°C note
2019-03-31__15:26:26 0.06 0.01 0.00 0.98 50.46°C note
2019-03-31__15:26:32 0.05 0.01 0.00 0.98 50.46°C note
2019-03-31__15:26:37 0.05 0.01 0.00 1.93 50.46°C note
2019-03-31__15:26:43 0.04 0.01 0.00 0.50 50.46°C note
2019-03-31__15:26:48 0.04 0.01 0.00 1.45 50.46°C note
2019-03-31__15:26:54 0.04 0.01 0.00 6.77 50.46°C note
2019-03-31__15:27:00 0.03 0.01 0.00 1.45 50.46°C note
2019-03-31__15:27:05 0.03 0.01 0.00 1.46 51.54°C note
2019-03-31__15:27:11 0.02 0.01 0.00 2.42 51.54°C note
2019-03-31__15:27:17 0.02 0.01 0.00 0.49 51.00°C note
2019-03-31__15:27:22 0.02 0.01 0.00 1.45 51.54°C note
2019-03-31__15:27:28 0.02 0.01 0.00 1.45 51.54°C note
2019-03-31__15:27:33 0.02 0.01 0.00 13.11 50.46°C note
2019-03-31__15:27:39 0.02 0.01 0.00 1.46 51.00°C note
2019-03-31__15:27:45 0.01 0.01 0.00 7.22 51.54°C note
2019-03-31__15:27:50 0.01 0.01 0.00 2.42 51.54°C note
2019-03-31__15:27:56 0.01 0.01 0.00 1.45 50.46°C note
2019-03-31__15:28:01 0.01 0.01 0.00 0.49 51.54°C note
2019-03-31__15:28:07 0.01 0.00 0.00 0.49 51.00°C note
2019-03-31__15:28:13 0.01 0.00 0.00 0.98 51.00°C note
2019-03-31__15:28:18 0.01 0.00 0.00 1.94 50.46°C note
2019-03-31__15:28:24 0.01 0.00 0.00 0.49 51.00°C note
2019-03-31__15:28:30 0.09 0.02 0.01 0.49 50.46°C note
2019-03-31__15:28:35 0.08 0.02 0.00 5.86 51.54°C note
2019-03-31__15:28:41 0.07 0.02 0.00 1.46 51.00°C note
2019-03-31__15:28:46 0.06 0.02 0.00 0.50 50.46°C note
2019-03-31__15:28:52 0.06 0.02 0.00 0.98 50.46°C note
2019-03-31__15:28:58 0.05 0.02 0.00 1.46 51.00°C note
2019-03-31__15:29:03 0.05 0.02 0.00 5.32 51.00°C note
2019-03-31__15:29:09 0.04 0.02 0.00 0.50 50.46°C note
2019-03-31__15:29:14 0.04 0.02 0.00 1.46 51.00°C note
2019-03-31__15:29:20 0.04 0.02 0.00 24.02 51.54°C note
2019-03-31__15:29:26 0.10 0.03 0.01 7.36 51.54°C note
2019-03-31__15:29:31 0.10 0.03 0.00 3.97 50.46°C note
2019-03-31__15:29:37 0.09 0.03 0.00 4.37 50.46°C note
2019-03-31__15:29:43 0.08 0.03 0.00 5.77 50.46°C note
2019-03-31__15:29:48 0.07 0.03 0.00 4.91 50.46°C note
2019-03-31__15:29:54 0.07 0.03 0.00 5.32 50.46°C note
2019-03-31__15:29:59 0.06 0.03 0.00 1.47 50.46°C note
2019-03-31__15:30:05 0.06 0.03 0.00 1.95 51.54°C note
2019-03-31__15:30:11 0.53 0.13 0.03 0.98 50.46°C note
2019-03-31__15:30:16 0.45 0.12 0.03 1.46 50.46°C note
2019-03-31__15:30:22 0.41 0.12 0.03 5.83 50.46°C note
2019-03-31__15:30:27 0.38 0.12 0.03 1.46 50.46°C note
2019-03-31__15:30:33 0.35 0.11 0.03 1.45 50.46°C note
2019-03-31__15:30:39 0.32 0.11 0.03 0.50 50.46°C note
2019-03-31__15:30:44 0.30 0.11 0.03 0.50 50.46°C note
2019-03-31__15:30:50 0.27 0.11 0.03 1.93 50.46°C note
2019-03-31__15:30:56 0.25 0.11 0.03 1.45 50.46°C note
2019-03-31__15:31:01 0.21 0.10 0.03 0.50 51.00°C note
2019-03-31__15:31:07 0.19 0.10 0.03 0.98 51.00°C note
2019-03-31__15:31:12 0.18 0.10 0.03 6.29 50.46°C note
2019-03-31__15:31:18 0.16 0.10 0.03 0.97 50.46°C note
2019-03-31__15:31:24 0.15 0.09 0.03 0.98 50.46°C note
2019-03-31__15:31:29 0.14 0.09 0.03 0.49 51.00°C note
2019-03-31__15:31:35 0.13 0.09 0.03 0.99 51.54°C note
2019-03-31__15:31:40 0.12 0.09 0.03 1.45 50.46°C note
2019-03-31__15:31:46 0.10 0.09 0.02 1.45 50.46°C note
2019-03-31__15:31:52 0.09 0.08 0.02 0.50 50.46°C note
2019-03-31__15:31:57 0.08 0.08 0.02 1.45 50.46°C note
2019-03-31__15:32:03 0.08 0.08 0.02 6.32 50.46°C note
2019-03-31__15:32:09 0.07 0.08 0.02 0.50 51.54°C note
2019-03-31__15:32:14 0.06 0.08 0.02 0.98 50.46°C note
2019-03-31__15:32:20 0.06 0.08 0.02 0.98 50.46°C note
2019-03-31__15:32:25 0.05 0.08 0.02 1.45 50.46°C note
2019-03-31__15:32:31 0.04 0.07 0.02 1.46 51.00°C note
2019-03-31__15:32:37 0.04 0.07 0.02 0.50 50.46°C note
2019-03-31__15:32:42 0.04 0.07 0.02 1.45 51.00°C note
2019-03-31__15:32:48 0.03 0.07 0.02 1.93 51.00°C note
2019-03-31__15:32:54 0.03 0.07 0.02 6.74 51.54°C note
2019-03-31__15:32:59 0.03 0.06 0.02 1.95 50.46°C note
2019-03-31__15:33:05 0.03 0.06 0.02 0.50 51.54°C note
2019-03-31__15:33:10 0.02 0.06 0.02 0.50 51.00°C note
2019-03-31__15:33:16 0.02 0.06 0.02 0.98 50.46°C note
2019-03-31__15:33:22 0.09 0.07 0.02 2.44 51.54°C note
2019-03-31__15:33:27 0.08 0.07 0.02 4.46 52.61°C note
2019-03-31__15:33:33 0.08 0.07 0.02 1.95 51.54°C note
2019-03-31__15:33:38 0.07 0.07 0.02 4.84 51.00°C note
2019-03-31__15:33:44 0.06 0.07 0.02 8.38 51.54°C note
2019-03-31__15:33:50 0.06 0.07 0.02 0.97 51.00°C note
2019-03-31__15:33:55 0.05 0.07 0.02 16.10 52.61°C note
2019-03-31__15:34:01 0.05 0.06 0.02 0.49 51.54°C note
2019-03-31__15:34:06 0.04 0.06 0.02 0.99 51.54°C note
2019-03-31__15:34:12 0.04 0.06 0.02 1.45 51.00°C note
2019-03-31__15:34:18 0.04 0.06 0.02 1.46 51.54°C note
2019-03-31__15:34:23 0.03 0.06 0.02 1.46 51.00°C note
2019-03-31__15:39:56 0.06 0.05 0.00 7.89 51.54°C note
2019-03-31__15:40:02 0.30 0.09 0.02 1.97 52.07°C note
2019-03-31__15:40:07 0.25 0.09 0.02 1.46 52.07°C note
2019-03-31__15:40:13 0.23 0.09 0.02 1.94 52.07°C note
2019-03-31__15:40:19 0.21 0.09 0.02 8.87 51.54°C note
2019-03-31__15:40:24 0.19 0.09 0.02 0.98 51.54°C note
2019-03-31__15:40:30 0.18 0.08 0.02 1.93 51.54°C note
2019-03-31__15:40:35 0.16 0.08 0.02 1.95 52.07°C note
2019-03-31__15:40:41 0.15 0.08 0.02 1.45 51.54°C note
2019-03-31__15:40:47 0.14 0.08 0.01 6.83 51.54°C note
2019-03-31__15:40:52 0.35 0.13 0.03 0.98 51.00°C note
2019-03-31__15:40:58 0.32 0.12 0.03 1.46 51.54°C note
2019-03-31__15:41:04 0.29 0.12 0.03 1.46 51.00°C note
2019-03-31__15:41:09 0.27 0.12 0.03 1.45 51.54°C note
2019-03-31__15:41:15 0.25 0.12 0.03 1.45 51.00°C note
2019-03-31__15:41:20 0.23 0.12 0.03 1.46 50.46°C note
2019-03-31__15:41:26 0.21 0.11 0.03 11.89 50.46°C note
2019-03-31__15:41:32 0.19 0.11 0.03 5.86 51.54°C note
2019-03-31__15:41:37 0.16 0.11 0.03 5.40 51.54°C note
2019-03-31__15:41:43 0.15 0.11 0.03 0.99 50.46°C note
2019-03-31__15:41:48 0.22 0.12 0.03 1.95 50.46°C note
2019-03-31__15:41:54 0.28 0.14 0.04 10.84 52.07°C note
2019-03-31__15:42:00 0.26 0.13 0.04 0.50 52.61°C note
2019-03-31__15:42:05 0.24 0.13 0.04 0.50 52.07°C note
2019-03-31__15:42:11 0.22 0.13 0.04 1.45 52.07°C note
2019-03-31__15:42:16 0.20 0.13 0.03 0.49 51.54°C note
2019-03-31__15:42:22 0.26 0.14 0.04 0.98 51.00°C note
2019-03-31__15:42:28 0.30 0.15 0.04 8.10 51.00°C note
2019-03-31__15:42:33 0.27 0.15 0.04 0.49 51.54°C note
2019-03-31__15:42:39 0.25 0.15 0.04 1.45 51.00°C note
2019-03-31__15:42:45 0.23 0.14 0.04 1.46 50.46°C note
2019-03-31__15:42:50 0.85 0.27 0.09 1.45 51.54°C note
2019-03-31__15:42:56 0.78 0.27 0.09 8.66 51.54°C note
2019-03-31__15:43:01 0.72 0.26 0.09 2.41 51.54°C note
2019-03-31__15:43:07 0.66 0.26 0.08 5.40 51.54°C note
2019-03-31__15:42:47 0.23 0.14 0.04 7.00 51.54°C note
2019-03-31__15:42:53 0.78 0.27 0.09 1.96 51.54°C note
2019-03-31__15:42:58 0.72 0.26 0.09 7.39 51.54°C note
2019-03-31__15:43:04 0.66 0.26 0.08 1.46 51.54°C note
2019-03-31__15:43:10 0.61 0.26 0.08 1.93 51.00°C note
2019-03-31__15:43:13 0.56 0.25 0.08 1.46 51.54°C note
2019-03-31__15:43:18 1.32 0.41 0.14 5.37 52.07°C note
2019-03-31__15:43:24 1.21 0.41 0.14 0.99 50.46°C note
2019-03-31__15:43:29 1.11 0.40 0.14 1.94 51.54°C note
2019-03-31__15:43:35 1.02 0.39 0.13 1.45 52.61°C note
2019-03-31__15:43:15 0.56 0.25 0.08 1.45 51.00°C note
2019-03-31__15:43:21 1.32 0.41 0.14 1.47 50.46°C note
2019-03-31__15:43:26 1.21 0.41 0.14 15.79 51.54°C note
2019-03-31__15:43:32 1.11 0.40 0.14 0.50 51.54°C note
2019-03-31__15:43:38 0.94 0.39 0.13 6.80 51.54°C note
2019-03-31__15:43:41 0.94 0.39 0.13 0.49 51.54°C note
2019-03-31__15:43:46 0.87 0.38 0.13 1.46 51.54°C note
2019-03-31__15:43:52 0.88 0.39 0.14 1.94 51.54°C note
2019-03-31__15:43:58 0.74 0.38 0.14 4.93 52.07°C note
2019-03-31__15:44:03 0.68 0.37 0.13 1.46 51.54°C note
2019-03-31__15:43:43 0.87 0.38 0.13 1.46 51.00°C note
2019-03-31__15:43:49 0.88 0.39 0.14 5.40 51.54°C note
2019-03-31__15:43:54 0.81 0.38 0.14 0.50 51.00°C note
2019-03-31__15:44:00 0.74 0.38 0.14 1.47 51.54°C note
2019-03-31__15:44:06 0.68 0.37 0.13 1.45 51.54°C note
2019-03-31__15:44:09 0.63 0.36 0.13 1.47 51.54°C note
2019-03-31__15:44:14 0.58 0.36 0.13 6.70 51.54°C note
2019-03-31__15:44:20 0.53 0.35 0.13 0.98 51.00°C note
2019-03-31__15:44:26 0.49 0.34 0.13 1.94 51.54°C note
2019-03-31__15:44:31 0.45 0.34 0.13 1.93 50.46°C note
2019-03-31__15:44:11 0.63 0.36 0.13 0.98 51.54°C note
2019-03-31__15:44:17 0.58 0.36 0.13 10.84 51.00°C note
2019-03-31__15:44:22 0.49 0.34 0.13 1.46 51.54°C note
2019-03-31__15:44:28 0.45 0.34 0.13 6.32 51.54°C note
2019-03-31__15:44:34 0.41 0.33 0.13 0.97 51.54°C note
2019-03-31__15:47:50 0.02 0.19 0.10 11.71 52.61°C note
2019-03-31__15:47:55 0.02 0.18 0.10 4.40 51.54°C note
2019-03-31__15:48:01 0.02 0.18 0.10 4.91 51.54°C note
2019-03-31__15:48:06 0.02 0.18 0.10 5.77 51.54°C note
2019-03-31__15:48:12 0.02 0.17 0.10 24.26 51.00°C note
2019-03-31__15:48:18 0.10 0.19 0.10 9.27 51.54°C note
2019-03-31__15:48:23 0.24 0.21 0.11 4.40 51.54°C note
2019-03-31__15:48:29 0.22 0.21 0.11 4.40 51.00°C note
2019-03-31__15:48:34 0.20 0.21 0.11 9.76 51.00°C note
2019-03-31__15:48:40 0.18 0.20 0.11 10.63 51.54°C note
2019-03-31__16:00:53 0.00 0.00 0.03 9.62 50.46°C note
2019-03-31__16:00:59 0.00 0.00 0.03 1.45 50.46°C note
2019-03-31__16:01:05 0.00 0.00 0.03 0.49 50.46°C note
2019-03-31__16:01:10 0.00 0.00 0.03 1.46 49.92°C normal
2019-03-31__16:01:16 0.00 0.00 0.03 1.45 50.46°C note
2019-03-31__16:01:21 0.00 0.00 0.03 1.45 50.46°C note
2019-03-31__16:01:27 0.00 0.00 0.03 1.46 49.92°C normal
2019-03-31__16:01:33 0.00 0.00 0.03 1.46 50.46°C note
2019-03-31__16:01:38 0.00 0.00 0.02 1.45 50.46°C note
2019-03-31__16:01:44 0.00 0.00 0.02 6.32 50.46°C note
2019-03-31__16:01:49 0.00 0.00 0.02 0.49 50.46°C note
2019-03-31__16:01:55 0.00 0.00 0.02 0.98 51.00°C note
2019-03-31__16:02:01 0.00 0.00 0.02 1.45 50.46°C note
2019-03-31__16:02:06 0.00 0.00 0.02 0.50 50.46°C note
2019-03-31__16:02:12 0.00 0.00 0.02 1.46 51.00°C note
2019-03-31__16:02:18 0.00 0.00 0.02 1.45 50.46°C note
2019-03-31__16:02:23 0.16 0.03 0.03 12.69 50.46°C note
2019-03-31__16:02:29 0.23 0.05 0.04 1.45 50.46°C note
2019-03-31__16:02:34 0.21 0.05 0.04 4.44 50.46°C note
2019-03-31__16:02:40 0.18 0.05 0.04 1.46 50.46°C note
2019-03-31__16:02:46 0.16 0.05 0.04 0.49 50.46°C note
2019-03-31__16:02:51 0.15 0.04 0.03 0.98 50.46°C note
2019-03-31__16:02:57 0.14 0.04 0.03 1.45 50.46°C note
2019-03-31__16:03:02 0.13 0.04 0.03 0.49 49.92°C normal
2019-03-31__16:03:08 0.12 0.04 0.03 1.45 50.46°C note
2019-03-31__16:03:14 0.11 0.04 0.03 1.93 50.46°C note
2019-03-31__16:03:19 0.10 0.04 0.03 1.46 49.92°C normal
2019-03-31__16:03:25 0.08 0.04 0.03 1.46 50.46°C note
2019-03-31__16:03:31 0.08 0.04 0.03 1.45 50.46°C note
2019-03-31__16:03:36 0.07 0.04 0.03 1.45 50.46°C note
2019-03-31__16:03:56 0.05 0.03 0.03 6.41 50.46°C note
2019-03-31__16:04:01 0.04 0.03 0.03 0.50 50.46°C note
2019-03-31__16:04:07 0.04 0.03 0.03 1.45 50.46°C note
2019-03-31__16:04:13 0.04 0.03 0.03 1.45 49.92°C normal
2019-03-31__16:04:18 0.03 0.03 0.03 0.98 50.46°C note
2019-03-31__16:13:34 0.05 0.11 0.06 11.39 52.07°C note
2019-03-31__16:13:40 0.04 0.10 0.06 13.94 52.61°C note
2019-03-31__16:13:46 0.04 0.10 0.06 4.84 52.07°C note
2019-03-31__16:13:51 0.11 0.11 0.07 4.42 51.54°C note
2019-03-31__16:13:57 0.10 0.11 0.07 5.32 51.54°C note
2019-03-31__16:14:56 0.04 0.09 0.06 10.15 52.07°C note
2019-03-31__16:15:01 0.27 0.14 0.08 0.50 52.07°C note
2019-03-31__16:15:07 0.25 0.14 0.08 6.74 52.07°C note
2019-03-31__16:15:12 0.31 0.15 0.08 1.46 52.61°C note
2019-03-31__16:15:18 0.29 0.15 0.08 0.98 51.54°C note
2019-03-31__16:15:24 0.26 0.14 0.08 0.98 51.54°C note
2019-03-31__16:15:29 0.24 0.14 0.08 2.39 51.54°C note
2019-03-31__16:15:35 0.22 0.14 0.08 1.46 51.54°C note
2019-03-31__16:15:40 0.28 0.15 0.09 0.98 52.07°C note
2019-03-31__16:15:46 0.26 0.15 0.08 6.35 51.54°C note
2019-03-31__16:15:52 0.22 0.15 0.08 4.88 51.54°C note
2019-03-31__16:15:57 0.20 0.14 0.08 5.86 51.54°C note
2019-03-31__16:16:03 0.27 0.16 0.09 0.49 52.07°C note
2019-03-31__16:16:08 0.25 0.15 0.09 1.47 51.54°C note
2019-03-31__16:16:14 0.23 0.15 0.09 2.41 51.54°C note
2019-03-31__16:17:34 0.08 0.13 0.08 11.12 51.54°C note
2019-03-31__16:17:40 0.07 0.12 0.08 0.50 51.54°C note
2019-03-31__16:17:45 0.07 0.12 0.08 1.93 52.61°C note
2019-03-31__16:17:51 0.06 0.12 0.08 2.41 51.54°C note
2019-03-31__16:17:57 0.05 0.11 0.08 0.97 51.54°C note
2019-03-31__16:19:32 0.01 0.08 0.07 9.00 51.00°C note
2019-03-31__16:19:38 0.01 0.08 0.07 1.94 51.00°C note
2019-03-31__16:19:43 0.01 0.08 0.07 0.50 51.54°C note
2019-03-31__16:19:49 0.01 0.08 0.07 1.46 51.00°C note
2019-03-31__16:19:55 0.00 0.07 0.07 1.46 50.46°C note
2019-03-31__16:20:00 0.00 0.07 0.07 1.94 51.54°C note
2019-03-31__16:20:06 0.00 0.07 0.07 0.50 52.61°C note
2019-03-31__16:20:11 0.00 0.07 0.07 1.94 52.07°C note
2019-03-31__16:20:17 0.00 0.07 0.07 1.47 51.54°C note
2019-03-31__16:20:23 0.00 0.06 0.07 6.77 51.54°C note
2019-03-31__16:20:28 0.00 0.06 0.07 4.00 52.07°C note
2019-03-31__16:20:34 0.00 0.06 0.07 1.46 52.07°C note
2019-03-31__16:20:39 0.00 0.06 0.07 8.10 51.54°C note
2019-03-31__16:20:45 0.00 0.06 0.07 4.46 51.54°C note
2019-03-31__16:20:51 0.00 0.06 0.07 1.46 52.61°C note
2019-03-31__16:20:56 0.00 0.06 0.06 1.47 52.61°C note
2019-03-31__16:21:02 0.00 0.05 0.06 13.24 51.54°C note
2019-03-31__16:21:08 0.00 0.05 0.06 6.32 52.07°C note
2019-03-31__16:21:13 0.00 0.05 0.06 10.63 52.61°C note
2019-03-31__16:21:19 0.00 0.05 0.06 1.93 52.61°C note
2019-03-31__16:48:44 0.08 0.04 0.00 13.66 51.54°C note
2019-03-31__16:48:49 0.07 0.04 0.00 2.90 53.69°C note
2019-03-31__16:48:55 0.07 0.04 0.00 2.42 52.07°C note
2019-03-31__16:49:00 0.06 0.04 0.00 5.37 51.54°C note
2019-03-31__16:49:06 0.05 0.04 0.00 0.49 51.54°C note
2019-03-31__16:49:12 0.05 0.03 0.00 1.45 52.07°C note
2019-03-31__16:49:17 0.04 0.03 0.00 1.45 51.54°C note
2019-03-31__16:49:23 0.04 0.03 0.00 1.46 52.07°C note
2019-03-31__16:49:28 0.04 0.03 0.00 5.83 51.54°C note
2019-03-31__16:49:34 0.03 0.03 0.00 3.39 51.54°C note
2019-03-31__16:49:40 0.03 0.03 0.00 0.50 51.54°C note
2019-03-31__16:49:45 0.02 0.03 0.00 1.46 51.54°C note
2019-03-31__16:49:51 0.02 0.03 0.00 7.22 51.00°C note
2019-03-31__16:49:57 0.02 0.03 0.00 1.46 51.54°C note
2019-03-31__16:50:02 0.02 0.03 0.00 1.45 51.54°C note
2019-03-31__16:50:08 0.02 0.03 0.00 3.40 52.61°C note
2019-03-31__16:50:13 0.02 0.03 0.00 12.44 52.07°C note
2019-03-31__16:50:19 0.01 0.03 0.00 1.46 51.54°C note
2019-03-31__16:50:25 0.09 0.04 0.01 6.38 52.07°C note
2019-03-31__16:50:30 0.17 0.06 0.01 3.39 51.54°C note
2019-03-31__16:50:36 0.14 0.06 0.01 1.94 51.54°C note
2019-03-31__16:50:42 0.13 0.06 0.01 6.74 51.54°C note
2019-03-31__16:50:47 0.12 0.05 0.01 1.45 52.07°C note
2019-03-31__16:50:53 0.11 0.05 0.01 1.45 51.54°C note
2019-03-31__16:50:58 0.10 0.05 0.01 0.98 51.54°C note
2019-03-31__16:51:04 0.09 0.05 0.01 0.98 52.07°C note
2019-03-31__16:51:10 0.24 0.08 0.02 27.46 51.54°C note
2019-03-31__16:51:15 0.30 0.10 0.02 5.92 52.61°C note
2019-03-31__16:51:21 0.26 0.10 0.02 1.94 52.07°C note
2019-03-31__16:51:27 0.24 0.09 0.02 3.39 51.54°C note
2019-03-31__16:51:32 0.22 0.09 0.02 6.77 51.54°C note
2019-03-31__16:51:38 0.20 0.09 0.02 10.10 52.07°C note
2019-03-31__16:51:43 0.18 0.09 0.02 7.25 51.54°C note
2019-03-31__16:51:49 0.17 0.09 0.02 5.83 51.54°C note
2019-03-31__16:51:55 0.16 0.08 0.02 5.34 51.54°C note
2019-03-31__16:52:00 0.14 0.08 0.02 16.67 51.00°C note
2019-03-31__16:52:06 0.12 0.08 0.02 5.95 51.54°C note
2019-03-31__16:52:11 0.11 0.08 0.02 5.34 54.23°C note
2019-03-31__16:52:17 0.10 0.08 0.02 6.70 52.61°C note
2019-03-31__16:52:23 0.09 0.08 0.02 12.39 52.07°C note
2019-03-31__16:52:28 0.08 0.07 0.02 5.77 52.07°C note
2019-03-31__16:52:34 0.08 0.07 0.02 4.91 52.07°C note
2019-03-31__16:52:40 0.07 0.07 0.02 17.25 52.61°C note
2019-03-31__16:52:45 0.07 0.07 0.01 5.34 52.61°C note
2019-03-31__16:52:51 0.06 0.07 0.01 4.86 51.54°C note
2019-03-31__16:52:56 0.05 0.07 0.01 8.87 51.54°C note
2019-03-31__16:53:02 0.05 0.06 0.01 5.32 52.07°C note
2019-03-31__16:53:08 0.04 0.06 0.01 5.77 52.07°C note
2019-03-31__16:53:13 0.12 0.08 0.02 4.84 52.61°C note
2019-03-31__16:53:19 0.11 0.08 0.02 5.37 52.07°C note
2019-03-31__16:53:24 0.10 0.08 0.02 5.37 52.07°C note
2019-03-31__16:53:30 0.17 0.09 0.02 7.25 51.54°C note
2019-03-31__16:53:36 0.40 0.14 0.04 4.42 52.61°C note
2019-03-31__16:53:41 0.42 0.15 0.04 3.95 52.61°C note
2019-03-31__16:53:47 0.38 0.15 0.04 10.20 52.07°C note
2019-03-31__16:53:53 0.35 0.15 0.04 3.49 52.07°C note
2019-03-31__16:53:58 0.32 0.14 0.04 4.40 51.54°C note
2019-03-31__16:54:04 0.30 0.14 0.04 5.77 51.54°C note
2019-03-31__16:54:09 0.27 0.14 0.04 28.44 51.54°C note
2019-03-31__16:54:15 0.25 0.14 0.04 3.95 53.15°C note
2019-03-31__16:54:21 0.23 0.13 0.04 4.42 51.54°C note
2019-03-31__16:54:26 0.20 0.13 0.04 10.15 51.54°C note
2019-03-31__16:54:32 0.42 0.18 0.05 5.34 52.61°C note
2019-03-31__16:54:37 0.39 0.17 0.05 4.42 52.07°C note
2019-03-31__16:54:43 0.36 0.17 0.05 6.94 52.61°C note
2019-03-31__16:54:49 0.33 0.17 0.05 4.88 52.07°C note
2019-03-31__16:54:54 0.30 0.16 0.05 5.32 52.61°C note
2019-03-31__16:55:00 0.36 0.18 0.06 8.87 51.54°C note
2019-03-31__16:55:05 0.33 0.18 0.06 5.32 52.61°C note
2019-03-31__16:55:11 0.28 0.17 0.06 33.17 52.61°C note
2019-03-31__16:55:17 0.25 0.17 0.06 10.48 52.61°C note
2019-03-31__16:55:22 0.23 0.16 0.06 5.32 52.07°C note
2019-03-31__16:55:28 0.21 0.16 0.06 4.40 52.07°C note
2019-03-31__16:55:34 0.20 0.16 0.05 11.01 52.07°C note
2019-03-31__16:55:39 0.18 0.15 0.05 4.86 51.54°C note
2019-03-31__16:55:45 0.17 0.15 0.05 19.62 52.61°C note
2019-03-31__16:55:50 0.15 0.15 0.05 7.93 52.07°C note
2019-03-31__16:55:56 0.13 0.14 0.05 4.42 51.54°C note
2019-03-31__16:56:02 0.28 0.17 0.06 5.34 51.54°C note
2019-03-31__16:56:07 0.26 0.17 0.06 9.71 52.07°C note
2019-03-31__16:57:35 0.27 0.20 0.08 18.23 52.07°C note
2019-03-31__16:57:41 0.25 0.20 0.08 15.61 52.61°C note
2019-03-31__16:57:47 0.29 0.21 0.09 8.34 53.69°C note
2019-03-31__16:57:52 0.26 0.20 0.09 3.93 52.61°C note
2019-03-31__16:57:58 0.24 0.20 0.09 4.40 52.61°C note
2019-03-31__17:16:45 0.41 0.25 0.15 11.00 51.54°C note
2019-03-31__17:16:51 0.38 0.24 0.15 5.40 52.07°C note
2019-03-31__17:16:56 0.35 0.24 0.15 3.89 52.07°C note
2019-03-31__17:17:02 0.32 0.23 0.14 4.37 51.54°C note
2019-03-31__17:17:08 0.30 0.23 0.14 4.37 51.00°C note
2019-03-31__17:17:32 0.19 0.21 0.14 12.57 52.07°C note
2019-03-31__17:17:38 0.18 0.20 0.14 0.49 51.54°C note
2019-03-31__17:17:43 0.16 0.20 0.14 10.25 52.07°C note
2019-03-31__17:17:49 0.21 0.21 0.14 1.47 51.00°C note
2019-03-31__17:17:55 0.20 0.21 0.14 9.27 51.54°C note
2019-03-31__17:18:15 0.14 0.19 0.14 10.90 51.54°C note
2019-03-31__17:18:21 0.13 0.19 0.13 1.46 52.07°C note
2019-03-31__17:18:27 0.60 0.29 0.17 7.25 51.00°C note
2019-03-31__17:18:32 0.55 0.28 0.17 1.46 51.00°C note
2019-03-31__17:18:38 0.51 0.28 0.16 0.98 51.00°C note
2019-03-31__17:29:03 0.00 0.04 0.08 7.97 51.00°C note
2019-03-31__17:29:09 0.00 0.04 0.08 0.50 51.00°C note
2019-03-31__17:29:14 0.00 0.04 0.08 1.45 50.46°C note
2019-03-31__17:29:20 0.08 0.05 0.09 1.46 51.00°C note
2019-03-31__17:29:26 0.07 0.05 0.08 2.42 51.00°C note
2019-03-31__17:31:54 0.00 0.03 0.07 8.87 50.46°C note
2019-03-31__17:32:00 0.00 0.03 0.07 1.46 51.54°C note
2019-03-31__17:32:06 0.00 0.02 0.07 1.45 51.00°C note
2019-03-31__17:32:11 0.00 0.02 0.07 1.46 50.46°C note
2019-03-31__17:32:17 0.00 0.02 0.07 0.98 50.46°C note
