2019-03-26__18:49:07 1 / 29899 11023	 62%
2019-03-26__18:49:07 1 /boot 42 21	 51%
2019-03-26__18:49:07 0 disk 29941 11044 64%
 
2019-03-26__18:53:01 1 / 29899 11023	 62%
2019-03-26__18:53:01 1 /boot 42 21	 51%
2019-03-26__18:53:01 0 disk 29941 11044 64%
 
2019-03-26__18:54:01 1 / 29899 11023	 62%
2019-03-26__18:54:01 1 /boot 42 21	 51%
2019-03-26__18:54:01 0 disk 29941 11044 64%
 
2019-03-26__19:38:27 1 / 29899 11025	 62%
2019-03-26__19:38:27 1 /boot 42 21	 51%
2019-03-26__19:38:27 0 disk 29941 11046 64%
 
2019-03-26__19:42:08 1 / 29899 11024	 62%
2019-03-26__19:42:08 1 /boot 42 21	 51%
2019-03-26__19:42:08 0 disk 29941 11045 64%
 
2019-03-26__19:43:08 1 / 29899 11024	 62%
2019-03-26__19:43:08 1 /boot 42 21	 51%
2019-03-26__19:43:08 0 disk 29941 11045 64%
 
2019-03-26__19:44:08 1 / 29899 11024	 62%
2019-03-26__19:44:08 1 /boot 42 21	 51%
2019-03-26__19:44:08 0 disk 29941 11045 64%
 
2019-03-26__19:52:19 1 / 29899 11024	 62%
2019-03-26__19:52:19 1 /boot 42 21	 51%
2019-03-26__19:52:19 0 disk 29941 11045 64%
 
2019-03-26__19:53:19 1 / 29899 11024	 62%
2019-03-26__19:53:19 1 /boot 42 21	 51%
2019-03-26__19:53:19 0 disk 29941 11045 64%
 
2019-03-26__19:54:19 1 / 29899 11024	 62%
2019-03-26__19:54:19 1 /boot 42 21	 51%
2019-03-26__19:54:19 0 disk 29941 11045 64%
 
2019-03-26__19:55:19 1 / 29899 11024	 62%
2019-03-26__19:55:19 1 /boot 42 21	 51%
2019-03-26__19:55:19 0 disk 29941 11045 64%
 
2019-03-26__19:56:19 1 / 29899 11024	 62%
2019-03-26__19:56:19 1 /boot 42 21	 51%
2019-03-26__19:56:19 0 disk 29941 11045 64%
 
2019-03-26__19:58:16 1 / 29899 11024	 62%
2019-03-26__19:58:16 1 /boot 42 21	 51%
2019-03-26__19:58:16 0 disk 29941 11045 64%
 
2019-03-26__19:59:16 1 / 29899 11024	 62%
2019-03-26__19:59:16 1 /boot 42 21	 51%
2019-03-26__19:59:16 0 disk 29941 11045 64%
 
2019-03-26__20:00:16 1 / 29899 11024	 62%
2019-03-26__20:00:16 1 /boot 42 21	 51%
2019-03-26__20:00:16 0 disk 29941 11045 64%
 
2019-03-26__20:01:16 1 / 29899 11024	 62%
2019-03-26__20:01:16 1 /boot 42 21	 51%
2019-03-26__20:01:16 0 disk 29941 11045 64%
 
2019-03-26__20:04:24 1 / 29899 11024	 62%
2019-03-26__20:04:24 1 /boot 42 21	 51%
2019-03-26__20:04:24 0 disk 29941 11045 64%
 
2019-03-26__20:05:24 1 / 29899 11024	 62%
2019-03-26__20:05:24 1 /boot 42 21	 51%
2019-03-26__20:05:24 0 disk 29941 11045 64%
 
2019-03-31__15:23:40 1 / 29899 9124	 69%
2019-03-31__15:23:40 1 /boot 42 21	 51%
2019-03-31__15:23:40 0 disk 29941 9145 70%
 
2019-03-31__15:26:03 1 / 29899 9124	 69%
2019-03-31__15:26:03 1 /boot 42 21	 51%
2019-03-31__15:26:03 0 disk 29941 9145 70%
 
2019-03-31__15:27:04 1 / 29899 9124	 69%
2019-03-31__15:27:04 1 /boot 42 21	 51%
2019-03-31__15:27:04 0 disk 29941 9145 70%
 
2019-03-26__18:49:07 1 / 29899 11023	 62%
2019-03-26__18:49:07 1 /boot 42 21	 51%
2019-03-26__18:49:07 0 disk 29941 11044 64%
 
2019-03-26__18:53:01 1 / 29899 11023	 62%
2019-03-26__18:53:01 1 /boot 42 21	 51%
2019-03-26__18:53:01 0 disk 29941 11044 64%
 
2019-03-26__18:54:01 1 / 29899 11023	 62%
2019-03-26__18:54:01 1 /boot 42 21	 51%
2019-03-26__18:54:01 0 disk 29941 11044 64%
 
2019-03-26__19:38:27 1 / 29899 11025	 62%
2019-03-26__19:38:27 1 /boot 42 21	 51%
2019-03-26__19:38:27 0 disk 29941 11046 64%
 
2019-03-26__19:42:08 1 / 29899 11024	 62%
2019-03-26__19:42:08 1 /boot 42 21	 51%
2019-03-26__19:42:08 0 disk 29941 11045 64%
 
2019-03-26__19:43:08 1 / 29899 11024	 62%
2019-03-26__19:43:08 1 /boot 42 21	 51%
2019-03-26__19:43:08 0 disk 29941 11045 64%
 
2019-03-26__19:44:08 1 / 29899 11024	 62%
2019-03-26__19:44:08 1 /boot 42 21	 51%
2019-03-26__19:44:08 0 disk 29941 11045 64%
 
2019-03-26__19:52:19 1 / 29899 11024	 62%
2019-03-26__19:52:19 1 /boot 42 21	 51%
2019-03-26__19:52:19 0 disk 29941 11045 64%
 
2019-03-26__19:53:19 1 / 29899 11024	 62%
2019-03-26__19:53:19 1 /boot 42 21	 51%
2019-03-26__19:53:19 0 disk 29941 11045 64%
 
2019-03-26__19:54:19 1 / 29899 11024	 62%
2019-03-26__19:54:19 1 /boot 42 21	 51%
2019-03-26__19:54:19 0 disk 29941 11045 64%
 
2019-03-26__19:55:19 1 / 29899 11024	 62%
2019-03-26__19:55:19 1 /boot 42 21	 51%
2019-03-26__19:55:19 0 disk 29941 11045 64%
 
2019-03-26__19:56:19 1 / 29899 11024	 62%
2019-03-26__19:56:19 1 /boot 42 21	 51%
2019-03-26__19:56:19 0 disk 29941 11045 64%
 
2019-03-26__19:58:16 1 / 29899 11024	 62%
2019-03-26__19:58:16 1 /boot 42 21	 51%
2019-03-26__19:58:16 0 disk 29941 11045 64%
 
2019-03-26__19:59:16 1 / 29899 11024	 62%
2019-03-26__19:59:16 1 /boot 42 21	 51%
2019-03-26__19:59:16 0 disk 29941 11045 64%
 
2019-03-26__20:00:16 1 / 29899 11024	 62%
2019-03-26__20:00:16 1 /boot 42 21	 51%
2019-03-26__20:00:16 0 disk 29941 11045 64%
 
2019-03-26__20:01:16 1 / 29899 11024	 62%
2019-03-26__20:01:16 1 /boot 42 21	 51%
2019-03-26__20:01:16 0 disk 29941 11045 64%
 
2019-03-26__20:04:24 1 / 29899 11024	 62%
2019-03-26__20:04:24 1 /boot 42 21	 51%
2019-03-26__20:04:24 0 disk 29941 11045 64%
 
2019-03-26__20:05:24 1 / 29899 11024	 62%
2019-03-26__20:05:24 1 /boot 42 21	 51%
2019-03-26__20:05:24 0 disk 29941 11045 64%
 
2019-03-31__15:23:40 1 / 29899 9124	 69%
2019-03-31__15:23:40 1 /boot 42 21	 51%
2019-03-31__15:23:40 0 disk 29941 9145 70%
 
2019-03-31__15:26:03 1 / 29899 9124	 69%
2019-03-31__15:26:03 1 /boot 42 21	 51%
2019-03-31__15:26:03 0 disk 29941 9145 70%
 
2019-03-31__15:27:04 1 / 29899 9124	 69%
2019-03-31__15:27:04 1 /boot 42 21	 51%
2019-03-31__15:27:04 0 disk 29941 9145 70%
 
2019-03-31__15:28:04 1 / 29899 9124	 69%
2019-03-31__15:28:04 1 /boot 42 21	 51%
2019-03-31__15:28:04 0 disk 29941 9145 70%
 
2019-03-31__15:29:04 1 / 29899 9124	 69%
2019-03-31__15:29:04 1 /boot 42 21	 51%
2019-03-31__15:29:04 0 disk 29941 9145 70%
 
2019-03-31__15:30:04 1 / 29899 9124	 69%
2019-03-31__15:30:04 1 /boot 42 21	 51%
2019-03-31__15:30:04 0 disk 29941 9145 70%
 
2019-03-31__15:31:04 1 / 29899 9124	 69%
2019-03-31__15:31:04 1 /boot 42 21	 51%
2019-03-31__15:31:04 0 disk 29941 9145 70%
 
2019-03-31__15:32:04 1 / 29899 9124	 69%
2019-03-31__15:32:04 1 /boot 42 21	 51%
2019-03-31__15:32:04 0 disk 29941 9145 70%
 
2019-03-31__15:33:04 1 / 29899 9124	 69%
2019-03-31__15:33:04 1 /boot 42 21	 51%
2019-03-31__15:33:04 0 disk 29941 9145 70%
 
2019-03-31__15:39:56 1 / 29899 9124	 69%
2019-03-31__15:39:56 1 /boot 42 21	 51%
2019-03-31__15:39:56 0 disk 29941 9145 70%
 
2019-03-31__15:40:56 1 / 29899 9124	 69%
2019-03-31__15:40:56 1 /boot 42 21	 51%
2019-03-31__15:40:56 0 disk 29941 9145 70%
 
2019-03-31__15:41:56 1 / 29899 9124	 69%
2019-03-31__15:41:56 1 /boot 42 21	 51%
2019-03-31__15:41:56 0 disk 29941 9145 70%
 
2019-03-31__15:42:47 1 / 29899 9124	 69%
2019-03-31__15:42:47 1 /boot 42 21	 51%
2019-03-31__15:42:47 0 disk 29941 9145 70%
 
2019-03-31__15:42:56 1 / 29899 9124	 69%
2019-03-31__15:42:56 1 /boot 42 21	 51%
2019-03-31__15:42:56 0 disk 29941 9145 70%
 
2019-03-31__15:43:47 1 / 29899 9124	 69%
2019-03-31__15:43:47 1 /boot 42 21	 51%
2019-03-31__15:43:47 0 disk 29941 9145 70%
 
2019-03-31__16:00:53 1 / 29899 9124	 69%
2019-03-31__16:00:53 1 /boot 42 21	 51%
2019-03-31__16:00:53 0 disk 29941 9145 70%
 
2019-03-31__16:01:53 1 / 29899 9124	 69%
2019-03-31__16:01:53 1 /boot 42 21	 51%
2019-03-31__16:01:53 0 disk 29941 9145 70%
 
2019-03-31__16:14:55 1 / 29899 9123	 69%
2019-03-31__16:14:55 1 /boot 42 21	 51%
2019-03-31__16:14:55 0 disk 29941 9144 70%
 
2019-03-31__16:19:32 1 / 29899 9123	 69%
2019-03-31__16:19:32 1 /boot 42 21	 51%
2019-03-31__16:19:32 0 disk 29941 9144 70%
 
2019-03-31__16:48:44 1 / 29899 9123	 69%
2019-03-31__16:48:44 1 /boot 42 21	 51%
2019-03-31__16:48:44 0 disk 29941 9144 70%
 
2019-03-31__16:49:44 1 / 29899 9123	 69%
2019-03-31__16:49:44 1 /boot 42 21	 51%
2019-03-31__16:49:44 0 disk 29941 9144 70%
 
2019-03-31__16:50:44 1 / 29899 9123	 69%
2019-03-31__16:50:44 1 /boot 42 21	 51%
2019-03-31__16:50:44 0 disk 29941 9144 70%
 
2019-03-31__16:51:44 1 / 29899 9123	 69%
2019-03-31__16:51:44 1 /boot 42 21	 51%
2019-03-31__16:51:44 0 disk 29941 9144 70%
 
2019-03-31__16:52:44 1 / 29899 9123	 69%
2019-03-31__16:52:44 1 /boot 42 21	 51%
2019-03-31__16:52:44 0 disk 29941 9144 70%
 
2019-03-31__16:53:44 1 / 29899 9123	 69%
2019-03-31__16:53:44 1 /boot 42 21	 51%
2019-03-31__16:53:44 0 disk 29941 9144 70%
 
2019-03-31__16:54:44 1 / 29899 9123	 69%
2019-03-31__16:54:44 1 /boot 42 21	 51%
2019-03-31__16:54:44 0 disk 29941 9144 70%
 
