2019-03-26__18:49:07 2.01 2.06 2.03 76.89 66.60°C note
2019-03-26__18:49:13 2.01 2.06 2.03 50.50 67.67°C note
2019-03-26__18:49:18 2.01 2.06 2.03 50.99 67.14°C note
2019-03-26__18:49:24 2.01 2.06 2.02 50.26 66.60°C note
2019-03-26__18:49:29 2.01 2.06 2.02 51.24 66.60°C note
2019-03-26__18:49:35 2.01 2.06 2.02 50.50 66.60°C note
2019-03-26__18:49:40 2.01 2.05 2.02 50.99 66.60°C note
2019-03-26__18:49:46 2.01 2.05 2.02 51.46 66.60°C note
2019-03-26__18:49:52 2.00 2.05 2.02 50.97 66.60°C note
2019-03-26__18:49:57 2.00 2.05 2.02 53.66 66.60°C note
2019-03-26__18:53:01 2.00 2.02 2.00 82.63 67.14°C note
2019-03-26__18:53:07 2.00 2.02 2.00 50.74 67.14°C note
2019-03-26__18:53:12 2.00 2.02 2.00 50.74 67.67°C note
2019-03-26__18:53:18 2.00 2.02 2.00 50.99 67.67°C note
2019-03-26__18:53:23 2.00 2.02 2.00 50.74 66.60°C note
2019-03-26__18:53:29 2.00 2.02 2.00 50.74 67.67°C note
2019-03-26__18:53:35 2.00 2.02 2.00 52.71 67.67°C note
2019-03-26__18:53:40 2.00 2.02 2.00 50.99 66.60°C note
2019-03-26__18:53:46 2.00 2.02 2.00 50.50 66.60°C note
2019-03-26__18:53:51 2.00 2.02 2.00 52.95 66.60°C note
2019-03-26__18:53:57 2.00 2.02 2.00 50.50 66.60°C note
2019-03-26__18:54:02 2.00 2.02 2.00 59.12 67.67°C note
2019-03-26__18:54:08 2.00 2.02 2.00 50.50 67.14°C note
2019-03-26__18:54:14 2.00 2.01 2.00 50.74 67.14°C note
2019-03-26__18:54:19 2.00 2.01 2.00 57.57 66.60°C note
2019-03-26__18:54:25 2.00 2.01 2.00 55.67 67.14°C note
2019-03-26__18:54:30 2.00 2.01 2.00 50.99 66.60°C note
2019-03-26__18:54:36 2.00 2.01 2.00 52.98 66.60°C note
2019-03-26__18:54:41 2.00 2.01 2.00 50.74 67.67°C note
2019-03-26__18:54:47 2.00 2.01 2.00 52.98 66.60°C note
2019-03-26__19:38:27 2.14 2.10 2.05 79.54 67.14°C note
2019-03-26__19:38:32 2.12 2.10 2.05 51.45 66.60°C note
2019-03-26__19:38:38 2.11 2.10 2.05 50.99 66.60°C note
2019-03-26__19:38:43 2.10 2.10 2.05 50.74 66.06°C note
2019-03-26__19:38:49 2.10 2.10 2.05 50.74 67.14°C note
2019-03-26__19:38:55 2.09 2.09 2.05 51.73 66.60°C note
2019-03-26__19:39:00 2.08 2.09 2.05 50.50 66.60°C note
2019-03-26__19:39:06 2.07 2.09 2.05 50.74 66.60°C note
2019-03-26__19:39:11 2.07 2.09 2.05 50.99 66.60°C note
2019-03-26__19:39:17 2.06 2.08 2.05 53.44 66.60°C note
2019-03-26__19:39:22 2.05 2.08 2.04 50.74 67.14°C note
2019-03-26__19:39:28 2.05 2.08 2.04 57.72 67.67°C note
2019-03-26__19:39:34 2.04 2.08 2.04 50.74 66.60°C note
2019-03-26__19:39:39 2.04 2.08 2.04 50.50 66.60°C note
2019-03-26__19:39:45 2.04 2.08 2.04 50.50 66.60°C note
2019-03-26__19:42:08 2.17 2.14 2.07 75.63 66.60°C note
2019-03-26__19:42:14 2.16 2.14 2.07 51.48 67.67°C note
2019-03-26__19:42:19 2.15 2.14 2.07 52.69 67.67°C note
2019-03-26__19:42:25 2.13 2.13 2.07 51.48 66.60°C note
2019-03-26__19:42:30 2.12 2.13 2.07 51.22 67.67°C note
2019-03-26__19:42:36 2.11 2.13 2.07 51.68 66.60°C note
2019-03-26__19:42:42 2.10 2.13 2.07 50.00 67.67°C note
2019-03-26__19:42:47 2.09 2.12 2.07 50.50 66.60°C note
2019-03-26__19:42:53 2.08 2.12 2.07 50.74 66.60°C note
2019-03-26__19:42:58 2.07 2.12 2.07 53.44 66.60°C note
2019-03-26__19:43:04 2.15 2.13 2.07 50.74 66.60°C note
2019-03-26__19:43:09 2.14 2.13 2.07 56.59 67.14°C note
2019-03-26__19:43:15 2.12 2.13 2.07 51.24 67.14°C note
2019-03-26__19:43:21 2.11 2.12 2.07 50.74 67.14°C note
2019-03-26__19:43:26 2.10 2.12 2.07 50.74 67.14°C note
2019-03-26__19:43:32 2.10 2.12 2.07 50.74 66.60°C note
2019-03-26__19:43:37 2.08 2.12 2.07 51.70 67.14°C note
2019-03-26__19:43:43 2.07 2.11 2.07 52.20 67.67°C note
2019-03-26__19:43:48 2.07 2.11 2.07 52.20 66.60°C note
2019-03-26__19:43:54 2.06 2.11 2.07 54.11 67.14°C note
2019-03-26__19:44:00 2.06 2.11 2.07 50.74 67.14°C note
2019-03-26__19:44:05 2.05 2.11 2.07 50.74 67.14°C note
2019-03-26__19:44:11 2.05 2.10 2.07 50.74 67.67°C note
2019-03-26__19:44:16 2.04 2.10 2.07 50.74 66.60°C note
2019-03-26__19:44:22 2.04 2.10 2.07 50.99 66.60°C note
2019-03-26__19:44:27 2.03 2.10 2.07 50.99 66.60°C note
2019-03-26__19:44:33 2.03 2.09 2.06 50.50 67.14°C note
2019-03-26__19:44:39 2.03 2.09 2.06 58.34 67.14°C note
2019-03-26__19:44:44 2.02 2.09 2.06 65.52 67.14°C note
2019-03-26__19:44:50 2.02 2.09 2.06 51.24 67.67°C note
2019-03-26__19:52:19 2.06 2.07 2.05 75.50 67.14°C note
2019-03-26__19:52:24 2.05 2.07 2.05 52.74 67.14°C note
2019-03-26__19:52:30 2.05 2.07 2.05 50.50 67.14°C note
2019-03-26__19:52:35 2.04 2.07 2.05 50.50 66.60°C note
2019-03-26__19:52:41 2.04 2.07 2.05 51.21 66.60°C note
2019-03-26__19:52:47 2.04 2.07 2.05 52.71 67.67°C note
2019-03-26__19:52:52 2.03 2.07 2.05 51.49 67.67°C note
2019-03-26__19:52:58 2.03 2.06 2.05 51.20 67.14°C note
2019-03-26__19:53:03 2.02 2.06 2.05 50.25 67.67°C note
2019-03-26__19:53:09 2.02 2.06 2.05 52.50 67.67°C note
2019-03-26__19:53:14 2.02 2.06 2.05 52.46 67.67°C note
2019-03-26__19:53:20 2.02 2.06 2.05 57.43 67.67°C note
2019-03-26__19:53:26 2.02 2.06 2.05 50.74 67.67°C note
2019-03-26__19:53:31 2.02 2.06 2.05 50.74 67.67°C note
2019-03-26__19:53:37 2.01 2.05 2.05 50.74 67.14°C note
2019-03-26__19:53:42 2.09 2.07 2.05 50.74 67.67°C note
2019-03-26__19:53:48 2.08 2.07 2.05 50.25 67.14°C note
2019-03-26__19:53:53 2.07 2.07 2.05 71.65 67.67°C note
2019-03-26__19:53:59 2.07 2.06 2.05 50.50 67.67°C note
2019-03-26__19:54:05 2.06 2.06 2.05 53.21 66.60°C note
2019-03-26__19:54:10 2.06 2.06 2.05 50.74 67.67°C note
2019-03-26__19:54:16 2.05 2.06 2.05 50.99 66.60°C note
2019-03-26__19:54:21 2.05 2.06 2.05 50.74 67.67°C note
2019-03-26__19:54:27 2.04 2.06 2.05 50.74 66.60°C note
2019-03-26__19:54:32 2.04 2.06 2.05 50.99 67.14°C note
2019-03-26__19:54:38 2.04 2.06 2.05 50.74 67.67°C note
2019-03-26__19:54:44 2.03 2.05 2.05 50.74 67.14°C note
2019-03-26__19:54:49 2.03 2.05 2.05 50.74 67.14°C note
2019-03-26__19:54:55 2.02 2.05 2.04 55.95 67.14°C note
2019-03-26__19:55:00 2.02 2.05 2.04 53.21 67.67°C note
2019-03-26__19:55:06 2.02 2.05 2.04 59.03 67.67°C note
2019-03-26__19:55:11 2.02 2.05 2.04 50.50 67.67°C note
2019-03-26__19:55:17 2.02 2.05 2.04 51.97 66.60°C note
2019-03-26__19:55:23 2.02 2.05 2.04 51.93 67.67°C note
2019-03-26__19:55:28 2.01 2.05 2.04 50.50 68.21°C note
2019-03-26__19:55:34 2.01 2.04 2.04 50.74 67.67°C note
2019-03-26__19:55:39 2.01 2.04 2.04 51.73 67.14°C note
2019-03-26__19:55:45 2.01 2.04 2.04 50.74 67.14°C note
2019-03-26__19:55:50 2.01 2.04 2.04 53.21 67.14°C note
2019-03-26__19:55:56 2.01 2.04 2.04 50.74 67.67°C note
2019-03-26__19:56:02 2.01 2.04 2.04 57.64 67.67°C note
2019-03-26__19:56:07 2.01 2.04 2.04 75.63 67.14°C note
2019-03-26__19:56:13 2.00 2.04 2.04 50.99 67.14°C note
2019-03-26__19:56:18 2.00 2.04 2.04 52.22 66.60°C note
2019-03-26__19:56:24 2.00 2.03 2.04 52.64 67.14°C note
2019-03-26__19:56:29 2.00 2.03 2.04 50.50 67.67°C note
2019-03-26__19:56:35 2.00 2.03 2.04 50.50 67.67°C note
2019-03-26__19:56:40 2.00 2.03 2.03 52.95 67.14°C note
2019-03-26__19:56:46 2.00 2.03 2.03 50.74 66.60°C note
2019-03-26__19:56:52 2.08 2.05 2.04 50.50 67.67°C note
2019-03-26__19:56:57 2.24 2.08 2.05 50.74 67.67°C note
2019-03-26__19:57:03 2.22 2.08 2.05 50.74 67.67°C note
2019-03-26__19:57:08 2.20 2.08 2.05 56.29 66.60°C note
2019-03-26__19:57:14 2.17 2.07 2.05 53.70 67.67°C note
2019-03-26__19:57:19 2.15 2.07 2.05 51.00 67.14°C note
2019-03-26__19:57:25 2.38 2.12 2.06 52.48 67.67°C note
2019-03-26__19:57:31 2.35 2.12 2.06 50.50 67.14°C note
2019-03-26__19:57:36 2.32 2.12 2.06 52.98 67.67°C note
2019-03-26__19:57:42 2.30 2.11 2.06 50.99 66.60°C note
2019-03-26__19:57:47 2.27 2.11 2.06 50.74 67.14°C note
2019-03-26__19:58:16 2.16 2.10 2.06 77.62 67.67°C note
2019-03-26__19:58:21 2.15 2.10 2.06 50.74 66.60°C note
2019-03-26__19:58:27 2.14 2.10 2.06 50.74 66.60°C note
2019-03-26__19:58:33 2.13 2.09 2.06 50.74 66.60°C note
2019-03-26__19:58:38 2.12 2.09 2.06 50.74 66.60°C note
2019-03-26__19:58:44 2.10 2.09 2.06 50.74 66.60°C note
2019-03-26__19:58:49 2.09 2.09 2.06 50.50 67.67°C note
2019-03-26__19:58:55 2.08 2.08 2.06 50.99 67.67°C note
2019-03-26__19:59:00 2.08 2.08 2.05 50.74 67.14°C note
2019-03-26__19:59:06 2.07 2.08 2.05 53.66 67.14°C note
2019-03-26__19:59:12 2.06 2.08 2.05 50.74 67.67°C note
2019-03-26__19:59:17 2.06 2.08 2.05 59.12 67.14°C note
2019-03-26__19:59:23 2.05 2.08 2.05 50.00 67.14°C note
2019-03-26__19:59:28 2.05 2.08 2.05 50.74 67.67°C note
2019-03-26__19:59:34 2.04 2.07 2.05 50.74 67.14°C note
2019-03-26__19:59:39 2.04 2.07 2.05 50.50 66.60°C note
2019-03-26__19:59:45 2.03 2.07 2.05 50.50 66.60°C note
2019-03-26__19:59:51 2.03 2.07 2.05 50.74 66.60°C note
2019-03-26__19:59:56 2.03 2.07 2.05 50.50 66.60°C note
2019-03-26__20:00:02 2.03 2.07 2.05 52.95 66.60°C note
2019-03-26__20:00:07 2.02 2.06 2.05 62.19 66.60°C note
2019-03-26__20:00:13 2.02 2.06 2.05 50.74 67.14°C note
2019-03-26__20:00:18 2.02 2.06 2.05 50.74 67.67°C note
2019-03-26__20:00:24 2.02 2.06 2.05 50.50 66.60°C note
2019-03-26__20:00:30 2.02 2.06 2.05 50.74 66.60°C note
2019-03-26__20:00:35 2.01 2.06 2.05 50.99 66.60°C note
2019-03-26__20:00:41 2.01 2.06 2.04 50.74 66.60°C note
2019-03-26__20:00:46 2.01 2.05 2.04 50.74 66.60°C note
2019-03-26__20:00:52 2.17 2.09 2.06 53.89 67.67°C note
2019-03-26__20:00:57 2.16 2.09 2.05 50.26 66.60°C note
2019-03-26__20:01:03 2.14 2.08 2.05 50.74 67.67°C note
2019-03-26__20:01:09 2.13 2.08 2.05 50.99 67.14°C note
2019-03-26__20:01:14 2.11 2.08 2.05 50.99 67.14°C note
2019-03-26__20:01:20 2.18 2.10 2.06 50.74 67.67°C note
2019-03-26__20:01:25 2.17 2.09 2.06 50.74 66.60°C note
2019-03-26__20:01:31 2.15 2.09 2.06 51.48 67.14°C note
2019-03-26__20:01:36 2.14 2.09 2.06 50.74 66.60°C note
2019-03-26__20:01:42 2.13 2.09 2.06 50.74 66.60°C note
2019-03-26__20:01:48 2.12 2.09 2.06 53.24 67.14°C note
2019-03-26__20:01:53 2.11 2.08 2.06 51.00 67.67°C note
2019-03-26__20:01:59 2.10 2.08 2.05 50.74 67.14°C note
2019-03-26__20:02:04 2.08 2.08 2.05 51.97 66.60°C note
2019-03-26__20:02:10 2.08 2.08 2.05 51.00 66.60°C note
2019-03-26__20:02:15 2.07 2.08 2.05 50.74 66.60°C note
2019-03-26__20:02:21 2.07 2.08 2.05 50.74 67.67°C note
2019-03-26__20:02:27 2.06 2.07 2.05 51.24 66.60°C note
2019-03-26__20:02:32 2.06 2.07 2.05 50.99 66.60°C note
2019-03-26__20:02:38 2.05 2.07 2.05 52.89 67.14°C note
2019-03-26__20:02:43 2.05 2.07 2.05 50.74 66.60°C note
2019-03-26__20:02:49 2.04 2.07 2.05 51.70 66.60°C note
2019-03-26__20:04:24 2.18 2.10 2.06 81.78 67.67°C note
2019-03-26__20:04:30 2.45 2.17 2.08 51.22 67.67°C note
2019-03-26__20:04:35 2.57 2.20 2.10 50.99 67.67°C note
2019-03-26__20:04:41 2.53 2.19 2.09 50.74 67.67°C note
2019-03-26__20:04:47 2.48 2.19 2.09 50.50 67.14°C note
2019-03-26__20:04:52 2.44 2.19 2.09 50.50 67.67°C note
2019-03-26__20:04:58 2.41 2.18 2.09 51.45 67.67°C note
2019-03-26__20:05:03 2.38 2.18 2.09 50.50 67.67°C note
2019-03-26__20:05:09 2.35 2.18 2.09 50.74 67.14°C note
2019-03-26__20:05:14 2.32 2.17 2.09 55.45 66.60°C note
2019-03-26__20:05:20 2.34 2.18 2.09 50.74 67.67°C note
2019-03-26__20:05:26 2.39 2.20 2.10 58.92 67.67°C note
2019-03-26__20:05:31 2.36 2.19 2.10 50.00 67.14°C note
2019-03-26__20:05:37 2.33 2.19 2.10 50.74 67.14°C note
2019-03-26__20:05:42 2.31 2.19 2.10 50.74 66.60°C note
2019-03-26__20:05:48 2.28 2.18 2.10 50.74 67.14°C note
2019-03-26__20:05:53 2.26 2.18 2.09 51.21 67.14°C note
2019-03-26__20:05:59 2.24 2.18 2.09 50.74 67.14°C note
2019-03-26__20:06:05 2.38 2.21 2.10 52.22 66.60°C note
2019-03-26__20:06:10 2.39 2.22 2.11 50.99 67.14°C note
2019-03-26__20:06:16 2.36 2.21 2.11 51.46 67.67°C note
2019-03-26__20:06:21 2.33 2.21 2.11 50.50 67.14°C note
2019-03-26__20:06:27 2.39 2.22 2.11 50.74 67.67°C note
2019-03-26__20:06:32 2.36 2.22 2.11 50.74 67.67°C note
2019-03-26__20:06:38 2.33 2.21 2.11 50.99 67.67°C note
2019-03-26__20:06:44 2.30 2.21 2.11 50.74 67.67°C note
2019-03-26__20:06:49 2.28 2.21 2.11 50.99 67.14°C note
2019-03-26__20:06:55 2.33 2.22 2.11 52.69 67.14°C note
2019-03-26__20:07:00 2.28 2.21 2.11 50.74 67.67°C note
2019-03-26__20:07:06 2.26 2.21 2.11 50.74 67.67°C note
2019-03-31__15:23:40 0.12 0.07 0.04 7.93 49.38°C normal
2019-03-31__15:23:46 0.11 0.06 0.04 1.47 49.38°C normal
2019-03-31__15:23:52 0.10 0.06 0.04 1.46 49.38°C normal
2019-03-31__15:23:57 0.09 0.06 0.04 0.49 48.31°C normal
2019-03-31__15:24:03 0.08 0.06 0.04 1.47 49.38°C normal
2019-03-31__15:24:09 0.08 0.06 0.04 1.47 49.38°C normal
2019-03-31__15:24:14 0.07 0.06 0.04 0.50 49.38°C normal
2019-03-31__15:24:20 0.06 0.06 0.04 0.98 49.38°C normal
2019-03-31__15:24:25 0.06 0.05 0.04 2.41 49.38°C normal
2019-03-31__15:24:31 0.05 0.05 0.04 6.32 49.38°C normal
2019-03-31__15:24:37 0.05 0.05 0.04 1.46 49.38°C normal
2019-03-31__15:24:42 0.04 0.05 0.04 0.50 49.38°C normal
2019-03-31__15:24:48 0.04 0.05 0.04 1.47 49.38°C normal
2019-03-31__15:24:54 0.04 0.05 0.04 1.46 49.38°C normal
2019-03-31__15:24:59 0.03 0.05 0.03 0.50 49.38°C normal
2019-03-31__15:25:05 0.03 0.05 0.03 1.94 49.38°C normal
2019-03-31__15:25:10 0.02 0.05 0.03 11.71 48.85°C normal
2019-03-31__15:25:16 0.02 0.04 0.03 1.46 49.38°C normal
2019-03-31__15:25:22 0.02 0.04 0.03 5.42 49.38°C normal
2019-03-31__15:25:27 0.10 0.06 0.04 0.50 49.38°C normal
2019-03-31__15:26:04 0.05 0.05 0.03 7.36 49.38°C normal
2019-03-31__15:26:09 0.05 0.05 0.03 1.46 49.38°C normal
2019-03-31__15:26:15 0.04 0.05 0.03 0.99 49.38°C normal
2019-03-31__15:26:20 0.04 0.05 0.03 1.46 49.38°C normal
2019-03-31__15:26:26 0.03 0.05 0.03 0.97 49.38°C normal
2019-03-31__15:26:32 0.03 0.05 0.03 1.47 48.31°C normal
2019-03-31__15:26:37 0.03 0.05 0.03 10.68 49.38°C normal
2019-03-31__15:26:43 0.03 0.04 0.03 2.92 49.38°C normal
2019-03-31__15:26:49 0.02 0.04 0.03 2.41 49.38°C normal
2019-03-31__15:26:54 0.02 0.04 0.03 5.86 49.38°C normal
2019-03-31__15:27:00 0.02 0.04 0.03 1.46 49.38°C normal
2019-03-31__15:27:05 0.02 0.04 0.03 0.50 50.46°C note
2019-03-31__15:27:11 0.02 0.04 0.03 1.46 49.38°C normal
2019-03-31__15:27:17 0.01 0.04 0.03 0.98 49.38°C normal
2019-03-31__15:27:22 0.01 0.04 0.03 1.94 49.92°C normal
2019-03-31__15:27:28 0.01 0.04 0.03 1.95 49.38°C normal
2019-03-31__15:27:33 0.09 0.05 0.03 10.06 49.38°C normal
2019-03-31__15:27:39 0.08 0.05 0.03 1.47 49.38°C normal
2019-03-31__15:27:45 0.08 0.05 0.03 5.86 49.38°C normal
2019-03-31__15:27:50 0.14 0.06 0.04 0.50 49.38°C normal
2019-03-31__15:27:56 0.13 0.06 0.03 1.95 49.38°C normal
2019-03-31__15:28:02 0.12 0.06 0.03 6.94 49.38°C normal
2019-03-31__15:28:07 0.11 0.06 0.03 0.98 49.38°C normal
2019-03-31__15:28:13 0.10 0.06 0.03 1.46 49.38°C normal
2019-03-31__15:28:18 0.09 0.06 0.03 0.49 49.38°C normal
