2019-03-26__18:49:07 1 / 29899 11023	 62%
2019-03-26__18:49:07 1 /boot 42 21	 51%
2019-03-26__18:49:07 0 disk 29941 11044 64%
 
2019-03-26__18:53:01 1 / 29899 11023	 62%
2019-03-26__18:53:01 1 /boot 42 21	 51%
2019-03-26__18:53:01 0 disk 29941 11044 64%
 
2019-03-26__18:54:01 1 / 29899 11023	 62%
2019-03-26__18:54:01 1 /boot 42 21	 51%
2019-03-26__18:54:01 0 disk 29941 11044 64%
 
2019-03-26__19:38:27 1 / 29899 11025	 62%
2019-03-26__19:38:27 1 /boot 42 21	 51%
2019-03-26__19:38:27 0 disk 29941 11046 64%
 
2019-03-26__19:42:08 1 / 29899 11024	 62%
2019-03-26__19:42:08 1 /boot 42 21	 51%
2019-03-26__19:42:08 0 disk 29941 11045 64%
 
2019-03-26__19:43:08 1 / 29899 11024	 62%
2019-03-26__19:43:08 1 /boot 42 21	 51%
2019-03-26__19:43:08 0 disk 29941 11045 64%
 
2019-03-26__19:44:08 1 / 29899 11024	 62%
2019-03-26__19:44:08 1 /boot 42 21	 51%
2019-03-26__19:44:08 0 disk 29941 11045 64%
 
2019-03-26__19:52:19 1 / 29899 11024	 62%
2019-03-26__19:52:19 1 /boot 42 21	 51%
2019-03-26__19:52:19 0 disk 29941 11045 64%
 
2019-03-26__19:53:19 1 / 29899 11024	 62%
2019-03-26__19:53:19 1 /boot 42 21	 51%
2019-03-26__19:53:19 0 disk 29941 11045 64%
 
2019-03-26__19:54:19 1 / 29899 11024	 62%
2019-03-26__19:54:19 1 /boot 42 21	 51%
2019-03-26__19:54:19 0 disk 29941 11045 64%
 
2019-03-26__19:55:19 1 / 29899 11024	 62%
2019-03-26__19:55:19 1 /boot 42 21	 51%
2019-03-26__19:55:19 0 disk 29941 11045 64%
 
2019-03-26__19:56:19 1 / 29899 11024	 62%
2019-03-26__19:56:19 1 /boot 42 21	 51%
2019-03-26__19:56:19 0 disk 29941 11045 64%
 
2019-03-26__19:58:16 1 / 29899 11024	 62%
2019-03-26__19:58:16 1 /boot 42 21	 51%
2019-03-26__19:58:16 0 disk 29941 11045 64%
 
2019-03-26__19:59:16 1 / 29899 11024	 62%
2019-03-26__19:59:16 1 /boot 42 21	 51%
2019-03-26__19:59:16 0 disk 29941 11045 64%
 
2019-03-26__20:00:16 1 / 29899 11024	 62%
2019-03-26__20:00:16 1 /boot 42 21	 51%
2019-03-26__20:00:16 0 disk 29941 11045 64%
 
2019-03-26__20:01:16 1 / 29899 11024	 62%
2019-03-26__20:01:16 1 /boot 42 21	 51%
2019-03-26__20:01:16 0 disk 29941 11045 64%
 
2019-03-26__20:04:24 1 / 29899 11024	 62%
2019-03-26__20:04:24 1 /boot 42 21	 51%
2019-03-26__20:04:24 0 disk 29941 11045 64%
 
2019-03-26__20:05:24 1 / 29899 11024	 62%
2019-03-26__20:05:24 1 /boot 42 21	 51%
2019-03-26__20:05:24 0 disk 29941 11045 64%
 
2019-03-31__15:23:40 1 / 29899 10288	 65%
2019-03-31__15:23:40 1 /boot 42 21	 51%
2019-03-31__15:23:40 0 disk 29941 10309 66%
 
2019-03-31__15:26:04 1 / 29899 10288	 65%
2019-03-31__15:26:04 1 /boot 42 21	 51%
2019-03-31__15:26:04 0 disk 29941 10309 66%
 
2019-03-31__15:27:04 1 / 29899 10288	 65%
2019-03-31__15:27:04 1 /boot 42 21	 51%
2019-03-31__15:27:04 0 disk 29941 10309 66%
 
